<?xml version="1.0" encoding="UTF-8"?>
<testsuite xmlns:xsi="http://www.w3.org/2001/XMLSchema-instance" xsi:noNamespaceSchemaLocation="https://maven.apache.org/surefire/maven-failsafe-plugin/xsd/failsafe-test-report.xsd" name="com.diana.integration.ServiceAndDAOIntegration" time="0.109" tests="3" errors="3" skipped="0" failures="0">
  <properties>
    <property name="sun.desktop" value="windows"/>
    <property name="awt.toolkit" value="sun.awt.windows.WToolkit"/>
    <property name="java.specification.version" value="11"/>
    <property name="sun.cpu.isalist" value="amd64"/>
    <property name="sun.jnu.encoding" value="Cp1251"/>
    <property name="java.class.path" value="C:\Users\ishipitc\IdeaProjects\TestThang\target\test-classes;C:\Users\ishipitc\IdeaProjects\TestThang\target\classes;C:\Users\ishipitc\.m2\repository\org\springframework\spring-context-support\5.1.9.RELEASE\spring-context-support-5.1.9.RELEASE.jar;C:\Users\ishipitc\.m2\repository\org\springframework\spring-beans\5.1.9.RELEASE\spring-beans-5.1.9.RELEASE.jar;C:\Users\ishipitc\.m2\repository\org\springframework\spring-context\5.1.9.RELEASE\spring-context-5.1.9.RELEASE.jar;C:\Users\ishipitc\.m2\repository\org\springframework\spring-core\5.1.9.RELEASE\spring-core-5.1.9.RELEASE.jar;C:\Users\ishipitc\.m2\repository\org\springframework\spring-jcl\5.1.9.RELEASE\spring-jcl-5.1.9.RELEASE.jar;C:\Users\ishipitc\.m2\repository\org\springframework\spring-webmvc\5.1.9.RELEASE\spring-webmvc-5.1.9.RELEASE.jar;C:\Users\ishipitc\.m2\repository\org\springframework\spring-aop\5.1.9.RELEASE\spring-aop-5.1.9.RELEASE.jar;C:\Users\ishipitc\.m2\repository\org\springframework\spring-expression\5.1.9.RELEASE\spring-expression-5.1.9.RELEASE.jar;C:\Users\ishipitc\.m2\repository\org\springframework\spring-web\5.1.9.RELEASE\spring-web-5.1.9.RELEASE.jar;C:\Users\ishipitc\.m2\repository\org\springframework\spring-orm\5.1.9.RELEASE\spring-orm-5.1.9.RELEASE.jar;C:\Users\ishipitc\.m2\repository\org\springframework\spring-jdbc\5.1.9.RELEASE\spring-jdbc-5.1.9.RELEASE.jar;C:\Users\ishipitc\.m2\repository\org\springframework\spring-tx\5.1.9.RELEASE\spring-tx-5.1.9.RELEASE.jar;C:\Users\ishipitc\.m2\repository\org\springframework\spring-test\5.1.9.RELEASE\spring-test-5.1.9.RELEASE.jar;C:\Users\ishipitc\.m2\repository\com\github\springtestdbunit\spring-test-dbunit\1.3.0\spring-test-dbunit-1.3.0.jar;C:\Users\ishipitc\.m2\repository\org\hibernate\hibernate-core\5.4.3.Final\hibernate-core-5.4.3.Final.jar;C:\Users\ishipitc\.m2\repository\org\jboss\logging\jboss-logging\3.3.2.Final\jboss-logging-3.3.2.Final.jar;C:\Users\ishipitc\.m2\repository\javax\persistence\javax.persistence-api\2.2\javax.persistence-api-2.2.jar;C:\Users\ishipitc\.m2\repository\org\javassist\javassist\3.24.0-GA\javassist-3.24.0-GA.jar;C:\Users\ishipitc\.m2\repository\net\bytebuddy\byte-buddy\1.9.10\byte-buddy-1.9.10.jar;C:\Users\ishipitc\.m2\repository\antlr\antlr\2.7.7\antlr-2.7.7.jar;C:\Users\ishipitc\.m2\repository\org\jboss\spec\javax\transaction\jboss-transaction-api_1.2_spec\1.1.1.Final\jboss-transaction-api_1.2_spec-1.1.1.Final.jar;C:\Users\ishipitc\.m2\repository\org\jboss\jandex\2.0.5.Final\jandex-2.0.5.Final.jar;C:\Users\ishipitc\.m2\repository\com\fasterxml\classmate\1.3.4\classmate-1.3.4.jar;C:\Users\ishipitc\.m2\repository\javax\activation\javax.activation-api\1.2.0\javax.activation-api-1.2.0.jar;C:\Users\ishipitc\.m2\repository\org\dom4j\dom4j\2.1.1\dom4j-2.1.1.jar;C:\Users\ishipitc\.m2\repository\org\hibernate\common\hibernate-commons-annotations\5.1.0.Final\hibernate-commons-annotations-5.1.0.Final.jar;C:\Users\ishipitc\.m2\repository\javax\xml\bind\jaxb-api\2.3.1\jaxb-api-2.3.1.jar;C:\Users\ishipitc\.m2\repository\org\glassfish\jaxb\jaxb-runtime\2.3.1\jaxb-runtime-2.3.1.jar;C:\Users\ishipitc\.m2\repository\org\glassfish\jaxb\txw2\2.3.1\txw2-2.3.1.jar;C:\Users\ishipitc\.m2\repository\com\sun\istack\istack-commons-runtime\3.0.7\istack-commons-runtime-3.0.7.jar;C:\Users\ishipitc\.m2\repository\org\jvnet\staxex\stax-ex\1.8\stax-ex-1.8.jar;C:\Users\ishipitc\.m2\repository\com\sun\xml\fastinfoset\FastInfoset\1.2.15\FastInfoset-1.2.15.jar;C:\Users\ishipitc\.m2\repository\org\hibernate\validator\hibernate-validator\6.0.17.Final\hibernate-validator-6.0.17.Final.jar;C:\Users\ishipitc\.m2\repository\javax\validation\validation-api\2.0.1.Final\validation-api-2.0.1.Final.jar;C:\Users\ishipitc\.m2\repository\org\hibernate\hibernate-ehcache\5.4.3.Final\hibernate-ehcache-5.4.3.Final.jar;C:\Users\ishipitc\.m2\repository\net\sf\ehcache\ehcache\2.10.6\ehcache-2.10.6.jar;C:\Users\ishipitc\.m2\repository\com\h2database\h2\1.4.199\h2-1.4.199.jar;C:\Users\ishipitc\.m2\repository\junit\junit\4.12\junit-4.12.jar;C:\Users\ishipitc\.m2\repository\org\hamcrest\hamcrest-core\1.3\hamcrest-core-1.3.jar;C:\Users\ishipitc\.m2\repository\org\mockito\mockito-core\3.0.0\mockito-core-3.0.0.jar;C:\Users\ishipitc\.m2\repository\net\bytebuddy\byte-buddy-agent\1.9.10\byte-buddy-agent-1.9.10.jar;C:\Users\ishipitc\.m2\repository\org\objenesis\objenesis\2.6\objenesis-2.6.jar;C:\Users\ishipitc\.m2\repository\org\dbunit\dbunit\2.6.0\dbunit-2.6.0.jar;C:\Users\ishipitc\.m2\repository\org\slf4j\slf4j-api\1.7.25\slf4j-api-1.7.25.jar;C:\Users\ishipitc\.m2\repository\commons-collections\commons-collections\3.2.2\commons-collections-3.2.2.jar;C:\Users\ishipitc\.m2\repository\org\apache\poi\poi-ooxml\3.17\poi-ooxml-3.17.jar;C:\Users\ishipitc\.m2\repository\org\apache\poi\poi\3.17\poi-3.17.jar;C:\Users\ishipitc\.m2\repository\commons-codec\commons-codec\1.10\commons-codec-1.10.jar;C:\Users\ishipitc\.m2\repository\org\apache\commons\commons-collections4\4.1\commons-collections4-4.1.jar;C:\Users\ishipitc\.m2\repository\org\apache\poi\poi-ooxml-schemas\3.17\poi-ooxml-schemas-3.17.jar;C:\Users\ishipitc\.m2\repository\org\apache\xmlbeans\xmlbeans\2.6.0\xmlbeans-2.6.0.jar;C:\Users\ishipitc\.m2\repository\stax\stax-api\1.0.1\stax-api-1.0.1.jar;C:\Users\ishipitc\.m2\repository\com\github\virtuald\curvesapi\1.04\curvesapi-1.04.jar;C:\Users\ishipitc\.m2\repository\postgresql\postgresql\8.4-701.jdbc3\postgresql-8.4-701.jdbc3.jar;C:\Users\ishipitc\.m2\repository\org\hamcrest\hamcrest-all\1.3\hamcrest-all-1.3.jar;C:\Users\ishipitc\.m2\repository\com\jayway\jsonpath\json-path\2.1.0\json-path-2.1.0.jar;C:\Users\ishipitc\.m2\repository\net\minidev\json-smart\2.2\json-smart-2.2.jar;C:\Users\ishipitc\.m2\repository\net\minidev\accessors-smart\1.1\accessors-smart-1.1.jar;C:\Users\ishipitc\.m2\repository\org\ow2\asm\asm\5.0.3\asm-5.0.3.jar;C:\Users\ishipitc\.m2\repository\com\jayway\jsonpath\json-path-assert\2.4.0\json-path-assert-2.4.0.jar;C:\Users\ishipitc\.m2\repository\org\hamcrest\hamcrest-library\1.3\hamcrest-library-1.3.jar;C:\Users\ishipitc\.m2\repository\org\glassfish\javax.el\3.0.1-b11\javax.el-3.0.1-b11.jar;C:\Users\ishipitc\.m2\repository\javax\servlet\javax.servlet-api\4.0.1\javax.servlet-api-4.0.1.jar;C:\Users\ishipitc\.m2\repository\jstl\jstl\1.2\jstl-1.2.jar;C:\Users\ishipitc\.m2\repository\com\fasterxml\jackson\core\jackson-core\2.10.0.pr3\jackson-core-2.10.0.pr3.jar;C:\Users\ishipitc\.m2\repository\com\fasterxml\jackson\core\jackson-databind\2.10.0.pr3\jackson-databind-2.10.0.pr3.jar;C:\Users\ishipitc\.m2\repository\com\fasterxml\jackson\core\jackson-annotations\2.10.0.pr3\jackson-annotations-2.10.0.pr3.jar;C:\Users\ishipitc\.m2\repository\ch\qos\logback\logback-classic\1.2.3\logback-classic-1.2.3.jar;C:\Users\ishipitc\.m2\repository\ch\qos\logback\logback-core\1.2.3\logback-core-1.2.3.jar;C:\Users\ishipitc\.m2\repository\org\seleniumhq\selenium\selenium-java\3.141.59\selenium-java-3.141.59.jar;C:\Users\ishipitc\.m2\repository\org\seleniumhq\selenium\selenium-api\3.141.59\selenium-api-3.141.59.jar;C:\Users\ishipitc\.m2\repository\org\seleniumhq\selenium\selenium-chrome-driver\3.141.59\selenium-chrome-driver-3.141.59.jar;C:\Users\ishipitc\.m2\repository\org\seleniumhq\selenium\selenium-edge-driver\3.141.59\selenium-edge-driver-3.141.59.jar;C:\Users\ishipitc\.m2\repository\org\seleniumhq\selenium\selenium-firefox-driver\3.141.59\selenium-firefox-driver-3.141.59.jar;C:\Users\ishipitc\.m2\repository\org\seleniumhq\selenium\selenium-ie-driver\3.141.59\selenium-ie-driver-3.141.59.jar;C:\Users\ishipitc\.m2\repository\org\seleniumhq\selenium\selenium-opera-driver\3.141.59\selenium-opera-driver-3.141.59.jar;C:\Users\ishipitc\.m2\repository\org\seleniumhq\selenium\selenium-remote-driver\3.141.59\selenium-remote-driver-3.141.59.jar;C:\Users\ishipitc\.m2\repository\org\seleniumhq\selenium\selenium-safari-driver\3.141.59\selenium-safari-driver-3.141.59.jar;C:\Users\ishipitc\.m2\repository\org\seleniumhq\selenium\selenium-support\3.141.59\selenium-support-3.141.59.jar;C:\Users\ishipitc\.m2\repository\org\apache\commons\commons-exec\1.3\commons-exec-1.3.jar;C:\Users\ishipitc\.m2\repository\com\google\guava\guava\25.0-jre\guava-25.0-jre.jar;C:\Users\ishipitc\.m2\repository\com\google\code\findbugs\jsr305\1.3.9\jsr305-1.3.9.jar;C:\Users\ishipitc\.m2\repository\org\checkerframework\checker-compat-qual\2.0.0\checker-compat-qual-2.0.0.jar;C:\Users\ishipitc\.m2\repository\com\google\errorprone\error_prone_annotations\2.1.3\error_prone_annotations-2.1.3.jar;C:\Users\ishipitc\.m2\repository\com\google\j2objc\j2objc-annotations\1.1\j2objc-annotations-1.1.jar;C:\Users\ishipitc\.m2\repository\org\codehaus\mojo\animal-sniffer-annotations\1.14\animal-sniffer-annotations-1.14.jar;C:\Users\ishipitc\.m2\repository\com\squareup\okhttp3\okhttp\3.11.0\okhttp-3.11.0.jar;C:\Users\ishipitc\.m2\repository\com\squareup\okio\okio\1.14.0\okio-1.14.0.jar;C:\Users\ishipitc\.m2\repository\org\eclipse\jetty\jetty-plus\9.4.20.v20190813\jetty-plus-9.4.20.v20190813.jar;C:\Users\ishipitc\.m2\repository\org\eclipse\jetty\jetty-webapp\9.4.20.v20190813\jetty-webapp-9.4.20.v20190813.jar;C:\Users\ishipitc\.m2\repository\org\eclipse\jetty\jetty-xml\9.4.20.v20190813\jetty-xml-9.4.20.v20190813.jar;C:\Users\ishipitc\.m2\repository\org\eclipse\jetty\jetty-servlet\9.4.20.v20190813\jetty-servlet-9.4.20.v20190813.jar;C:\Users\ishipitc\.m2\repository\org\eclipse\jetty\jetty-security\9.4.20.v20190813\jetty-security-9.4.20.v20190813.jar;C:\Users\ishipitc\.m2\repository\org\eclipse\jetty\jetty-server\9.4.20.v20190813\jetty-server-9.4.20.v20190813.jar;C:\Users\ishipitc\.m2\repository\org\eclipse\jetty\jetty-http\9.4.20.v20190813\jetty-http-9.4.20.v20190813.jar;C:\Users\ishipitc\.m2\repository\org\eclipse\jetty\jetty-io\9.4.20.v20190813\jetty-io-9.4.20.v20190813.jar;C:\Users\ishipitc\.m2\repository\org\eclipse\jetty\jetty-jndi\9.4.20.v20190813\jetty-jndi-9.4.20.v20190813.jar;C:\Users\ishipitc\.m2\repository\org\eclipse\jetty\jetty-util\9.4.20.v20190813\jetty-util-9.4.20.v20190813.jar;"/>
    <property name="java.vm.vendor" value="JetBrains s.r.o"/>
    <property name="sun.arch.data.model" value="64"/>
    <property name="user.variant" value=""/>
    <property name="java.vendor.url" value="https://www.jetbrains.com/"/>
    <property name="user.timezone" value="Europe/Moscow"/>
    <property name="user.country.format" value="RU"/>
    <property name="java.vm.specification.version" value="11"/>
    <property name="os.name" value="Windows 10"/>
    <property name="sun.java.launcher" value="SUN_STANDARD"/>
    <property name="user.country" value="US"/>
    <property name="sun.boot.library.path" value="C:\Users\ishipitc\AppData\Local\JetBrains\IntelliJ IDEA 2019.2.3\jbr\bin"/>
    <property name="sun.java.command" value="C:\Users\ishipitc\AppData\Local\Temp\surefire8658286820293660479\surefirebooter9111991869979355190.jar C:\Users\ishipitc\AppData\Local\Temp\surefire8658286820293660479 2019-10-29T13-11-29_790-jvmRun1 surefire12347639040124974593tmp surefire_02366849645911028774tmp"/>
    <property name="jdk.debug" value="release"/>
    <property name="surefire.test.class.path" value="C:\Users\ishipitc\IdeaProjects\TestThang\target\test-classes;C:\Users\ishipitc\IdeaProjects\TestThang\target\classes;C:\Users\ishipitc\.m2\repository\org\springframework\spring-context-support\5.1.9.RELEASE\spring-context-support-5.1.9.RELEASE.jar;C:\Users\ishipitc\.m2\repository\org\springframework\spring-beans\5.1.9.RELEASE\spring-beans-5.1.9.RELEASE.jar;C:\Users\ishipitc\.m2\repository\org\springframework\spring-context\5.1.9.RELEASE\spring-context-5.1.9.RELEASE.jar;C:\Users\ishipitc\.m2\repository\org\springframework\spring-core\5.1.9.RELEASE\spring-core-5.1.9.RELEASE.jar;C:\Users\ishipitc\.m2\repository\org\springframework\spring-jcl\5.1.9.RELEASE\spring-jcl-5.1.9.RELEASE.jar;C:\Users\ishipitc\.m2\repository\org\springframework\spring-webmvc\5.1.9.RELEASE\spring-webmvc-5.1.9.RELEASE.jar;C:\Users\ishipitc\.m2\repository\org\springframework\spring-aop\5.1.9.RELEASE\spring-aop-5.1.9.RELEASE.jar;C:\Users\ishipitc\.m2\repository\org\springframework\spring-expression\5.1.9.RELEASE\spring-expression-5.1.9.RELEASE.jar;C:\Users\ishipitc\.m2\repository\org\springframework\spring-web\5.1.9.RELEASE\spring-web-5.1.9.RELEASE.jar;C:\Users\ishipitc\.m2\repository\org\springframework\spring-orm\5.1.9.RELEASE\spring-orm-5.1.9.RELEASE.jar;C:\Users\ishipitc\.m2\repository\org\springframework\spring-jdbc\5.1.9.RELEASE\spring-jdbc-5.1.9.RELEASE.jar;C:\Users\ishipitc\.m2\repository\org\springframework\spring-tx\5.1.9.RELEASE\spring-tx-5.1.9.RELEASE.jar;C:\Users\ishipitc\.m2\repository\org\springframework\spring-test\5.1.9.RELEASE\spring-test-5.1.9.RELEASE.jar;C:\Users\ishipitc\.m2\repository\com\github\springtestdbunit\spring-test-dbunit\1.3.0\spring-test-dbunit-1.3.0.jar;C:\Users\ishipitc\.m2\repository\org\hibernate\hibernate-core\5.4.3.Final\hibernate-core-5.4.3.Final.jar;C:\Users\ishipitc\.m2\repository\org\jboss\logging\jboss-logging\3.3.2.Final\jboss-logging-3.3.2.Final.jar;C:\Users\ishipitc\.m2\repository\javax\persistence\javax.persistence-api\2.2\javax.persistence-api-2.2.jar;C:\Users\ishipitc\.m2\repository\org\javassist\javassist\3.24.0-GA\javassist-3.24.0-GA.jar;C:\Users\ishipitc\.m2\repository\net\bytebuddy\byte-buddy\1.9.10\byte-buddy-1.9.10.jar;C:\Users\ishipitc\.m2\repository\antlr\antlr\2.7.7\antlr-2.7.7.jar;C:\Users\ishipitc\.m2\repository\org\jboss\spec\javax\transaction\jboss-transaction-api_1.2_spec\1.1.1.Final\jboss-transaction-api_1.2_spec-1.1.1.Final.jar;C:\Users\ishipitc\.m2\repository\org\jboss\jandex\2.0.5.Final\jandex-2.0.5.Final.jar;C:\Users\ishipitc\.m2\repository\com\fasterxml\classmate\1.3.4\classmate-1.3.4.jar;C:\Users\ishipitc\.m2\repository\javax\activation\javax.activation-api\1.2.0\javax.activation-api-1.2.0.jar;C:\Users\ishipitc\.m2\repository\org\dom4j\dom4j\2.1.1\dom4j-2.1.1.jar;C:\Users\ishipitc\.m2\repository\org\hibernate\common\hibernate-commons-annotations\5.1.0.Final\hibernate-commons-annotations-5.1.0.Final.jar;C:\Users\ishipitc\.m2\repository\javax\xml\bind\jaxb-api\2.3.1\jaxb-api-2.3.1.jar;C:\Users\ishipitc\.m2\repository\org\glassfish\jaxb\jaxb-runtime\2.3.1\jaxb-runtime-2.3.1.jar;C:\Users\ishipitc\.m2\repository\org\glassfish\jaxb\txw2\2.3.1\txw2-2.3.1.jar;C:\Users\ishipitc\.m2\repository\com\sun\istack\istack-commons-runtime\3.0.7\istack-commons-runtime-3.0.7.jar;C:\Users\ishipitc\.m2\repository\org\jvnet\staxex\stax-ex\1.8\stax-ex-1.8.jar;C:\Users\ishipitc\.m2\repository\com\sun\xml\fastinfoset\FastInfoset\1.2.15\FastInfoset-1.2.15.jar;C:\Users\ishipitc\.m2\repository\org\hibernate\validator\hibernate-validator\6.0.17.Final\hibernate-validator-6.0.17.Final.jar;C:\Users\ishipitc\.m2\repository\javax\validation\validation-api\2.0.1.Final\validation-api-2.0.1.Final.jar;C:\Users\ishipitc\.m2\repository\org\hibernate\hibernate-ehcache\5.4.3.Final\hibernate-ehcache-5.4.3.Final.jar;C:\Users\ishipitc\.m2\repository\net\sf\ehcache\ehcache\2.10.6\ehcache-2.10.6.jar;C:\Users\ishipitc\.m2\repository\com\h2database\h2\1.4.199\h2-1.4.199.jar;C:\Users\ishipitc\.m2\repository\junit\junit\4.12\junit-4.12.jar;C:\Users\ishipitc\.m2\repository\org\hamcrest\hamcrest-core\1.3\hamcrest-core-1.3.jar;C:\Users\ishipitc\.m2\repository\org\mockito\mockito-core\3.0.0\mockito-core-3.0.0.jar;C:\Users\ishipitc\.m2\repository\net\bytebuddy\byte-buddy-agent\1.9.10\byte-buddy-agent-1.9.10.jar;C:\Users\ishipitc\.m2\repository\org\objenesis\objenesis\2.6\objenesis-2.6.jar;C:\Users\ishipitc\.m2\repository\org\dbunit\dbunit\2.6.0\dbunit-2.6.0.jar;C:\Users\ishipitc\.m2\repository\org\slf4j\slf4j-api\1.7.25\slf4j-api-1.7.25.jar;C:\Users\ishipitc\.m2\repository\commons-collections\commons-collections\3.2.2\commons-collections-3.2.2.jar;C:\Users\ishipitc\.m2\repository\org\apache\poi\poi-ooxml\3.17\poi-ooxml-3.17.jar;C:\Users\ishipitc\.m2\repository\org\apache\poi\poi\3.17\poi-3.17.jar;C:\Users\ishipitc\.m2\repository\commons-codec\commons-codec\1.10\commons-codec-1.10.jar;C:\Users\ishipitc\.m2\repository\org\apache\commons\commons-collections4\4.1\commons-collections4-4.1.jar;C:\Users\ishipitc\.m2\repository\org\apache\poi\poi-ooxml-schemas\3.17\poi-ooxml-schemas-3.17.jar;C:\Users\ishipitc\.m2\repository\org\apache\xmlbeans\xmlbeans\2.6.0\xmlbeans-2.6.0.jar;C:\Users\ishipitc\.m2\repository\stax\stax-api\1.0.1\stax-api-1.0.1.jar;C:\Users\ishipitc\.m2\repository\com\github\virtuald\curvesapi\1.04\curvesapi-1.04.jar;C:\Users\ishipitc\.m2\repository\postgresql\postgresql\8.4-701.jdbc3\postgresql-8.4-701.jdbc3.jar;C:\Users\ishipitc\.m2\repository\org\hamcrest\hamcrest-all\1.3\hamcrest-all-1.3.jar;C:\Users\ishipitc\.m2\repository\com\jayway\jsonpath\json-path\2.1.0\json-path-2.1.0.jar;C:\Users\ishipitc\.m2\repository\net\minidev\json-smart\2.2\json-smart-2.2.jar;C:\Users\ishipitc\.m2\repository\net\minidev\accessors-smart\1.1\accessors-smart-1.1.jar;C:\Users\ishipitc\.m2\repository\org\ow2\asm\asm\5.0.3\asm-5.0.3.jar;C:\Users\ishipitc\.m2\repository\com\jayway\jsonpath\json-path-assert\2.4.0\json-path-assert-2.4.0.jar;C:\Users\ishipitc\.m2\repository\org\hamcrest\hamcrest-library\1.3\hamcrest-library-1.3.jar;C:\Users\ishipitc\.m2\repository\org\glassfish\javax.el\3.0.1-b11\javax.el-3.0.1-b11.jar;C:\Users\ishipitc\.m2\repository\javax\servlet\javax.servlet-api\4.0.1\javax.servlet-api-4.0.1.jar;C:\Users\ishipitc\.m2\repository\jstl\jstl\1.2\jstl-1.2.jar;C:\Users\ishipitc\.m2\repository\com\fasterxml\jackson\core\jackson-core\2.10.0.pr3\jackson-core-2.10.0.pr3.jar;C:\Users\ishipitc\.m2\repository\com\fasterxml\jackson\core\jackson-databind\2.10.0.pr3\jackson-databind-2.10.0.pr3.jar;C:\Users\ishipitc\.m2\repository\com\fasterxml\jackson\core\jackson-annotations\2.10.0.pr3\jackson-annotations-2.10.0.pr3.jar;C:\Users\ishipitc\.m2\repository\ch\qos\logback\logback-classic\1.2.3\logback-classic-1.2.3.jar;C:\Users\ishipitc\.m2\repository\ch\qos\logback\logback-core\1.2.3\logback-core-1.2.3.jar;C:\Users\ishipitc\.m2\repository\org\seleniumhq\selenium\selenium-java\3.141.59\selenium-java-3.141.59.jar;C:\Users\ishipitc\.m2\repository\org\seleniumhq\selenium\selenium-api\3.141.59\selenium-api-3.141.59.jar;C:\Users\ishipitc\.m2\repository\org\seleniumhq\selenium\selenium-chrome-driver\3.141.59\selenium-chrome-driver-3.141.59.jar;C:\Users\ishipitc\.m2\repository\org\seleniumhq\selenium\selenium-edge-driver\3.141.59\selenium-edge-driver-3.141.59.jar;C:\Users\ishipitc\.m2\repository\org\seleniumhq\selenium\selenium-firefox-driver\3.141.59\selenium-firefox-driver-3.141.59.jar;C:\Users\ishipitc\.m2\repository\org\seleniumhq\selenium\selenium-ie-driver\3.141.59\selenium-ie-driver-3.141.59.jar;C:\Users\ishipitc\.m2\repository\org\seleniumhq\selenium\selenium-opera-driver\3.141.59\selenium-opera-driver-3.141.59.jar;C:\Users\ishipitc\.m2\repository\org\seleniumhq\selenium\selenium-remote-driver\3.141.59\selenium-remote-driver-3.141.59.jar;C:\Users\ishipitc\.m2\repository\org\seleniumhq\selenium\selenium-safari-driver\3.141.59\selenium-safari-driver-3.141.59.jar;C:\Users\ishipitc\.m2\repository\org\seleniumhq\selenium\selenium-support\3.141.59\selenium-support-3.141.59.jar;C:\Users\ishipitc\.m2\repository\org\apache\commons\commons-exec\1.3\commons-exec-1.3.jar;C:\Users\ishipitc\.m2\repository\com\google\guava\guava\25.0-jre\guava-25.0-jre.jar;C:\Users\ishipitc\.m2\repository\com\google\code\findbugs\jsr305\1.3.9\jsr305-1.3.9.jar;C:\Users\ishipitc\.m2\repository\org\checkerframework\checker-compat-qual\2.0.0\checker-compat-qual-2.0.0.jar;C:\Users\ishipitc\.m2\repository\com\google\errorprone\error_prone_annotations\2.1.3\error_prone_annotations-2.1.3.jar;C:\Users\ishipitc\.m2\repository\com\google\j2objc\j2objc-annotations\1.1\j2objc-annotations-1.1.jar;C:\Users\ishipitc\.m2\repository\org\codehaus\mojo\animal-sniffer-annotations\1.14\animal-sniffer-annotations-1.14.jar;C:\Users\ishipitc\.m2\repository\com\squareup\okhttp3\okhttp\3.11.0\okhttp-3.11.0.jar;C:\Users\ishipitc\.m2\repository\com\squareup\okio\okio\1.14.0\okio-1.14.0.jar;C:\Users\ishipitc\.m2\repository\org\eclipse\jetty\jetty-plus\9.4.20.v20190813\jetty-plus-9.4.20.v20190813.jar;C:\Users\ishipitc\.m2\repository\org\eclipse\jetty\jetty-webapp\9.4.20.v20190813\jetty-webapp-9.4.20.v20190813.jar;C:\Users\ishipitc\.m2\repository\org\eclipse\jetty\jetty-xml\9.4.20.v20190813\jetty-xml-9.4.20.v20190813.jar;C:\Users\ishipitc\.m2\repository\org\eclipse\jetty\jetty-servlet\9.4.20.v20190813\jetty-servlet-9.4.20.v20190813.jar;C:\Users\ishipitc\.m2\repository\org\eclipse\jetty\jetty-security\9.4.20.v20190813\jetty-security-9.4.20.v20190813.jar;C:\Users\ishipitc\.m2\repository\org\eclipse\jetty\jetty-server\9.4.20.v20190813\jetty-server-9.4.20.v20190813.jar;C:\Users\ishipitc\.m2\repository\org\eclipse\jetty\jetty-http\9.4.20.v20190813\jetty-http-9.4.20.v20190813.jar;C:\Users\ishipitc\.m2\repository\org\eclipse\jetty\jetty-io\9.4.20.v20190813\jetty-io-9.4.20.v20190813.jar;C:\Users\ishipitc\.m2\repository\org\eclipse\jetty\jetty-jndi\9.4.20.v20190813\jetty-jndi-9.4.20.v20190813.jar;C:\Users\ishipitc\.m2\repository\org\eclipse\jetty\jetty-util\9.4.20.v20190813\jetty-util-9.4.20.v20190813.jar;"/>
    <property name="sun.cpu.endian" value="little"/>
    <property name="user.home" value="C:\Users\ishipitc"/>
    <property name="user.language" value="en"/>
    <property name="java.specification.vendor" value="Oracle Corporation"/>
    <property name="java.version.date" value="2019-07-16"/>
    <property name="java.home" value="C:\Users\ishipitc\AppData\Local\JetBrains\IntelliJ IDEA 2019.2.3\jbr"/>
    <property name="file.separator" value="\"/>
    <property name="basedir" value="C:\Users\ishipitc\IdeaProjects\TestThang"/>
    <property name="java.vm.compressedOopsMode" value="Zero based"/>
    <property name="line.separator" value="&#10;"/>
    <property name="idea.version2019.2.3" value="true"/>
    <property name="java.specification.name" value="Java Platform API Specification"/>
    <property name="java.vm.specification.vendor" value="Oracle Corporation"/>
    <property name="java.awt.graphicsenv" value="sun.awt.Win32GraphicsEnvironment"/>
    <property name="surefire.real.class.path" value="C:\Users\ishipitc\AppData\Local\Temp\surefire8658286820293660479\surefirebooter9111991869979355190.jar"/>
    <property name="user.script" value=""/>
    <property name="sun.management.compiler" value="HotSpot 64-Bit Tiered Compilers"/>
    <property name="java.runtime.version" value="11.0.4+10-b304.69"/>
    <property name="user.name" value="ishipitc"/>
    <property name="path.separator" value=";"/>
    <property name="os.version" value="10.0"/>
    <property name="java.runtime.name" value="OpenJDK Runtime Environment"/>
    <property name="file.encoding" value="Cp1251"/>
    <property name="java.vm.name" value="OpenJDK 64-Bit Server VM"/>
    <property name="localRepository" value="C:\Users\ishipitc\.m2\repository"/>
    <property name="java.vendor.url.bug" value="https://youtrack.jetbrains.com"/>
    <property name="java.io.tmpdir" value="C:\Users\ishipitc\AppData\Local\Temp\"/>
    <property name="java.version" value="11.0.4"/>
    <property name="user.dir" value="C:\Users\ishipitc\IdeaProjects\TestThang"/>
    <property name="os.arch" value="amd64"/>
    <property name="java.vm.specification.name" value="Java Virtual Machine Specification"/>
    <property name="java.awt.printerjob" value="sun.awt.windows.WPrinterJob"/>
    <property name="user.language.format" value="ru"/>
    <property name="sun.os.patch.level" value=""/>
    <property name="java.library.path" value="C:\Users\ishipitc\AppData\Local\JetBrains\IntelliJ IDEA 2019.2.3\jbr\bin;C:\WINDOWS\Sun\Java\bin;C:\WINDOWS\system32;C:\WINDOWS;C:\Program Files (x86)\Common Files\Oracle\Java\javapath;C:\ProgramData\Oracle\Java\javapath;C:\WINDOWS\system32;C:\WINDOWS;C:\WINDOWS\System32\Wbem;C:\WINDOWS\System32\WindowsPowerShell\v1.0\;C:\WINDOWS\System32\OpenSSH\;C:\Program Files\TortoiseSVN\bin;C:\Program Files (x86)\Sennheiser\SoftphoneSDK\;C:\Program Files (x86)\WebEx\Productivity Tools;C:\Program Files\Intel\WiFi\bin\;C:\Program Files\Common Files\Intel\WirelessCommon\;C:\Program Files\Git\cmd;C:\Users\ishipitc\AppData\Local\Microsoft\WindowsApps;C:\Users\ishipitc\AppData\Local\GitHubDesktop\bin;."/>
    <property name="java.vendor" value="JetBrains s.r.o"/>
    <property name="java.vm.info" value="mixed mode, sharing"/>
    <property name="java.vm.version" value="11.0.4+10-b304.69"/>
    <property name="sun.io.unicode.encoding" value="UnicodeLittle"/>
    <property name="java.class.version" value="55.0"/>
  </properties>
  <testcase name="test_findALL" classname="com.diana.integration.ServiceAndDAOIntegration" time="0">
    <error message="Failed to load ApplicationContext" type="java.lang.IllegalStateException">java.lang.IllegalStateException: Failed to load ApplicationContext
Caused by: org.springframework.beans.factory.BeanCreationException: Error creating bean with name 'dataSource' defined in com.diana.config.PersistenceConfig: Bean instantiation via factory method failed; nested exception is org.springframework.beans.BeanInstantiationException: Failed to instantiate [javax.sql.DataSource]: Factory method 'dataSource' threw exception; nested exception is org.springframework.jdbc.datasource.lookup.DataSourceLookupFailureException: Failed to look up JNDI DataSource with name 'jdbc/DB'; nested exception is javax.naming.NameNotFoundException: jdbc is not bound; remaining name 'jdbc/DB'
Caused by: org.springframework.beans.BeanInstantiationException: Failed to instantiate [javax.sql.DataSource]: Factory method 'dataSource' threw exception; nested exception is org.springframework.jdbc.datasource.lookup.DataSourceLookupFailureException: Failed to look up JNDI DataSource with name 'jdbc/DB'; nested exception is javax.naming.NameNotFoundException: jdbc is not bound; remaining name 'jdbc/DB'
Caused by: org.springframework.jdbc.datasource.lookup.DataSourceLookupFailureException: Failed to look up JNDI DataSource with name 'jdbc/DB'; nested exception is javax.naming.NameNotFoundException: jdbc is not bound; remaining name 'jdbc/DB'
Caused by: javax.naming.NameNotFoundException: jdbc is not bound
</error>
    <system-out><![CDATA[13:11:31.637 [main] DEBUG org.springframework.test.context.junit4.SpringJUnit4ClassRunner - SpringJUnit4ClassRunner constructor called with [class com.diana.integration.ServiceAndDAOIntegration]
13:11:31.637 [main] DEBUG org.springframework.test.context.BootstrapUtils - Instantiating CacheAwareContextLoaderDelegate from class [org.springframework.test.context.cache.DefaultCacheAwareContextLoaderDelegate]
13:11:31.638 [main] DEBUG org.springframework.test.context.BootstrapUtils - Instantiating BootstrapContext using constructor [public org.springframework.test.context.support.DefaultBootstrapContext(java.lang.Class,org.springframework.test.context.CacheAwareContextLoaderDelegate)]
13:11:31.638 [main] DEBUG org.springframework.test.context.BootstrapUtils - Instantiating TestContextBootstrapper for test class [com.diana.integration.ServiceAndDAOIntegration] from class [org.springframework.test.context.web.WebTestContextBootstrapper]
13:11:31.645 [main] DEBUG org.springframework.test.context.support.AbstractDelegatingSmartContextLoader - Delegating to AnnotationConfigWebContextLoader to process context configuration [ContextConfigurationAttributes@32c4e8b2 declaringClass = 'com.diana.integration.ServiceAndDAOIntegration', classes = '{class com.diana.config.SNDTestConfig}', locations = '{}', inheritLocations = true, initializers = '{}', inheritInitializers = true, name = [null], contextLoaderClass = 'org.springframework.test.context.ContextLoader'].
13:11:31.645 [main] DEBUG org.springframework.test.context.support.ActiveProfilesUtils - Could not find an 'annotation declaring class' for annotation type [org.springframework.test.context.ActiveProfiles] and class [com.diana.integration.ServiceAndDAOIntegration]
13:11:31.647 [main] INFO org.springframework.test.context.web.WebTestContextBootstrapper - Using TestExecutionListeners: [org.springframework.test.context.support.DependencyInjectionTestExecutionListener@764faa6, org.springframework.test.context.support.DirtiesContextTestExecutionListener@4c1f22f3, org.springframework.test.context.transaction.TransactionalTestExecutionListener@598bd2ba, com.github.springtestdbunit.DbUnitTestExecutionListener@5a755cc1]
13:11:31.647 [main] DEBUG org.springframework.test.annotation.ProfileValueUtils - Retrieved @ProfileValueSourceConfiguration [null] for test class [com.diana.integration.ServiceAndDAOIntegration]
13:11:31.647 [main] DEBUG org.springframework.test.annotation.ProfileValueUtils - Retrieved ProfileValueSource type [class org.springframework.test.annotation.SystemProfileValueSource] for class [com.diana.integration.ServiceAndDAOIntegration]
13:11:31.649 [main] DEBUG org.springframework.test.annotation.ProfileValueUtils - Retrieved @ProfileValueSourceConfiguration [null] for test class [com.diana.integration.ServiceAndDAOIntegration]
13:11:31.649 [main] DEBUG org.springframework.test.annotation.ProfileValueUtils - Retrieved ProfileValueSource type [class org.springframework.test.annotation.SystemProfileValueSource] for class [com.diana.integration.ServiceAndDAOIntegration]
13:11:31.649 [main] DEBUG org.springframework.test.annotation.ProfileValueUtils - Retrieved @ProfileValueSourceConfiguration [null] for test class [com.diana.integration.ServiceAndDAOIntegration]
13:11:31.653 [main] DEBUG org.springframework.test.annotation.ProfileValueUtils - Retrieved ProfileValueSource type [class org.springframework.test.annotation.SystemProfileValueSource] for class [com.diana.integration.ServiceAndDAOIntegration]
13:11:31.653 [main] DEBUG org.springframework.test.annotation.ProfileValueUtils - Retrieved @ProfileValueSourceConfiguration [null] for test class [com.diana.integration.ServiceAndDAOIntegration]
13:11:31.654 [main] DEBUG org.springframework.test.annotation.ProfileValueUtils - Retrieved ProfileValueSource type [class org.springframework.test.annotation.SystemProfileValueSource] for class [com.diana.integration.ServiceAndDAOIntegration]
13:11:31.654 [main] DEBUG org.springframework.test.context.support.DependencyInjectionTestExecutionListener - Performing dependency injection for test context [[DefaultTestContext@7ae42ce3 testClass = ServiceAndDAOIntegration, testInstance = com.diana.integration.ServiceAndDAOIntegration@4f5991f6, testMethod = [null], testException = [null], mergedContextConfiguration = [WebMergedContextConfiguration@484094a5 testClass = ServiceAndDAOIntegration, locations = '{}', classes = '{class com.diana.config.SNDTestConfig}', contextInitializerClasses = '[]', activeProfiles = '{}', propertySourceLocations = '{}', propertySourceProperties = '{}', contextCustomizers = set[[empty]], resourceBasePath = 'src/main/webapp', contextLoader = 'org.springframework.test.context.web.WebDelegatingSmartContextLoader', parent = [null]], attributes = map[[empty]]]].
13:11:31.654 [main] DEBUG org.springframework.test.context.support.AbstractDelegatingSmartContextLoader - Delegating to AnnotationConfigWebContextLoader to load context from [WebMergedContextConfiguration@484094a5 testClass = ServiceAndDAOIntegration, locations = '{}', classes = '{class com.diana.config.SNDTestConfig}', contextInitializerClasses = '[]', activeProfiles = '{}', propertySourceLocations = '{}', propertySourceProperties = '{}', contextCustomizers = set[[empty]], resourceBasePath = 'src/main/webapp', contextLoader = 'org.springframework.test.context.web.WebDelegatingSmartContextLoader', parent = [null]].
13:11:31.655 [main] DEBUG org.springframework.test.context.web.AbstractGenericWebContextLoader - Loading WebApplicationContext for merged context configuration [WebMergedContextConfiguration@484094a5 testClass = ServiceAndDAOIntegration, locations = '{}', classes = '{class com.diana.config.SNDTestConfig}', contextInitializerClasses = '[]', activeProfiles = '{}', propertySourceLocations = '{}', propertySourceProperties = '{}', contextCustomizers = set[[empty]], resourceBasePath = 'src/main/webapp', contextLoader = 'org.springframework.test.context.web.WebDelegatingSmartContextLoader', parent = [null]].
13:11:31.666 [main] DEBUG org.eclipse.jetty.jndi.InitialContextFactory - InitialContextFactory.getInitialContext()
13:11:31.666 [main] DEBUG org.eclipse.jetty.jndi.InitialContextFactory - Created initial context delegate for local namespace:org.eclipse.jetty.jndi.local.localContextRoot@539d019
13:11:31.666 [main] DEBUG org.springframework.web.context.support.StandardServletEnvironment - Activating profiles []
13:11:31.666 [main] DEBUG org.springframework.test.context.web.AnnotationConfigWebContextLoader - Registering annotated classes: {class com.diana.config.SNDTestConfig}
13:11:31.668 [main] DEBUG org.springframework.web.context.support.GenericWebApplicationContext - Refreshing org.springframework.web.context.support.GenericWebApplicationContext@2c4d1ac
13:11:31.677 [main] DEBUG org.springframework.beans.factory.support.DefaultListableBeanFactory - Creating shared instance of singleton bean 'org.springframework.context.annotation.internalConfigurationAnnotationProcessor'
13:11:31.693 [main] DEBUG org.springframework.beans.factory.support.DefaultListableBeanFactory - Creating shared instance of singleton bean 'org.springframework.context.event.internalEventListenerProcessor'
13:11:31.694 [main] DEBUG org.springframework.beans.factory.support.DefaultListableBeanFactory - Creating shared instance of singleton bean 'org.springframework.context.event.internalEventListenerFactory'
13:11:31.695 [main] DEBUG org.springframework.beans.factory.support.DefaultListableBeanFactory - Creating shared instance of singleton bean 'org.springframework.context.annotation.internalAutowiredAnnotationProcessor'
13:11:31.695 [main] DEBUG org.springframework.beans.factory.support.DefaultListableBeanFactory - Creating shared instance of singleton bean 'org.springframework.context.annotation.internalPersistenceAnnotationProcessor'
13:11:31.698 [main] DEBUG org.springframework.ui.context.support.UiApplicationContextUtils - Unable to locate ThemeSource with name 'themeSource': using default [org.springframework.ui.context.support.ResourceBundleThemeSource@531f4093]
13:11:31.699 [main] DEBUG org.springframework.beans.factory.support.DefaultListableBeanFactory - Creating shared instance of singleton bean 'SNDTestConfig'
13:11:31.699 [main] DEBUG org.springframework.beans.factory.support.DefaultListableBeanFactory - Creating shared instance of singleton bean 'com.diana.config.PersistenceConfig'
13:11:31.700 [main] DEBUG org.springframework.beans.factory.support.DefaultListableBeanFactory - Creating shared instance of singleton bean 'dataSource'
13:11:31.700 [main] DEBUG org.springframework.jndi.JndiTemplate - Looking up JNDI object with name [java:comp/env/jdbc/DB]
13:11:31.710 [main] DEBUG org.eclipse.jetty.jndi.InitialContextFactory - InitialContextFactory.getInitialContext()
13:11:31.711 [main] DEBUG org.eclipse.jetty.jndi.InitialContextFactory - Created initial context delegate for local namespace:org.eclipse.jetty.jndi.local.localContextRoot@460ebd80
13:11:31.711 [main] DEBUG org.eclipse.jetty.jndi.java.javaURLContextFactory - >>> new root context requested 
13:11:31.711 [main] DEBUG org.eclipse.jetty.jndi.NamingContext - Looking up name="comp/env/jdbc/DB"
13:11:31.711 [main] DEBUG org.eclipse.jetty.jndi.ContextFactory - Trying thread context classloader
13:11:31.711 [main] DEBUG org.eclipse.jetty.jndi.NamingContext - Looking up name="env/jdbc/DB"
13:11:31.711 [main] DEBUG org.springframework.jdbc.datasource.lookup.JndiDataSourceLookup - Converted JNDI name [java:comp/env/jdbc/DB] not found - trying original name [jdbc/DB]. javax.naming.NameNotFoundException: env is not bound; remaining name 'env/jdbc/DB'
13:11:31.711 [main] DEBUG org.springframework.jndi.JndiTemplate - Looking up JNDI object with name [jdbc/DB]
13:11:31.712 [main] DEBUG org.eclipse.jetty.jndi.InitialContextFactory - InitialContextFactory.getInitialContext()
13:11:31.712 [main] DEBUG org.eclipse.jetty.jndi.InitialContextFactory - Created initial context delegate for local namespace:org.eclipse.jetty.jndi.local.localContextRoot@6f3c660a
13:11:31.712 [main] DEBUG org.eclipse.jetty.jndi.local.localContextRoot - Looking up name="jdbc/DB"
13:11:31.712 [main] WARN org.springframework.web.context.support.GenericWebApplicationContext - Exception encountered during context initialization - cancelling refresh attempt: org.springframework.beans.factory.BeanCreationException: Error creating bean with name 'dataSource' defined in com.diana.config.PersistenceConfig: Bean instantiation via factory method failed; nested exception is org.springframework.beans.BeanInstantiationException: Failed to instantiate [javax.sql.DataSource]: Factory method 'dataSource' threw exception; nested exception is org.springframework.jdbc.datasource.lookup.DataSourceLookupFailureException: Failed to look up JNDI DataSource with name 'jdbc/DB'; nested exception is javax.naming.NameNotFoundException: jdbc is not bound; remaining name 'jdbc/DB'
13:11:31.713 [main] ERROR org.springframework.test.context.TestContextManager - Caught exception while allowing TestExecutionListener [org.springframework.test.context.support.DependencyInjectionTestExecutionListener@764faa6] to prepare test instance [com.diana.integration.ServiceAndDAOIntegration@4f5991f6]
java.lang.IllegalStateException: Failed to load ApplicationContext
	at org.springframework.test.context.cache.DefaultCacheAwareContextLoaderDelegate.loadContext(DefaultCacheAwareContextLoaderDelegate.java:125)
	at org.springframework.test.context.support.DefaultTestContext.getApplicationContext(DefaultTestContext.java:108)
	at org.springframework.test.context.support.DependencyInjectionTestExecutionListener.injectDependencies(DependencyInjectionTestExecutionListener.java:118)
	at org.springframework.test.context.support.DependencyInjectionTestExecutionListener.prepareTestInstance(DependencyInjectionTestExecutionListener.java:83)
	at org.springframework.test.context.TestContextManager.prepareTestInstance(TestContextManager.java:246)
	at org.springframework.test.context.junit4.SpringJUnit4ClassRunner.createTest(SpringJUnit4ClassRunner.java:227)
	at org.springframework.test.context.junit4.SpringJUnit4ClassRunner$1.runReflectiveCall(SpringJUnit4ClassRunner.java:289)
	at org.junit.internal.runners.model.ReflectiveCallable.run(ReflectiveCallable.java:12)
	at org.springframework.test.context.junit4.SpringJUnit4ClassRunner.methodBlock(SpringJUnit4ClassRunner.java:291)
	at org.springframework.test.context.junit4.SpringJUnit4ClassRunner.runChild(SpringJUnit4ClassRunner.java:246)
	at org.springframework.test.context.junit4.SpringJUnit4ClassRunner.runChild(SpringJUnit4ClassRunner.java:97)
	at org.junit.runners.ParentRunner$3.run(ParentRunner.java:290)
	at org.junit.runners.ParentRunner$1.schedule(ParentRunner.java:71)
	at org.junit.runners.ParentRunner.runChildren(ParentRunner.java:288)
	at org.junit.runners.ParentRunner.access$000(ParentRunner.java:58)
	at org.junit.runners.ParentRunner$2.evaluate(ParentRunner.java:268)
	at org.springframework.test.context.junit4.statements.RunBeforeTestClassCallbacks.evaluate(RunBeforeTestClassCallbacks.java:61)
	at org.springframework.test.context.junit4.statements.RunAfterTestClassCallbacks.evaluate(RunAfterTestClassCallbacks.java:70)
	at org.junit.runners.ParentRunner.run(ParentRunner.java:363)
	at org.springframework.test.context.junit4.SpringJUnit4ClassRunner.run(SpringJUnit4ClassRunner.java:190)
	at org.apache.maven.surefire.junit4.JUnit4Provider.execute(JUnit4Provider.java:365)
	at org.apache.maven.surefire.junit4.JUnit4Provider.executeWithRerun(JUnit4Provider.java:273)
	at org.apache.maven.surefire.junit4.JUnit4Provider.executeTestSet(JUnit4Provider.java:238)
	at org.apache.maven.surefire.junit4.JUnit4Provider.invoke(JUnit4Provider.java:159)
	at org.apache.maven.surefire.booter.ForkedBooter.invokeProviderInSameClassLoader(ForkedBooter.java:384)
	at org.apache.maven.surefire.booter.ForkedBooter.runSuitesInProcess(ForkedBooter.java:345)
	at org.apache.maven.surefire.booter.ForkedBooter.execute(ForkedBooter.java:126)
	at org.apache.maven.surefire.booter.ForkedBooter.main(ForkedBooter.java:418)
Caused by: org.springframework.beans.factory.BeanCreationException: Error creating bean with name 'dataSource' defined in com.diana.config.PersistenceConfig: Bean instantiation via factory method failed; nested exception is org.springframework.beans.BeanInstantiationException: Failed to instantiate [javax.sql.DataSource]: Factory method 'dataSource' threw exception; nested exception is org.springframework.jdbc.datasource.lookup.DataSourceLookupFailureException: Failed to look up JNDI DataSource with name 'jdbc/DB'; nested exception is javax.naming.NameNotFoundException: jdbc is not bound; remaining name 'jdbc/DB'
	at org.springframework.beans.factory.support.ConstructorResolver.instantiate(ConstructorResolver.java:627)
	at org.springframework.beans.factory.support.ConstructorResolver.instantiateUsingFactoryMethod(ConstructorResolver.java:456)
	at org.springframework.beans.factory.support.AbstractAutowireCapableBeanFactory.instantiateUsingFactoryMethod(AbstractAutowireCapableBeanFactory.java:1321)
	at org.springframework.beans.factory.support.AbstractAutowireCapableBeanFactory.createBeanInstance(AbstractAutowireCapableBeanFactory.java:1160)
	at org.springframework.beans.factory.support.AbstractAutowireCapableBeanFactory.doCreateBean(AbstractAutowireCapableBeanFactory.java:555)
	at org.springframework.beans.factory.support.AbstractAutowireCapableBeanFactory.createBean(AbstractAutowireCapableBeanFactory.java:515)
	at org.springframework.beans.factory.support.AbstractBeanFactory.lambda$doGetBean$0(AbstractBeanFactory.java:320)
	at org.springframework.beans.factory.support.DefaultSingletonBeanRegistry.getSingleton(DefaultSingletonBeanRegistry.java:222)
	at org.springframework.beans.factory.support.AbstractBeanFactory.doGetBean(AbstractBeanFactory.java:318)
	at org.springframework.beans.factory.support.AbstractBeanFactory.getBean(AbstractBeanFactory.java:199)
	at org.springframework.beans.factory.support.DefaultListableBeanFactory.preInstantiateSingletons(DefaultListableBeanFactory.java:845)
	at org.springframework.context.support.AbstractApplicationContext.finishBeanFactoryInitialization(AbstractApplicationContext.java:877)
	at org.springframework.context.support.AbstractApplicationContext.refresh(AbstractApplicationContext.java:549)
	at org.springframework.test.context.web.AbstractGenericWebContextLoader.loadContext(AbstractGenericWebContextLoader.java:129)
	at org.springframework.test.context.web.AbstractGenericWebContextLoader.loadContext(AbstractGenericWebContextLoader.java:61)
	at org.springframework.test.context.support.AbstractDelegatingSmartContextLoader.delegateLoading(AbstractDelegatingSmartContextLoader.java:275)
	at org.springframework.test.context.support.AbstractDelegatingSmartContextLoader.loadContext(AbstractDelegatingSmartContextLoader.java:243)
	at org.springframework.test.context.cache.DefaultCacheAwareContextLoaderDelegate.loadContextInternal(DefaultCacheAwareContextLoaderDelegate.java:99)
	at org.springframework.test.context.cache.DefaultCacheAwareContextLoaderDelegate.loadContext(DefaultCacheAwareContextLoaderDelegate.java:117)
	... 27 common frames omitted
Caused by: org.springframework.beans.BeanInstantiationException: Failed to instantiate [javax.sql.DataSource]: Factory method 'dataSource' threw exception; nested exception is org.springframework.jdbc.datasource.lookup.DataSourceLookupFailureException: Failed to look up JNDI DataSource with name 'jdbc/DB'; nested exception is javax.naming.NameNotFoundException: jdbc is not bound; remaining name 'jdbc/DB'
	at org.springframework.beans.factory.support.SimpleInstantiationStrategy.instantiate(SimpleInstantiationStrategy.java:185)
	at org.springframework.beans.factory.support.ConstructorResolver.instantiate(ConstructorResolver.java:622)
	... 45 common frames omitted
Caused by: org.springframework.jdbc.datasource.lookup.DataSourceLookupFailureException: Failed to look up JNDI DataSource with name 'jdbc/DB'; nested exception is javax.naming.NameNotFoundException: jdbc is not bound; remaining name 'jdbc/DB'
	at org.springframework.jdbc.datasource.lookup.JndiDataSourceLookup.getDataSource(JndiDataSourceLookup.java:48)
	at com.diana.config.PersistenceConfig.dataSource(PersistenceConfig.java:29)
	at com.diana.config.PersistenceConfig$$EnhancerBySpringCGLIB$$e378f13f.CGLIB$dataSource$3(<generated>)
	at com.diana.config.PersistenceConfig$$EnhancerBySpringCGLIB$$e378f13f$$FastClassBySpringCGLIB$$c2358625.invoke(<generated>)
	at org.springframework.cglib.proxy.MethodProxy.invokeSuper(MethodProxy.java:244)
	at org.springframework.context.annotation.ConfigurationClassEnhancer$BeanMethodInterceptor.intercept(ConfigurationClassEnhancer.java:363)
	at com.diana.config.PersistenceConfig$$EnhancerBySpringCGLIB$$e378f13f.dataSource(<generated>)
	at java.base/jdk.internal.reflect.NativeMethodAccessorImpl.invoke0(Native Method)
	at java.base/jdk.internal.reflect.NativeMethodAccessorImpl.invoke(NativeMethodAccessorImpl.java:62)
	at java.base/jdk.internal.reflect.DelegatingMethodAccessorImpl.invoke(DelegatingMethodAccessorImpl.java:43)
	at java.base/java.lang.reflect.Method.invoke(Method.java:566)
	at org.springframework.beans.factory.support.SimpleInstantiationStrategy.instantiate(SimpleInstantiationStrategy.java:154)
	... 46 common frames omitted
Caused by: javax.naming.NameNotFoundException: jdbc is not bound
	at org.eclipse.jetty.jndi.local.localContextRoot.getContext(localContextRoot.java:177)
	at org.eclipse.jetty.jndi.local.localContextRoot.lookup(localContextRoot.java:370)
	at org.eclipse.jetty.jndi.local.localContextRoot.lookup(localContextRoot.java:379)
	at java.naming/javax.naming.InitialContext.lookup(InitialContext.java:409)
	at org.springframework.jndi.JndiTemplate.lambda$lookup$0(JndiTemplate.java:156)
	at org.springframework.jndi.JndiTemplate.execute(JndiTemplate.java:91)
	at org.springframework.jndi.JndiTemplate.lookup(JndiTemplate.java:156)
	at org.springframework.jndi.JndiTemplate.lookup(JndiTemplate.java:178)
	at org.springframework.jndi.JndiLocatorSupport.lookup(JndiLocatorSupport.java:105)
	at org.springframework.jdbc.datasource.lookup.JndiDataSourceLookup.getDataSource(JndiDataSourceLookup.java:45)
	... 57 common frames omitted
]]></system-out>
  </testcase>
  <testcase name="test_FindById" classname="com.diana.integration.ServiceAndDAOIntegration" time="0">
    <error message="Failed to load ApplicationContext" type="java.lang.IllegalStateException">java.lang.IllegalStateException: Failed to load ApplicationContext
Caused by: org.springframework.beans.factory.BeanCreationException: Error creating bean with name 'dataSource' defined in com.diana.config.PersistenceConfig: Bean instantiation via factory method failed; nested exception is org.springframework.beans.BeanInstantiationException: Failed to instantiate [javax.sql.DataSource]: Factory method 'dataSource' threw exception; nested exception is org.springframework.jdbc.datasource.lookup.DataSourceLookupFailureException: Failed to look up JNDI DataSource with name 'jdbc/DB'; nested exception is javax.naming.NameNotFoundException: jdbc is not bound; remaining name 'jdbc/DB'
Caused by: org.springframework.beans.BeanInstantiationException: Failed to instantiate [javax.sql.DataSource]: Factory method 'dataSource' threw exception; nested exception is org.springframework.jdbc.datasource.lookup.DataSourceLookupFailureException: Failed to look up JNDI DataSource with name 'jdbc/DB'; nested exception is javax.naming.NameNotFoundException: jdbc is not bound; remaining name 'jdbc/DB'
Caused by: org.springframework.jdbc.datasource.lookup.DataSourceLookupFailureException: Failed to look up JNDI DataSource with name 'jdbc/DB'; nested exception is javax.naming.NameNotFoundException: jdbc is not bound; remaining name 'jdbc/DB'
Caused by: javax.naming.NameNotFoundException: jdbc is not bound
</error>
    <system-out><![CDATA[13:11:31.714 [main] DEBUG org.springframework.test.annotation.ProfileValueUtils - Retrieved @ProfileValueSourceConfiguration [null] for test class [com.diana.integration.ServiceAndDAOIntegration]
13:11:31.715 [main] DEBUG org.springframework.test.annotation.ProfileValueUtils - Retrieved ProfileValueSource type [class org.springframework.test.annotation.SystemProfileValueSource] for class [com.diana.integration.ServiceAndDAOIntegration]
13:11:31.716 [main] DEBUG org.springframework.test.context.support.DependencyInjectionTestExecutionListener - Performing dependency injection for test context [[DefaultTestContext@7ae42ce3 testClass = ServiceAndDAOIntegration, testInstance = com.diana.integration.ServiceAndDAOIntegration@74f5ce22, testMethod = [null], testException = [null], mergedContextConfiguration = [WebMergedContextConfiguration@484094a5 testClass = ServiceAndDAOIntegration, locations = '{}', classes = '{class com.diana.config.SNDTestConfig}', contextInitializerClasses = '[]', activeProfiles = '{}', propertySourceLocations = '{}', propertySourceProperties = '{}', contextCustomizers = set[[empty]], resourceBasePath = 'src/main/webapp', contextLoader = 'org.springframework.test.context.web.WebDelegatingSmartContextLoader', parent = [null]], attributes = map[[empty]]]].
13:11:31.716 [main] DEBUG org.springframework.test.context.support.AbstractDelegatingSmartContextLoader - Delegating to AnnotationConfigWebContextLoader to load context from [WebMergedContextConfiguration@484094a5 testClass = ServiceAndDAOIntegration, locations = '{}', classes = '{class com.diana.config.SNDTestConfig}', contextInitializerClasses = '[]', activeProfiles = '{}', propertySourceLocations = '{}', propertySourceProperties = '{}', contextCustomizers = set[[empty]], resourceBasePath = 'src/main/webapp', contextLoader = 'org.springframework.test.context.web.WebDelegatingSmartContextLoader', parent = [null]].
13:11:31.716 [main] DEBUG org.springframework.test.context.web.AbstractGenericWebContextLoader - Loading WebApplicationContext for merged context configuration [WebMergedContextConfiguration@484094a5 testClass = ServiceAndDAOIntegration, locations = '{}', classes = '{class com.diana.config.SNDTestConfig}', contextInitializerClasses = '[]', activeProfiles = '{}', propertySourceLocations = '{}', propertySourceProperties = '{}', contextCustomizers = set[[empty]], resourceBasePath = 'src/main/webapp', contextLoader = 'org.springframework.test.context.web.WebDelegatingSmartContextLoader', parent = [null]].
13:11:31.717 [main] DEBUG org.eclipse.jetty.jndi.InitialContextFactory - InitialContextFactory.getInitialContext()
13:11:31.717 [main] DEBUG org.eclipse.jetty.jndi.InitialContextFactory - Created initial context delegate for local namespace:org.eclipse.jetty.jndi.local.localContextRoot@16fdec90
13:11:31.717 [main] DEBUG org.springframework.web.context.support.StandardServletEnvironment - Activating profiles []
13:11:31.717 [main] DEBUG org.springframework.test.context.web.AnnotationConfigWebContextLoader - Registering annotated classes: {class com.diana.config.SNDTestConfig}
13:11:31.718 [main] DEBUG org.springframework.web.context.support.GenericWebApplicationContext - Refreshing org.springframework.web.context.support.GenericWebApplicationContext@25aca718
13:11:31.719 [main] DEBUG org.springframework.beans.factory.support.DefaultListableBeanFactory - Creating shared instance of singleton bean 'org.springframework.context.annotation.internalConfigurationAnnotationProcessor'
13:11:31.726 [main] DEBUG org.springframework.beans.factory.support.DefaultListableBeanFactory - Creating shared instance of singleton bean 'org.springframework.context.event.internalEventListenerProcessor'
13:11:31.726 [main] DEBUG org.springframework.beans.factory.support.DefaultListableBeanFactory - Creating shared instance of singleton bean 'org.springframework.context.event.internalEventListenerFactory'
13:11:31.727 [main] DEBUG org.springframework.beans.factory.support.DefaultListableBeanFactory - Creating shared instance of singleton bean 'org.springframework.context.annotation.internalAutowiredAnnotationProcessor'
13:11:31.728 [main] DEBUG org.springframework.beans.factory.support.DefaultListableBeanFactory - Creating shared instance of singleton bean 'org.springframework.context.annotation.internalPersistenceAnnotationProcessor'
13:11:31.728 [main] DEBUG org.springframework.ui.context.support.UiApplicationContextUtils - Unable to locate ThemeSource with name 'themeSource': using default [org.springframework.ui.context.support.ResourceBundleThemeSource@74bada02]
13:11:31.728 [main] DEBUG org.springframework.beans.factory.support.DefaultListableBeanFactory - Creating shared instance of singleton bean 'SNDTestConfig'
13:11:31.729 [main] DEBUG org.springframework.beans.factory.support.DefaultListableBeanFactory - Creating shared instance of singleton bean 'com.diana.config.PersistenceConfig'
13:11:31.730 [main] DEBUG org.springframework.beans.factory.support.DefaultListableBeanFactory - Creating shared instance of singleton bean 'dataSource'
13:11:31.730 [main] DEBUG org.springframework.jndi.JndiTemplate - Looking up JNDI object with name [java:comp/env/jdbc/DB]
13:11:31.730 [main] DEBUG org.eclipse.jetty.jndi.InitialContextFactory - InitialContextFactory.getInitialContext()
13:11:31.731 [main] DEBUG org.eclipse.jetty.jndi.InitialContextFactory - Created initial context delegate for local namespace:org.eclipse.jetty.jndi.local.localContextRoot@5a709816
13:11:31.731 [main] DEBUG org.eclipse.jetty.jndi.java.javaURLContextFactory - >>> new root context requested 
13:11:31.731 [main] DEBUG org.eclipse.jetty.jndi.NamingContext - Looking up name="comp/env/jdbc/DB"
13:11:31.731 [main] DEBUG org.eclipse.jetty.jndi.ContextFactory - Trying thread context classloader
13:11:31.731 [main] DEBUG org.eclipse.jetty.jndi.NamingContext - Looking up name="env/jdbc/DB"
13:11:31.731 [main] DEBUG org.springframework.jdbc.datasource.lookup.JndiDataSourceLookup - Converted JNDI name [java:comp/env/jdbc/DB] not found - trying original name [jdbc/DB]. javax.naming.NameNotFoundException: env is not bound; remaining name 'env/jdbc/DB'
13:11:31.731 [main] DEBUG org.springframework.jndi.JndiTemplate - Looking up JNDI object with name [jdbc/DB]
13:11:31.731 [main] DEBUG org.eclipse.jetty.jndi.InitialContextFactory - InitialContextFactory.getInitialContext()
13:11:31.731 [main] DEBUG org.eclipse.jetty.jndi.InitialContextFactory - Created initial context delegate for local namespace:org.eclipse.jetty.jndi.local.localContextRoot@78383390
13:11:31.731 [main] DEBUG org.eclipse.jetty.jndi.local.localContextRoot - Looking up name="jdbc/DB"
13:11:31.732 [main] WARN org.springframework.web.context.support.GenericWebApplicationContext - Exception encountered during context initialization - cancelling refresh attempt: org.springframework.beans.factory.BeanCreationException: Error creating bean with name 'dataSource' defined in com.diana.config.PersistenceConfig: Bean instantiation via factory method failed; nested exception is org.springframework.beans.BeanInstantiationException: Failed to instantiate [javax.sql.DataSource]: Factory method 'dataSource' threw exception; nested exception is org.springframework.jdbc.datasource.lookup.DataSourceLookupFailureException: Failed to look up JNDI DataSource with name 'jdbc/DB'; nested exception is javax.naming.NameNotFoundException: jdbc is not bound; remaining name 'jdbc/DB'
13:11:31.732 [main] ERROR org.springframework.test.context.TestContextManager - Caught exception while allowing TestExecutionListener [org.springframework.test.context.support.DependencyInjectionTestExecutionListener@764faa6] to prepare test instance [com.diana.integration.ServiceAndDAOIntegration@74f5ce22]
java.lang.IllegalStateException: Failed to load ApplicationContext
	at org.springframework.test.context.cache.DefaultCacheAwareContextLoaderDelegate.loadContext(DefaultCacheAwareContextLoaderDelegate.java:125)
	at org.springframework.test.context.support.DefaultTestContext.getApplicationContext(DefaultTestContext.java:108)
	at org.springframework.test.context.support.DependencyInjectionTestExecutionListener.injectDependencies(DependencyInjectionTestExecutionListener.java:118)
	at org.springframework.test.context.support.DependencyInjectionTestExecutionListener.prepareTestInstance(DependencyInjectionTestExecutionListener.java:83)
	at org.springframework.test.context.TestContextManager.prepareTestInstance(TestContextManager.java:246)
	at org.springframework.test.context.junit4.SpringJUnit4ClassRunner.createTest(SpringJUnit4ClassRunner.java:227)
	at org.springframework.test.context.junit4.SpringJUnit4ClassRunner$1.runReflectiveCall(SpringJUnit4ClassRunner.java:289)
	at org.junit.internal.runners.model.ReflectiveCallable.run(ReflectiveCallable.java:12)
	at org.springframework.test.context.junit4.SpringJUnit4ClassRunner.methodBlock(SpringJUnit4ClassRunner.java:291)
	at org.springframework.test.context.junit4.SpringJUnit4ClassRunner.runChild(SpringJUnit4ClassRunner.java:246)
	at org.springframework.test.context.junit4.SpringJUnit4ClassRunner.runChild(SpringJUnit4ClassRunner.java:97)
	at org.junit.runners.ParentRunner$3.run(ParentRunner.java:290)
	at org.junit.runners.ParentRunner$1.schedule(ParentRunner.java:71)
	at org.junit.runners.ParentRunner.runChildren(ParentRunner.java:288)
	at org.junit.runners.ParentRunner.access$000(ParentRunner.java:58)
	at org.junit.runners.ParentRunner$2.evaluate(ParentRunner.java:268)
	at org.springframework.test.context.junit4.statements.RunBeforeTestClassCallbacks.evaluate(RunBeforeTestClassCallbacks.java:61)
	at org.springframework.test.context.junit4.statements.RunAfterTestClassCallbacks.evaluate(RunAfterTestClassCallbacks.java:70)
	at org.junit.runners.ParentRunner.run(ParentRunner.java:363)
	at org.springframework.test.context.junit4.SpringJUnit4ClassRunner.run(SpringJUnit4ClassRunner.java:190)
	at org.apache.maven.surefire.junit4.JUnit4Provider.execute(JUnit4Provider.java:365)
	at org.apache.maven.surefire.junit4.JUnit4Provider.executeWithRerun(JUnit4Provider.java:273)
	at org.apache.maven.surefire.junit4.JUnit4Provider.executeTestSet(JUnit4Provider.java:238)
	at org.apache.maven.surefire.junit4.JUnit4Provider.invoke(JUnit4Provider.java:159)
	at org.apache.maven.surefire.booter.ForkedBooter.invokeProviderInSameClassLoader(ForkedBooter.java:384)
	at org.apache.maven.surefire.booter.ForkedBooter.runSuitesInProcess(ForkedBooter.java:345)
	at org.apache.maven.surefire.booter.ForkedBooter.execute(ForkedBooter.java:126)
	at org.apache.maven.surefire.booter.ForkedBooter.main(ForkedBooter.java:418)
Caused by: org.springframework.beans.factory.BeanCreationException: Error creating bean with name 'dataSource' defined in com.diana.config.PersistenceConfig: Bean instantiation via factory method failed; nested exception is org.springframework.beans.BeanInstantiationException: Failed to instantiate [javax.sql.DataSource]: Factory method 'dataSource' threw exception; nested exception is org.springframework.jdbc.datasource.lookup.DataSourceLookupFailureException: Failed to look up JNDI DataSource with name 'jdbc/DB'; nested exception is javax.naming.NameNotFoundException: jdbc is not bound; remaining name 'jdbc/DB'
	at org.springframework.beans.factory.support.ConstructorResolver.instantiate(ConstructorResolver.java:627)
	at org.springframework.beans.factory.support.ConstructorResolver.instantiateUsingFactoryMethod(ConstructorResolver.java:456)
	at org.springframework.beans.factory.support.AbstractAutowireCapableBeanFactory.instantiateUsingFactoryMethod(AbstractAutowireCapableBeanFactory.java:1321)
	at org.springframework.beans.factory.support.AbstractAutowireCapableBeanFactory.createBeanInstance(AbstractAutowireCapableBeanFactory.java:1160)
	at org.springframework.beans.factory.support.AbstractAutowireCapableBeanFactory.doCreateBean(AbstractAutowireCapableBeanFactory.java:555)
	at org.springframework.beans.factory.support.AbstractAutowireCapableBeanFactory.createBean(AbstractAutowireCapableBeanFactory.java:515)
	at org.springframework.beans.factory.support.AbstractBeanFactory.lambda$doGetBean$0(AbstractBeanFactory.java:320)
	at org.springframework.beans.factory.support.DefaultSingletonBeanRegistry.getSingleton(DefaultSingletonBeanRegistry.java:222)
	at org.springframework.beans.factory.support.AbstractBeanFactory.doGetBean(AbstractBeanFactory.java:318)
	at org.springframework.beans.factory.support.AbstractBeanFactory.getBean(AbstractBeanFactory.java:199)
	at org.springframework.beans.factory.support.DefaultListableBeanFactory.preInstantiateSingletons(DefaultListableBeanFactory.java:845)
	at org.springframework.context.support.AbstractApplicationContext.finishBeanFactoryInitialization(AbstractApplicationContext.java:877)
	at org.springframework.context.support.AbstractApplicationContext.refresh(AbstractApplicationContext.java:549)
	at org.springframework.test.context.web.AbstractGenericWebContextLoader.loadContext(AbstractGenericWebContextLoader.java:129)
	at org.springframework.test.context.web.AbstractGenericWebContextLoader.loadContext(AbstractGenericWebContextLoader.java:61)
	at org.springframework.test.context.support.AbstractDelegatingSmartContextLoader.delegateLoading(AbstractDelegatingSmartContextLoader.java:275)
	at org.springframework.test.context.support.AbstractDelegatingSmartContextLoader.loadContext(AbstractDelegatingSmartContextLoader.java:243)
	at org.springframework.test.context.cache.DefaultCacheAwareContextLoaderDelegate.loadContextInternal(DefaultCacheAwareContextLoaderDelegate.java:99)
	at org.springframework.test.context.cache.DefaultCacheAwareContextLoaderDelegate.loadContext(DefaultCacheAwareContextLoaderDelegate.java:117)
	... 27 common frames omitted
Caused by: org.springframework.beans.BeanInstantiationException: Failed to instantiate [javax.sql.DataSource]: Factory method 'dataSource' threw exception; nested exception is org.springframework.jdbc.datasource.lookup.DataSourceLookupFailureException: Failed to look up JNDI DataSource with name 'jdbc/DB'; nested exception is javax.naming.NameNotFoundException: jdbc is not bound; remaining name 'jdbc/DB'
	at org.springframework.beans.factory.support.SimpleInstantiationStrategy.instantiate(SimpleInstantiationStrategy.java:185)
	at org.springframework.beans.factory.support.ConstructorResolver.instantiate(ConstructorResolver.java:622)
	... 45 common frames omitted
Caused by: org.springframework.jdbc.datasource.lookup.DataSourceLookupFailureException: Failed to look up JNDI DataSource with name 'jdbc/DB'; nested exception is javax.naming.NameNotFoundException: jdbc is not bound; remaining name 'jdbc/DB'
	at org.springframework.jdbc.datasource.lookup.JndiDataSourceLookup.getDataSource(JndiDataSourceLookup.java:48)
	at com.diana.config.PersistenceConfig.dataSource(PersistenceConfig.java:29)
	at com.diana.config.PersistenceConfig$$EnhancerBySpringCGLIB$$e378f13f.CGLIB$dataSource$3(<generated>)
	at com.diana.config.PersistenceConfig$$EnhancerBySpringCGLIB$$e378f13f$$FastClassBySpringCGLIB$$c2358625.invoke(<generated>)
	at org.springframework.cglib.proxy.MethodProxy.invokeSuper(MethodProxy.java:244)
	at org.springframework.context.annotation.ConfigurationClassEnhancer$BeanMethodInterceptor.intercept(ConfigurationClassEnhancer.java:363)
	at com.diana.config.PersistenceConfig$$EnhancerBySpringCGLIB$$e378f13f.dataSource(<generated>)
	at java.base/jdk.internal.reflect.NativeMethodAccessorImpl.invoke0(Native Method)
	at java.base/jdk.internal.reflect.NativeMethodAccessorImpl.invoke(NativeMethodAccessorImpl.java:62)
	at java.base/jdk.internal.reflect.DelegatingMethodAccessorImpl.invoke(DelegatingMethodAccessorImpl.java:43)
	at java.base/java.lang.reflect.Method.invoke(Method.java:566)
	at org.springframework.beans.factory.support.SimpleInstantiationStrategy.instantiate(SimpleInstantiationStrategy.java:154)
	... 46 common frames omitted
Caused by: javax.naming.NameNotFoundException: jdbc is not bound
	at org.eclipse.jetty.jndi.local.localContextRoot.getContext(localContextRoot.java:177)
	at org.eclipse.jetty.jndi.local.localContextRoot.lookup(localContextRoot.java:370)
	at org.eclipse.jetty.jndi.local.localContextRoot.lookup(localContextRoot.java:379)
	at java.naming/javax.naming.InitialContext.lookup(InitialContext.java:409)
	at org.springframework.jndi.JndiTemplate.lambda$lookup$0(JndiTemplate.java:156)
	at org.springframework.jndi.JndiTemplate.execute(JndiTemplate.java:91)
	at org.springframework.jndi.JndiTemplate.lookup(JndiTemplate.java:156)
	at org.springframework.jndi.JndiTemplate.lookup(JndiTemplate.java:178)
	at org.springframework.jndi.JndiLocatorSupport.lookup(JndiLocatorSupport.java:105)
	at org.springframework.jdbc.datasource.lookup.JndiDataSourceLookup.getDataSource(JndiDataSourceLookup.java:45)
	... 57 common frames omitted
]]></system-out>
  </testcase>
  <testcase name="testCreateEmployee" classname="com.diana.integration.ServiceAndDAOIntegration" time="0">
    <error message="Failed to load ApplicationContext" type="java.lang.IllegalStateException">java.lang.IllegalStateException: Failed to load ApplicationContext
Caused by: org.springframework.beans.factory.BeanCreationException: Error creating bean with name 'dataSource' defined in com.diana.config.PersistenceConfig: Bean instantiation via factory method failed; nested exception is org.springframework.beans.BeanInstantiationException: Failed to instantiate [javax.sql.DataSource]: Factory method 'dataSource' threw exception; nested exception is org.springframework.jdbc.datasource.lookup.DataSourceLookupFailureException: Failed to look up JNDI DataSource with name 'jdbc/DB'; nested exception is javax.naming.NameNotFoundException: jdbc is not bound; remaining name 'jdbc/DB'
Caused by: org.springframework.beans.BeanInstantiationException: Failed to instantiate [javax.sql.DataSource]: Factory method 'dataSource' threw exception; nested exception is org.springframework.jdbc.datasource.lookup.DataSourceLookupFailureException: Failed to look up JNDI DataSource with name 'jdbc/DB'; nested exception is javax.naming.NameNotFoundException: jdbc is not bound; remaining name 'jdbc/DB'
Caused by: org.springframework.jdbc.datasource.lookup.DataSourceLookupFailureException: Failed to look up JNDI DataSource with name 'jdbc/DB'; nested exception is javax.naming.NameNotFoundException: jdbc is not bound; remaining name 'jdbc/DB'
Caused by: javax.naming.NameNotFoundException: jdbc is not bound
</error>
    <system-out><![CDATA[13:11:31.733 [main] DEBUG org.springframework.test.annotation.ProfileValueUtils - Retrieved @ProfileValueSourceConfiguration [null] for test class [com.diana.integration.ServiceAndDAOIntegration]
13:11:31.733 [main] DEBUG org.springframework.test.annotation.ProfileValueUtils - Retrieved ProfileValueSource type [class org.springframework.test.annotation.SystemProfileValueSource] for class [com.diana.integration.ServiceAndDAOIntegration]
13:11:31.733 [main] DEBUG org.springframework.test.context.support.DependencyInjectionTestExecutionListener - Performing dependency injection for test context [[DefaultTestContext@7ae42ce3 testClass = ServiceAndDAOIntegration, testInstance = com.diana.integration.ServiceAndDAOIntegration@6ad3381f, testMethod = [null], testException = [null], mergedContextConfiguration = [WebMergedContextConfiguration@484094a5 testClass = ServiceAndDAOIntegration, locations = '{}', classes = '{class com.diana.config.SNDTestConfig}', contextInitializerClasses = '[]', activeProfiles = '{}', propertySourceLocations = '{}', propertySourceProperties = '{}', contextCustomizers = set[[empty]], resourceBasePath = 'src/main/webapp', contextLoader = 'org.springframework.test.context.web.WebDelegatingSmartContextLoader', parent = [null]], attributes = map[[empty]]]].
13:11:31.733 [main] DEBUG org.springframework.test.context.support.AbstractDelegatingSmartContextLoader - Delegating to AnnotationConfigWebContextLoader to load context from [WebMergedContextConfiguration@484094a5 testClass = ServiceAndDAOIntegration, locations = '{}', classes = '{class com.diana.config.SNDTestConfig}', contextInitializerClasses = '[]', activeProfiles = '{}', propertySourceLocations = '{}', propertySourceProperties = '{}', contextCustomizers = set[[empty]], resourceBasePath = 'src/main/webapp', contextLoader = 'org.springframework.test.context.web.WebDelegatingSmartContextLoader', parent = [null]].
13:11:31.733 [main] DEBUG org.springframework.test.context.web.AbstractGenericWebContextLoader - Loading WebApplicationContext for merged context configuration [WebMergedContextConfiguration@484094a5 testClass = ServiceAndDAOIntegration, locations = '{}', classes = '{class com.diana.config.SNDTestConfig}', contextInitializerClasses = '[]', activeProfiles = '{}', propertySourceLocations = '{}', propertySourceProperties = '{}', contextCustomizers = set[[empty]], resourceBasePath = 'src/main/webapp', contextLoader = 'org.springframework.test.context.web.WebDelegatingSmartContextLoader', parent = [null]].
13:11:31.734 [main] DEBUG org.eclipse.jetty.jndi.InitialContextFactory - InitialContextFactory.getInitialContext()
13:11:31.734 [main] DEBUG org.eclipse.jetty.jndi.InitialContextFactory - Created initial context delegate for local namespace:org.eclipse.jetty.jndi.local.localContextRoot@db57326
13:11:31.734 [main] DEBUG org.springframework.web.context.support.StandardServletEnvironment - Activating profiles []
13:11:31.734 [main] DEBUG org.springframework.test.context.web.AnnotationConfigWebContextLoader - Registering annotated classes: {class com.diana.config.SNDTestConfig}
13:11:31.735 [main] DEBUG org.springframework.web.context.support.GenericWebApplicationContext - Refreshing org.springframework.web.context.support.GenericWebApplicationContext@53dbe163
13:11:31.736 [main] DEBUG org.springframework.beans.factory.support.DefaultListableBeanFactory - Creating shared instance of singleton bean 'org.springframework.context.annotation.internalConfigurationAnnotationProcessor'
13:11:31.741 [main] DEBUG org.springframework.beans.factory.support.DefaultListableBeanFactory - Creating shared instance of singleton bean 'org.springframework.context.event.internalEventListenerProcessor'
13:11:31.741 [main] DEBUG org.springframework.beans.factory.support.DefaultListableBeanFactory - Creating shared instance of singleton bean 'org.springframework.context.event.internalEventListenerFactory'
13:11:31.742 [main] DEBUG org.springframework.beans.factory.support.DefaultListableBeanFactory - Creating shared instance of singleton bean 'org.springframework.context.annotation.internalAutowiredAnnotationProcessor'
13:11:31.743 [main] DEBUG org.springframework.beans.factory.support.DefaultListableBeanFactory - Creating shared instance of singleton bean 'org.springframework.context.annotation.internalPersistenceAnnotationProcessor'
13:11:31.743 [main] DEBUG org.springframework.ui.context.support.UiApplicationContextUtils - Unable to locate ThemeSource with name 'themeSource': using default [org.springframework.ui.context.support.ResourceBundleThemeSource@1a760689]
13:11:31.743 [main] DEBUG org.springframework.beans.factory.support.DefaultListableBeanFactory - Creating shared instance of singleton bean 'SNDTestConfig'
13:11:31.744 [main] DEBUG org.springframework.beans.factory.support.DefaultListableBeanFactory - Creating shared instance of singleton bean 'com.diana.config.PersistenceConfig'
13:11:31.744 [main] DEBUG org.springframework.beans.factory.support.DefaultListableBeanFactory - Creating shared instance of singleton bean 'dataSource'
13:11:31.744 [main] DEBUG org.springframework.jndi.JndiTemplate - Looking up JNDI object with name [java:comp/env/jdbc/DB]
13:11:31.745 [main] DEBUG org.eclipse.jetty.jndi.InitialContextFactory - InitialContextFactory.getInitialContext()
13:11:31.745 [main] DEBUG org.eclipse.jetty.jndi.InitialContextFactory - Created initial context delegate for local namespace:org.eclipse.jetty.jndi.local.localContextRoot@77258e59
13:11:31.745 [main] DEBUG org.eclipse.jetty.jndi.java.javaURLContextFactory - >>> new root context requested 
13:11:31.745 [main] DEBUG org.eclipse.jetty.jndi.NamingContext - Looking up name="comp/env/jdbc/DB"
13:11:31.745 [main] DEBUG org.eclipse.jetty.jndi.ContextFactory - Trying thread context classloader
13:11:31.745 [main] DEBUG org.eclipse.jetty.jndi.NamingContext - Looking up name="env/jdbc/DB"
13:11:31.745 [main] DEBUG org.springframework.jdbc.datasource.lookup.JndiDataSourceLookup - Converted JNDI name [java:comp/env/jdbc/DB] not found - trying original name [jdbc/DB]. javax.naming.NameNotFoundException: env is not bound; remaining name 'env/jdbc/DB'
13:11:31.745 [main] DEBUG org.springframework.jndi.JndiTemplate - Looking up JNDI object with name [jdbc/DB]
13:11:31.746 [main] DEBUG org.eclipse.jetty.jndi.InitialContextFactory - InitialContextFactory.getInitialContext()
13:11:31.748 [main] DEBUG org.eclipse.jetty.jndi.InitialContextFactory - Created initial context delegate for local namespace:org.eclipse.jetty.jndi.local.localContextRoot@5dcd8c7a
13:11:31.748 [main] DEBUG org.eclipse.jetty.jndi.local.localContextRoot - Looking up name="jdbc/DB"
13:11:31.749 [main] WARN org.springframework.web.context.support.GenericWebApplicationContext - Exception encountered during context initialization - cancelling refresh attempt: org.springframework.beans.factory.BeanCreationException: Error creating bean with name 'dataSource' defined in com.diana.config.PersistenceConfig: Bean instantiation via factory method failed; nested exception is org.springframework.beans.BeanInstantiationException: Failed to instantiate [javax.sql.DataSource]: Factory method 'dataSource' threw exception; nested exception is org.springframework.jdbc.datasource.lookup.DataSourceLookupFailureException: Failed to look up JNDI DataSource with name 'jdbc/DB'; nested exception is javax.naming.NameNotFoundException: jdbc is not bound; remaining name 'jdbc/DB'
13:11:31.750 [main] ERROR org.springframework.test.context.TestContextManager - Caught exception while allowing TestExecutionListener [org.springframework.test.context.support.DependencyInjectionTestExecutionListener@764faa6] to prepare test instance [com.diana.integration.ServiceAndDAOIntegration@6ad3381f]
java.lang.IllegalStateException: Failed to load ApplicationContext
	at org.springframework.test.context.cache.DefaultCacheAwareContextLoaderDelegate.loadContext(DefaultCacheAwareContextLoaderDelegate.java:125)
	at org.springframework.test.context.support.DefaultTestContext.getApplicationContext(DefaultTestContext.java:108)
	at org.springframework.test.context.support.DependencyInjectionTestExecutionListener.injectDependencies(DependencyInjectionTestExecutionListener.java:118)
	at org.springframework.test.context.support.DependencyInjectionTestExecutionListener.prepareTestInstance(DependencyInjectionTestExecutionListener.java:83)
	at org.springframework.test.context.TestContextManager.prepareTestInstance(TestContextManager.java:246)
	at org.springframework.test.context.junit4.SpringJUnit4ClassRunner.createTest(SpringJUnit4ClassRunner.java:227)
	at org.springframework.test.context.junit4.SpringJUnit4ClassRunner$1.runReflectiveCall(SpringJUnit4ClassRunner.java:289)
	at org.junit.internal.runners.model.ReflectiveCallable.run(ReflectiveCallable.java:12)
	at org.springframework.test.context.junit4.SpringJUnit4ClassRunner.methodBlock(SpringJUnit4ClassRunner.java:291)
	at org.springframework.test.context.junit4.SpringJUnit4ClassRunner.runChild(SpringJUnit4ClassRunner.java:246)
	at org.springframework.test.context.junit4.SpringJUnit4ClassRunner.runChild(SpringJUnit4ClassRunner.java:97)
	at org.junit.runners.ParentRunner$3.run(ParentRunner.java:290)
	at org.junit.runners.ParentRunner$1.schedule(ParentRunner.java:71)
	at org.junit.runners.ParentRunner.runChildren(ParentRunner.java:288)
	at org.junit.runners.ParentRunner.access$000(ParentRunner.java:58)
	at org.junit.runners.ParentRunner$2.evaluate(ParentRunner.java:268)
	at org.springframework.test.context.junit4.statements.RunBeforeTestClassCallbacks.evaluate(RunBeforeTestClassCallbacks.java:61)
	at org.springframework.test.context.junit4.statements.RunAfterTestClassCallbacks.evaluate(RunAfterTestClassCallbacks.java:70)
	at org.junit.runners.ParentRunner.run(ParentRunner.java:363)
	at org.springframework.test.context.junit4.SpringJUnit4ClassRunner.run(SpringJUnit4ClassRunner.java:190)
	at org.apache.maven.surefire.junit4.JUnit4Provider.execute(JUnit4Provider.java:365)
	at org.apache.maven.surefire.junit4.JUnit4Provider.executeWithRerun(JUnit4Provider.java:273)
	at org.apache.maven.surefire.junit4.JUnit4Provider.executeTestSet(JUnit4Provider.java:238)
	at org.apache.maven.surefire.junit4.JUnit4Provider.invoke(JUnit4Provider.java:159)
	at org.apache.maven.surefire.booter.ForkedBooter.invokeProviderInSameClassLoader(ForkedBooter.java:384)
	at org.apache.maven.surefire.booter.ForkedBooter.runSuitesInProcess(ForkedBooter.java:345)
	at org.apache.maven.surefire.booter.ForkedBooter.execute(ForkedBooter.java:126)
	at org.apache.maven.surefire.booter.ForkedBooter.main(ForkedBooter.java:418)
Caused by: org.springframework.beans.factory.BeanCreationException: Error creating bean with name 'dataSource' defined in com.diana.config.PersistenceConfig: Bean instantiation via factory method failed; nested exception is org.springframework.beans.BeanInstantiationException: Failed to instantiate [javax.sql.DataSource]: Factory method 'dataSource' threw exception; nested exception is org.springframework.jdbc.datasource.lookup.DataSourceLookupFailureException: Failed to look up JNDI DataSource with name 'jdbc/DB'; nested exception is javax.naming.NameNotFoundException: jdbc is not bound; remaining name 'jdbc/DB'
	at org.springframework.beans.factory.support.ConstructorResolver.instantiate(ConstructorResolver.java:627)
	at org.springframework.beans.factory.support.ConstructorResolver.instantiateUsingFactoryMethod(ConstructorResolver.java:456)
	at org.springframework.beans.factory.support.AbstractAutowireCapableBeanFactory.instantiateUsingFactoryMethod(AbstractAutowireCapableBeanFactory.java:1321)
	at org.springframework.beans.factory.support.AbstractAutowireCapableBeanFactory.createBeanInstance(AbstractAutowireCapableBeanFactory.java:1160)
	at org.springframework.beans.factory.support.AbstractAutowireCapableBeanFactory.doCreateBean(AbstractAutowireCapableBeanFactory.java:555)
	at org.springframework.beans.factory.support.AbstractAutowireCapableBeanFactory.createBean(AbstractAutowireCapableBeanFactory.java:515)
	at org.springframework.beans.factory.support.AbstractBeanFactory.lambda$doGetBean$0(AbstractBeanFactory.java:320)
	at org.springframework.beans.factory.support.DefaultSingletonBeanRegistry.getSingleton(DefaultSingletonBeanRegistry.java:222)
	at org.springframework.beans.factory.support.AbstractBeanFactory.doGetBean(AbstractBeanFactory.java:318)
	at org.springframework.beans.factory.support.AbstractBeanFactory.getBean(AbstractBeanFactory.java:199)
	at org.springframework.beans.factory.support.DefaultListableBeanFactory.preInstantiateSingletons(DefaultListableBeanFactory.java:845)
	at org.springframework.context.support.AbstractApplicationContext.finishBeanFactoryInitialization(AbstractApplicationContext.java:877)
	at org.springframework.context.support.AbstractApplicationContext.refresh(AbstractApplicationContext.java:549)
	at org.springframework.test.context.web.AbstractGenericWebContextLoader.loadContext(AbstractGenericWebContextLoader.java:129)
	at org.springframework.test.context.web.AbstractGenericWebContextLoader.loadContext(AbstractGenericWebContextLoader.java:61)
	at org.springframework.test.context.support.AbstractDelegatingSmartContextLoader.delegateLoading(AbstractDelegatingSmartContextLoader.java:275)
	at org.springframework.test.context.support.AbstractDelegatingSmartContextLoader.loadContext(AbstractDelegatingSmartContextLoader.java:243)
	at org.springframework.test.context.cache.DefaultCacheAwareContextLoaderDelegate.loadContextInternal(DefaultCacheAwareContextLoaderDelegate.java:99)
	at org.springframework.test.context.cache.DefaultCacheAwareContextLoaderDelegate.loadContext(DefaultCacheAwareContextLoaderDelegate.java:117)
	... 27 common frames omitted
Caused by: org.springframework.beans.BeanInstantiationException: Failed to instantiate [javax.sql.DataSource]: Factory method 'dataSource' threw exception; nested exception is org.springframework.jdbc.datasource.lookup.DataSourceLookupFailureException: Failed to look up JNDI DataSource with name 'jdbc/DB'; nested exception is javax.naming.NameNotFoundException: jdbc is not bound; remaining name 'jdbc/DB'
	at org.springframework.beans.factory.support.SimpleInstantiationStrategy.instantiate(SimpleInstantiationStrategy.java:185)
	at org.springframework.beans.factory.support.ConstructorResolver.instantiate(ConstructorResolver.java:622)
	... 45 common frames omitted
Caused by: org.springframework.jdbc.datasource.lookup.DataSourceLookupFailureException: Failed to look up JNDI DataSource with name 'jdbc/DB'; nested exception is javax.naming.NameNotFoundException: jdbc is not bound; remaining name 'jdbc/DB'
	at org.springframework.jdbc.datasource.lookup.JndiDataSourceLookup.getDataSource(JndiDataSourceLookup.java:48)
	at com.diana.config.PersistenceConfig.dataSource(PersistenceConfig.java:29)
	at com.diana.config.PersistenceConfig$$EnhancerBySpringCGLIB$$e378f13f.CGLIB$dataSource$3(<generated>)
	at com.diana.config.PersistenceConfig$$EnhancerBySpringCGLIB$$e378f13f$$FastClassBySpringCGLIB$$c2358625.invoke(<generated>)
	at org.springframework.cglib.proxy.MethodProxy.invokeSuper(MethodProxy.java:244)
	at org.springframework.context.annotation.ConfigurationClassEnhancer$BeanMethodInterceptor.intercept(ConfigurationClassEnhancer.java:363)
	at com.diana.config.PersistenceConfig$$EnhancerBySpringCGLIB$$e378f13f.dataSource(<generated>)
	at java.base/jdk.internal.reflect.NativeMethodAccessorImpl.invoke0(Native Method)
	at java.base/jdk.internal.reflect.NativeMethodAccessorImpl.invoke(NativeMethodAccessorImpl.java:62)
	at java.base/jdk.internal.reflect.DelegatingMethodAccessorImpl.invoke(DelegatingMethodAccessorImpl.java:43)
	at java.base/java.lang.reflect.Method.invoke(Method.java:566)
	at org.springframework.beans.factory.support.SimpleInstantiationStrategy.instantiate(SimpleInstantiationStrategy.java:154)
	... 46 common frames omitted
Caused by: javax.naming.NameNotFoundException: jdbc is not bound
	at org.eclipse.jetty.jndi.local.localContextRoot.getContext(localContextRoot.java:177)
	at org.eclipse.jetty.jndi.local.localContextRoot.lookup(localContextRoot.java:370)
	at org.eclipse.jetty.jndi.local.localContextRoot.lookup(localContextRoot.java:379)
	at java.naming/javax.naming.InitialContext.lookup(InitialContext.java:409)
	at org.springframework.jndi.JndiTemplate.lambda$lookup$0(JndiTemplate.java:156)
	at org.springframework.jndi.JndiTemplate.execute(JndiTemplate.java:91)
	at org.springframework.jndi.JndiTemplate.lookup(JndiTemplate.java:156)
	at org.springframework.jndi.JndiTemplate.lookup(JndiTemplate.java:178)
	at org.springframework.jndi.JndiLocatorSupport.lookup(JndiLocatorSupport.java:105)
	at org.springframework.jdbc.datasource.lookup.JndiDataSourceLookup.getDataSource(JndiDataSourceLookup.java:45)
	... 57 common frames omitted
]]></system-out>
  </testcase>
</testsuite>