<?xml version="1.0" encoding="UTF-8"?>
<testsuite xmlns:xsi="http://www.w3.org/2001/XMLSchema-instance" xsi:noNamespaceSchemaLocation="https://maven.apache.org/surefire/maven-failsafe-plugin/xsd/failsafe-test-report.xsd" name="com.diana.integration.IntTest" time="2.902" tests="3" errors="3" skipped="0" failures="0">
  <properties>
    <property name="sun.desktop" value="windows"/>
    <property name="awt.toolkit" value="sun.awt.windows.WToolkit"/>
    <property name="java.specification.version" value="11"/>
    <property name="sun.cpu.isalist" value="amd64"/>
    <property name="sun.jnu.encoding" value="Cp1251"/>
    <property name="java.class.path" value="C:\Users\ishipitc\IdeaProjects\TestThang\target\test-classes;C:\Users\ishipitc\IdeaProjects\TestThang\target\classes;C:\Users\ishipitc\.m2\repository\org\springframework\spring-context-support\5.1.9.RELEASE\spring-context-support-5.1.9.RELEASE.jar;C:\Users\ishipitc\.m2\repository\org\springframework\spring-beans\5.1.9.RELEASE\spring-beans-5.1.9.RELEASE.jar;C:\Users\ishipitc\.m2\repository\org\springframework\spring-context\5.1.9.RELEASE\spring-context-5.1.9.RELEASE.jar;C:\Users\ishipitc\.m2\repository\org\springframework\spring-core\5.1.9.RELEASE\spring-core-5.1.9.RELEASE.jar;C:\Users\ishipitc\.m2\repository\org\springframework\spring-jcl\5.1.9.RELEASE\spring-jcl-5.1.9.RELEASE.jar;C:\Users\ishipitc\.m2\repository\org\springframework\spring-webmvc\5.1.9.RELEASE\spring-webmvc-5.1.9.RELEASE.jar;C:\Users\ishipitc\.m2\repository\org\springframework\spring-aop\5.1.9.RELEASE\spring-aop-5.1.9.RELEASE.jar;C:\Users\ishipitc\.m2\repository\org\springframework\spring-expression\5.1.9.RELEASE\spring-expression-5.1.9.RELEASE.jar;C:\Users\ishipitc\.m2\repository\org\springframework\spring-web\5.1.9.RELEASE\spring-web-5.1.9.RELEASE.jar;C:\Users\ishipitc\.m2\repository\org\springframework\spring-orm\5.1.9.RELEASE\spring-orm-5.1.9.RELEASE.jar;C:\Users\ishipitc\.m2\repository\org\springframework\spring-jdbc\5.1.9.RELEASE\spring-jdbc-5.1.9.RELEASE.jar;C:\Users\ishipitc\.m2\repository\org\springframework\spring-tx\5.1.9.RELEASE\spring-tx-5.1.9.RELEASE.jar;C:\Users\ishipitc\.m2\repository\org\springframework\spring-test\5.1.9.RELEASE\spring-test-5.1.9.RELEASE.jar;C:\Users\ishipitc\.m2\repository\com\github\springtestdbunit\spring-test-dbunit\1.3.0\spring-test-dbunit-1.3.0.jar;C:\Users\ishipitc\.m2\repository\org\hibernate\hibernate-core\5.4.3.Final\hibernate-core-5.4.3.Final.jar;C:\Users\ishipitc\.m2\repository\org\jboss\logging\jboss-logging\3.3.2.Final\jboss-logging-3.3.2.Final.jar;C:\Users\ishipitc\.m2\repository\javax\persistence\javax.persistence-api\2.2\javax.persistence-api-2.2.jar;C:\Users\ishipitc\.m2\repository\org\javassist\javassist\3.24.0-GA\javassist-3.24.0-GA.jar;C:\Users\ishipitc\.m2\repository\net\bytebuddy\byte-buddy\1.9.10\byte-buddy-1.9.10.jar;C:\Users\ishipitc\.m2\repository\antlr\antlr\2.7.7\antlr-2.7.7.jar;C:\Users\ishipitc\.m2\repository\org\jboss\spec\javax\transaction\jboss-transaction-api_1.2_spec\1.1.1.Final\jboss-transaction-api_1.2_spec-1.1.1.Final.jar;C:\Users\ishipitc\.m2\repository\org\jboss\jandex\2.0.5.Final\jandex-2.0.5.Final.jar;C:\Users\ishipitc\.m2\repository\com\fasterxml\classmate\1.3.4\classmate-1.3.4.jar;C:\Users\ishipitc\.m2\repository\javax\activation\javax.activation-api\1.2.0\javax.activation-api-1.2.0.jar;C:\Users\ishipitc\.m2\repository\org\dom4j\dom4j\2.1.1\dom4j-2.1.1.jar;C:\Users\ishipitc\.m2\repository\org\hibernate\common\hibernate-commons-annotations\5.1.0.Final\hibernate-commons-annotations-5.1.0.Final.jar;C:\Users\ishipitc\.m2\repository\javax\xml\bind\jaxb-api\2.3.1\jaxb-api-2.3.1.jar;C:\Users\ishipitc\.m2\repository\org\glassfish\jaxb\jaxb-runtime\2.3.1\jaxb-runtime-2.3.1.jar;C:\Users\ishipitc\.m2\repository\org\glassfish\jaxb\txw2\2.3.1\txw2-2.3.1.jar;C:\Users\ishipitc\.m2\repository\com\sun\istack\istack-commons-runtime\3.0.7\istack-commons-runtime-3.0.7.jar;C:\Users\ishipitc\.m2\repository\org\jvnet\staxex\stax-ex\1.8\stax-ex-1.8.jar;C:\Users\ishipitc\.m2\repository\com\sun\xml\fastinfoset\FastInfoset\1.2.15\FastInfoset-1.2.15.jar;C:\Users\ishipitc\.m2\repository\org\hibernate\validator\hibernate-validator\6.0.17.Final\hibernate-validator-6.0.17.Final.jar;C:\Users\ishipitc\.m2\repository\javax\validation\validation-api\2.0.1.Final\validation-api-2.0.1.Final.jar;C:\Users\ishipitc\.m2\repository\org\hibernate\hibernate-ehcache\5.4.3.Final\hibernate-ehcache-5.4.3.Final.jar;C:\Users\ishipitc\.m2\repository\net\sf\ehcache\ehcache\2.10.6\ehcache-2.10.6.jar;C:\Users\ishipitc\.m2\repository\com\h2database\h2\1.4.199\h2-1.4.199.jar;C:\Users\ishipitc\.m2\repository\junit\junit\4.12\junit-4.12.jar;C:\Users\ishipitc\.m2\repository\org\hamcrest\hamcrest-core\1.3\hamcrest-core-1.3.jar;C:\Users\ishipitc\.m2\repository\org\mockito\mockito-core\3.0.0\mockito-core-3.0.0.jar;C:\Users\ishipitc\.m2\repository\net\bytebuddy\byte-buddy-agent\1.9.10\byte-buddy-agent-1.9.10.jar;C:\Users\ishipitc\.m2\repository\org\objenesis\objenesis\2.6\objenesis-2.6.jar;C:\Users\ishipitc\.m2\repository\org\dbunit\dbunit\2.6.0\dbunit-2.6.0.jar;C:\Users\ishipitc\.m2\repository\org\slf4j\slf4j-api\1.7.25\slf4j-api-1.7.25.jar;C:\Users\ishipitc\.m2\repository\commons-collections\commons-collections\3.2.2\commons-collections-3.2.2.jar;C:\Users\ishipitc\.m2\repository\org\apache\poi\poi-ooxml\3.17\poi-ooxml-3.17.jar;C:\Users\ishipitc\.m2\repository\org\apache\poi\poi\3.17\poi-3.17.jar;C:\Users\ishipitc\.m2\repository\commons-codec\commons-codec\1.10\commons-codec-1.10.jar;C:\Users\ishipitc\.m2\repository\org\apache\commons\commons-collections4\4.1\commons-collections4-4.1.jar;C:\Users\ishipitc\.m2\repository\org\apache\poi\poi-ooxml-schemas\3.17\poi-ooxml-schemas-3.17.jar;C:\Users\ishipitc\.m2\repository\org\apache\xmlbeans\xmlbeans\2.6.0\xmlbeans-2.6.0.jar;C:\Users\ishipitc\.m2\repository\stax\stax-api\1.0.1\stax-api-1.0.1.jar;C:\Users\ishipitc\.m2\repository\com\github\virtuald\curvesapi\1.04\curvesapi-1.04.jar;C:\Users\ishipitc\.m2\repository\postgresql\postgresql\8.4-701.jdbc3\postgresql-8.4-701.jdbc3.jar;C:\Users\ishipitc\.m2\repository\org\hamcrest\hamcrest-all\1.3\hamcrest-all-1.3.jar;C:\Users\ishipitc\.m2\repository\com\jayway\jsonpath\json-path\2.1.0\json-path-2.1.0.jar;C:\Users\ishipitc\.m2\repository\net\minidev\json-smart\2.2\json-smart-2.2.jar;C:\Users\ishipitc\.m2\repository\net\minidev\accessors-smart\1.1\accessors-smart-1.1.jar;C:\Users\ishipitc\.m2\repository\org\ow2\asm\asm\5.0.3\asm-5.0.3.jar;C:\Users\ishipitc\.m2\repository\com\jayway\jsonpath\json-path-assert\2.4.0\json-path-assert-2.4.0.jar;C:\Users\ishipitc\.m2\repository\org\hamcrest\hamcrest-library\1.3\hamcrest-library-1.3.jar;C:\Users\ishipitc\.m2\repository\org\glassfish\javax.el\3.0.1-b11\javax.el-3.0.1-b11.jar;C:\Users\ishipitc\.m2\repository\javax\servlet\javax.servlet-api\4.0.1\javax.servlet-api-4.0.1.jar;C:\Users\ishipitc\.m2\repository\jstl\jstl\1.2\jstl-1.2.jar;C:\Users\ishipitc\.m2\repository\com\fasterxml\jackson\core\jackson-core\2.10.0.pr3\jackson-core-2.10.0.pr3.jar;C:\Users\ishipitc\.m2\repository\com\fasterxml\jackson\core\jackson-databind\2.10.0.pr3\jackson-databind-2.10.0.pr3.jar;C:\Users\ishipitc\.m2\repository\com\fasterxml\jackson\core\jackson-annotations\2.10.0.pr3\jackson-annotations-2.10.0.pr3.jar;C:\Users\ishipitc\.m2\repository\ch\qos\logback\logback-classic\1.2.3\logback-classic-1.2.3.jar;C:\Users\ishipitc\.m2\repository\ch\qos\logback\logback-core\1.2.3\logback-core-1.2.3.jar;C:\Users\ishipitc\.m2\repository\org\seleniumhq\selenium\selenium-java\3.141.59\selenium-java-3.141.59.jar;C:\Users\ishipitc\.m2\repository\org\seleniumhq\selenium\selenium-api\3.141.59\selenium-api-3.141.59.jar;C:\Users\ishipitc\.m2\repository\org\seleniumhq\selenium\selenium-chrome-driver\3.141.59\selenium-chrome-driver-3.141.59.jar;C:\Users\ishipitc\.m2\repository\org\seleniumhq\selenium\selenium-edge-driver\3.141.59\selenium-edge-driver-3.141.59.jar;C:\Users\ishipitc\.m2\repository\org\seleniumhq\selenium\selenium-firefox-driver\3.141.59\selenium-firefox-driver-3.141.59.jar;C:\Users\ishipitc\.m2\repository\org\seleniumhq\selenium\selenium-ie-driver\3.141.59\selenium-ie-driver-3.141.59.jar;C:\Users\ishipitc\.m2\repository\org\seleniumhq\selenium\selenium-opera-driver\3.141.59\selenium-opera-driver-3.141.59.jar;C:\Users\ishipitc\.m2\repository\org\seleniumhq\selenium\selenium-remote-driver\3.141.59\selenium-remote-driver-3.141.59.jar;C:\Users\ishipitc\.m2\repository\org\seleniumhq\selenium\selenium-safari-driver\3.141.59\selenium-safari-driver-3.141.59.jar;C:\Users\ishipitc\.m2\repository\org\seleniumhq\selenium\selenium-support\3.141.59\selenium-support-3.141.59.jar;C:\Users\ishipitc\.m2\repository\org\apache\commons\commons-exec\1.3\commons-exec-1.3.jar;C:\Users\ishipitc\.m2\repository\com\google\guava\guava\25.0-jre\guava-25.0-jre.jar;C:\Users\ishipitc\.m2\repository\com\google\code\findbugs\jsr305\1.3.9\jsr305-1.3.9.jar;C:\Users\ishipitc\.m2\repository\org\checkerframework\checker-compat-qual\2.0.0\checker-compat-qual-2.0.0.jar;C:\Users\ishipitc\.m2\repository\com\google\errorprone\error_prone_annotations\2.1.3\error_prone_annotations-2.1.3.jar;C:\Users\ishipitc\.m2\repository\com\google\j2objc\j2objc-annotations\1.1\j2objc-annotations-1.1.jar;C:\Users\ishipitc\.m2\repository\org\codehaus\mojo\animal-sniffer-annotations\1.14\animal-sniffer-annotations-1.14.jar;C:\Users\ishipitc\.m2\repository\com\squareup\okhttp3\okhttp\3.11.0\okhttp-3.11.0.jar;C:\Users\ishipitc\.m2\repository\com\squareup\okio\okio\1.14.0\okio-1.14.0.jar;"/>
    <property name="java.vm.vendor" value="JetBrains s.r.o"/>
    <property name="sun.arch.data.model" value="64"/>
    <property name="user.variant" value=""/>
    <property name="java.vendor.url" value="https://www.jetbrains.com/"/>
    <property name="user.timezone" value="Europe/Moscow"/>
    <property name="user.country.format" value="RU"/>
    <property name="java.vm.specification.version" value="11"/>
    <property name="os.name" value="Windows 10"/>
    <property name="sun.java.launcher" value="SUN_STANDARD"/>
    <property name="user.country" value="US"/>
    <property name="sun.boot.library.path" value="C:\Users\ishipitc\AppData\Local\JetBrains\IntelliJ IDEA 2019.2.3\jbr\bin"/>
    <property name="sun.java.command" value="C:\Users\ishipitc\AppData\Local\Temp\surefire17779243158180925374\surefirebooter1057577868510325658.jar C:\Users\ishipitc\AppData\Local\Temp\surefire17779243158180925374 2019-10-24T13-44-22_902-jvmRun1 surefire13207108332757022253tmp surefire_013730311088118566852tmp"/>
    <property name="jdk.debug" value="release"/>
    <property name="surefire.test.class.path" value="C:\Users\ishipitc\IdeaProjects\TestThang\target\test-classes;C:\Users\ishipitc\IdeaProjects\TestThang\target\classes;C:\Users\ishipitc\.m2\repository\org\springframework\spring-context-support\5.1.9.RELEASE\spring-context-support-5.1.9.RELEASE.jar;C:\Users\ishipitc\.m2\repository\org\springframework\spring-beans\5.1.9.RELEASE\spring-beans-5.1.9.RELEASE.jar;C:\Users\ishipitc\.m2\repository\org\springframework\spring-context\5.1.9.RELEASE\spring-context-5.1.9.RELEASE.jar;C:\Users\ishipitc\.m2\repository\org\springframework\spring-core\5.1.9.RELEASE\spring-core-5.1.9.RELEASE.jar;C:\Users\ishipitc\.m2\repository\org\springframework\spring-jcl\5.1.9.RELEASE\spring-jcl-5.1.9.RELEASE.jar;C:\Users\ishipitc\.m2\repository\org\springframework\spring-webmvc\5.1.9.RELEASE\spring-webmvc-5.1.9.RELEASE.jar;C:\Users\ishipitc\.m2\repository\org\springframework\spring-aop\5.1.9.RELEASE\spring-aop-5.1.9.RELEASE.jar;C:\Users\ishipitc\.m2\repository\org\springframework\spring-expression\5.1.9.RELEASE\spring-expression-5.1.9.RELEASE.jar;C:\Users\ishipitc\.m2\repository\org\springframework\spring-web\5.1.9.RELEASE\spring-web-5.1.9.RELEASE.jar;C:\Users\ishipitc\.m2\repository\org\springframework\spring-orm\5.1.9.RELEASE\spring-orm-5.1.9.RELEASE.jar;C:\Users\ishipitc\.m2\repository\org\springframework\spring-jdbc\5.1.9.RELEASE\spring-jdbc-5.1.9.RELEASE.jar;C:\Users\ishipitc\.m2\repository\org\springframework\spring-tx\5.1.9.RELEASE\spring-tx-5.1.9.RELEASE.jar;C:\Users\ishipitc\.m2\repository\org\springframework\spring-test\5.1.9.RELEASE\spring-test-5.1.9.RELEASE.jar;C:\Users\ishipitc\.m2\repository\com\github\springtestdbunit\spring-test-dbunit\1.3.0\spring-test-dbunit-1.3.0.jar;C:\Users\ishipitc\.m2\repository\org\hibernate\hibernate-core\5.4.3.Final\hibernate-core-5.4.3.Final.jar;C:\Users\ishipitc\.m2\repository\org\jboss\logging\jboss-logging\3.3.2.Final\jboss-logging-3.3.2.Final.jar;C:\Users\ishipitc\.m2\repository\javax\persistence\javax.persistence-api\2.2\javax.persistence-api-2.2.jar;C:\Users\ishipitc\.m2\repository\org\javassist\javassist\3.24.0-GA\javassist-3.24.0-GA.jar;C:\Users\ishipitc\.m2\repository\net\bytebuddy\byte-buddy\1.9.10\byte-buddy-1.9.10.jar;C:\Users\ishipitc\.m2\repository\antlr\antlr\2.7.7\antlr-2.7.7.jar;C:\Users\ishipitc\.m2\repository\org\jboss\spec\javax\transaction\jboss-transaction-api_1.2_spec\1.1.1.Final\jboss-transaction-api_1.2_spec-1.1.1.Final.jar;C:\Users\ishipitc\.m2\repository\org\jboss\jandex\2.0.5.Final\jandex-2.0.5.Final.jar;C:\Users\ishipitc\.m2\repository\com\fasterxml\classmate\1.3.4\classmate-1.3.4.jar;C:\Users\ishipitc\.m2\repository\javax\activation\javax.activation-api\1.2.0\javax.activation-api-1.2.0.jar;C:\Users\ishipitc\.m2\repository\org\dom4j\dom4j\2.1.1\dom4j-2.1.1.jar;C:\Users\ishipitc\.m2\repository\org\hibernate\common\hibernate-commons-annotations\5.1.0.Final\hibernate-commons-annotations-5.1.0.Final.jar;C:\Users\ishipitc\.m2\repository\javax\xml\bind\jaxb-api\2.3.1\jaxb-api-2.3.1.jar;C:\Users\ishipitc\.m2\repository\org\glassfish\jaxb\jaxb-runtime\2.3.1\jaxb-runtime-2.3.1.jar;C:\Users\ishipitc\.m2\repository\org\glassfish\jaxb\txw2\2.3.1\txw2-2.3.1.jar;C:\Users\ishipitc\.m2\repository\com\sun\istack\istack-commons-runtime\3.0.7\istack-commons-runtime-3.0.7.jar;C:\Users\ishipitc\.m2\repository\org\jvnet\staxex\stax-ex\1.8\stax-ex-1.8.jar;C:\Users\ishipitc\.m2\repository\com\sun\xml\fastinfoset\FastInfoset\1.2.15\FastInfoset-1.2.15.jar;C:\Users\ishipitc\.m2\repository\org\hibernate\validator\hibernate-validator\6.0.17.Final\hibernate-validator-6.0.17.Final.jar;C:\Users\ishipitc\.m2\repository\javax\validation\validation-api\2.0.1.Final\validation-api-2.0.1.Final.jar;C:\Users\ishipitc\.m2\repository\org\hibernate\hibernate-ehcache\5.4.3.Final\hibernate-ehcache-5.4.3.Final.jar;C:\Users\ishipitc\.m2\repository\net\sf\ehcache\ehcache\2.10.6\ehcache-2.10.6.jar;C:\Users\ishipitc\.m2\repository\com\h2database\h2\1.4.199\h2-1.4.199.jar;C:\Users\ishipitc\.m2\repository\junit\junit\4.12\junit-4.12.jar;C:\Users\ishipitc\.m2\repository\org\hamcrest\hamcrest-core\1.3\hamcrest-core-1.3.jar;C:\Users\ishipitc\.m2\repository\org\mockito\mockito-core\3.0.0\mockito-core-3.0.0.jar;C:\Users\ishipitc\.m2\repository\net\bytebuddy\byte-buddy-agent\1.9.10\byte-buddy-agent-1.9.10.jar;C:\Users\ishipitc\.m2\repository\org\objenesis\objenesis\2.6\objenesis-2.6.jar;C:\Users\ishipitc\.m2\repository\org\dbunit\dbunit\2.6.0\dbunit-2.6.0.jar;C:\Users\ishipitc\.m2\repository\org\slf4j\slf4j-api\1.7.25\slf4j-api-1.7.25.jar;C:\Users\ishipitc\.m2\repository\commons-collections\commons-collections\3.2.2\commons-collections-3.2.2.jar;C:\Users\ishipitc\.m2\repository\org\apache\poi\poi-ooxml\3.17\poi-ooxml-3.17.jar;C:\Users\ishipitc\.m2\repository\org\apache\poi\poi\3.17\poi-3.17.jar;C:\Users\ishipitc\.m2\repository\commons-codec\commons-codec\1.10\commons-codec-1.10.jar;C:\Users\ishipitc\.m2\repository\org\apache\commons\commons-collections4\4.1\commons-collections4-4.1.jar;C:\Users\ishipitc\.m2\repository\org\apache\poi\poi-ooxml-schemas\3.17\poi-ooxml-schemas-3.17.jar;C:\Users\ishipitc\.m2\repository\org\apache\xmlbeans\xmlbeans\2.6.0\xmlbeans-2.6.0.jar;C:\Users\ishipitc\.m2\repository\stax\stax-api\1.0.1\stax-api-1.0.1.jar;C:\Users\ishipitc\.m2\repository\com\github\virtuald\curvesapi\1.04\curvesapi-1.04.jar;C:\Users\ishipitc\.m2\repository\postgresql\postgresql\8.4-701.jdbc3\postgresql-8.4-701.jdbc3.jar;C:\Users\ishipitc\.m2\repository\org\hamcrest\hamcrest-all\1.3\hamcrest-all-1.3.jar;C:\Users\ishipitc\.m2\repository\com\jayway\jsonpath\json-path\2.1.0\json-path-2.1.0.jar;C:\Users\ishipitc\.m2\repository\net\minidev\json-smart\2.2\json-smart-2.2.jar;C:\Users\ishipitc\.m2\repository\net\minidev\accessors-smart\1.1\accessors-smart-1.1.jar;C:\Users\ishipitc\.m2\repository\org\ow2\asm\asm\5.0.3\asm-5.0.3.jar;C:\Users\ishipitc\.m2\repository\com\jayway\jsonpath\json-path-assert\2.4.0\json-path-assert-2.4.0.jar;C:\Users\ishipitc\.m2\repository\org\hamcrest\hamcrest-library\1.3\hamcrest-library-1.3.jar;C:\Users\ishipitc\.m2\repository\org\glassfish\javax.el\3.0.1-b11\javax.el-3.0.1-b11.jar;C:\Users\ishipitc\.m2\repository\javax\servlet\javax.servlet-api\4.0.1\javax.servlet-api-4.0.1.jar;C:\Users\ishipitc\.m2\repository\jstl\jstl\1.2\jstl-1.2.jar;C:\Users\ishipitc\.m2\repository\com\fasterxml\jackson\core\jackson-core\2.10.0.pr3\jackson-core-2.10.0.pr3.jar;C:\Users\ishipitc\.m2\repository\com\fasterxml\jackson\core\jackson-databind\2.10.0.pr3\jackson-databind-2.10.0.pr3.jar;C:\Users\ishipitc\.m2\repository\com\fasterxml\jackson\core\jackson-annotations\2.10.0.pr3\jackson-annotations-2.10.0.pr3.jar;C:\Users\ishipitc\.m2\repository\ch\qos\logback\logback-classic\1.2.3\logback-classic-1.2.3.jar;C:\Users\ishipitc\.m2\repository\ch\qos\logback\logback-core\1.2.3\logback-core-1.2.3.jar;C:\Users\ishipitc\.m2\repository\org\seleniumhq\selenium\selenium-java\3.141.59\selenium-java-3.141.59.jar;C:\Users\ishipitc\.m2\repository\org\seleniumhq\selenium\selenium-api\3.141.59\selenium-api-3.141.59.jar;C:\Users\ishipitc\.m2\repository\org\seleniumhq\selenium\selenium-chrome-driver\3.141.59\selenium-chrome-driver-3.141.59.jar;C:\Users\ishipitc\.m2\repository\org\seleniumhq\selenium\selenium-edge-driver\3.141.59\selenium-edge-driver-3.141.59.jar;C:\Users\ishipitc\.m2\repository\org\seleniumhq\selenium\selenium-firefox-driver\3.141.59\selenium-firefox-driver-3.141.59.jar;C:\Users\ishipitc\.m2\repository\org\seleniumhq\selenium\selenium-ie-driver\3.141.59\selenium-ie-driver-3.141.59.jar;C:\Users\ishipitc\.m2\repository\org\seleniumhq\selenium\selenium-opera-driver\3.141.59\selenium-opera-driver-3.141.59.jar;C:\Users\ishipitc\.m2\repository\org\seleniumhq\selenium\selenium-remote-driver\3.141.59\selenium-remote-driver-3.141.59.jar;C:\Users\ishipitc\.m2\repository\org\seleniumhq\selenium\selenium-safari-driver\3.141.59\selenium-safari-driver-3.141.59.jar;C:\Users\ishipitc\.m2\repository\org\seleniumhq\selenium\selenium-support\3.141.59\selenium-support-3.141.59.jar;C:\Users\ishipitc\.m2\repository\org\apache\commons\commons-exec\1.3\commons-exec-1.3.jar;C:\Users\ishipitc\.m2\repository\com\google\guava\guava\25.0-jre\guava-25.0-jre.jar;C:\Users\ishipitc\.m2\repository\com\google\code\findbugs\jsr305\1.3.9\jsr305-1.3.9.jar;C:\Users\ishipitc\.m2\repository\org\checkerframework\checker-compat-qual\2.0.0\checker-compat-qual-2.0.0.jar;C:\Users\ishipitc\.m2\repository\com\google\errorprone\error_prone_annotations\2.1.3\error_prone_annotations-2.1.3.jar;C:\Users\ishipitc\.m2\repository\com\google\j2objc\j2objc-annotations\1.1\j2objc-annotations-1.1.jar;C:\Users\ishipitc\.m2\repository\org\codehaus\mojo\animal-sniffer-annotations\1.14\animal-sniffer-annotations-1.14.jar;C:\Users\ishipitc\.m2\repository\com\squareup\okhttp3\okhttp\3.11.0\okhttp-3.11.0.jar;C:\Users\ishipitc\.m2\repository\com\squareup\okio\okio\1.14.0\okio-1.14.0.jar;"/>
    <property name="sun.cpu.endian" value="little"/>
    <property name="user.home" value="C:\Users\ishipitc"/>
    <property name="user.language" value="en"/>
    <property name="java.specification.vendor" value="Oracle Corporation"/>
    <property name="java.version.date" value="2019-07-16"/>
    <property name="java.home" value="C:\Users\ishipitc\AppData\Local\JetBrains\IntelliJ IDEA 2019.2.3\jbr"/>
    <property name="file.separator" value="\"/>
    <property name="basedir" value="C:\Users\ishipitc\IdeaProjects\TestThang"/>
    <property name="java.vm.compressedOopsMode" value="Zero based"/>
    <property name="line.separator" value="&#10;"/>
    <property name="idea.version2019.2.3" value="true"/>
    <property name="java.specification.name" value="Java Platform API Specification"/>
    <property name="java.vm.specification.vendor" value="Oracle Corporation"/>
    <property name="java.awt.graphicsenv" value="sun.awt.Win32GraphicsEnvironment"/>
    <property name="surefire.real.class.path" value="C:\Users\ishipitc\AppData\Local\Temp\surefire17779243158180925374\surefirebooter1057577868510325658.jar"/>
    <property name="user.script" value=""/>
    <property name="sun.management.compiler" value="HotSpot 64-Bit Tiered Compilers"/>
    <property name="java.runtime.version" value="11.0.4+10-b304.69"/>
    <property name="user.name" value="ishipitc"/>
    <property name="path.separator" value=";"/>
    <property name="os.version" value="10.0"/>
    <property name="java.runtime.name" value="OpenJDK Runtime Environment"/>
    <property name="file.encoding" value="Cp1251"/>
    <property name="java.vm.name" value="OpenJDK 64-Bit Server VM"/>
    <property name="localRepository" value="C:\Users\ishipitc\.m2\repository"/>
    <property name="java.vendor.url.bug" value="https://youtrack.jetbrains.com"/>
    <property name="java.io.tmpdir" value="C:\Users\ishipitc\AppData\Local\Temp\"/>
    <property name="java.version" value="11.0.4"/>
    <property name="user.dir" value="C:\Users\ishipitc\IdeaProjects\TestThang"/>
    <property name="os.arch" value="amd64"/>
    <property name="java.vm.specification.name" value="Java Virtual Machine Specification"/>
    <property name="java.awt.printerjob" value="sun.awt.windows.WPrinterJob"/>
    <property name="user.language.format" value="ru"/>
    <property name="sun.os.patch.level" value=""/>
    <property name="java.library.path" value="C:\Users\ishipitc\AppData\Local\JetBrains\IntelliJ IDEA 2019.2.3\jbr\bin;C:\WINDOWS\Sun\Java\bin;C:\WINDOWS\system32;C:\WINDOWS;C:\Program Files (x86)\Common Files\Oracle\Java\javapath;C:\ProgramData\Oracle\Java\javapath;C:\WINDOWS\system32;C:\WINDOWS;C:\WINDOWS\System32\Wbem;C:\WINDOWS\System32\WindowsPowerShell\v1.0\;C:\WINDOWS\System32\OpenSSH\;C:\Program Files\TortoiseSVN\bin;C:\Program Files (x86)\Sennheiser\SoftphoneSDK\;C:\Program Files (x86)\WebEx\Productivity Tools;C:\Program Files\Intel\WiFi\bin\;C:\Program Files\Common Files\Intel\WirelessCommon\;C:\Program Files\Git\cmd;C:\Users\ishipitc\AppData\Local\Microsoft\WindowsApps;C:\Users\ishipitc\AppData\Local\GitHubDesktop\bin;."/>
    <property name="java.vendor" value="JetBrains s.r.o"/>
    <property name="java.vm.info" value="mixed mode, sharing"/>
    <property name="java.vm.version" value="11.0.4+10-b304.69"/>
    <property name="sun.io.unicode.encoding" value="UnicodeLittle"/>
    <property name="java.class.version" value="55.0"/>
  </properties>
  <testcase name="test_goToNewDep_thenCreateDep_thenGoBack" classname="com.diana.integration.IntTest" time="0.002">
    <error message="Unable to find a DB Unit database connection, missing one the following beans: [dbUnitDatabaseConnection, dataSource]" type="java.lang.IllegalStateException">java.lang.IllegalStateException: Unable to find a DB Unit database connection, missing one the following beans: [dbUnitDatabaseConnection, dataSource]
</error>
    <system-out><![CDATA[13:44:24.063 [main] DEBUG org.springframework.test.context.junit4.SpringJUnit4ClassRunner - SpringJUnit4ClassRunner constructor called with [class com.diana.integration.IntTest]
13:44:24.067 [main] DEBUG org.springframework.test.context.BootstrapUtils - Instantiating CacheAwareContextLoaderDelegate from class [org.springframework.test.context.cache.DefaultCacheAwareContextLoaderDelegate]
13:44:24.073 [main] DEBUG org.springframework.test.context.BootstrapUtils - Instantiating BootstrapContext using constructor [public org.springframework.test.context.support.DefaultBootstrapContext(java.lang.Class,org.springframework.test.context.CacheAwareContextLoaderDelegate)]
13:44:24.080 [main] DEBUG org.springframework.test.context.BootstrapUtils - Instantiating TestContextBootstrapper for test class [com.diana.integration.IntTest] from class [org.springframework.test.context.support.DefaultTestContextBootstrapper]
13:44:24.099 [main] DEBUG org.springframework.test.context.support.AbstractDelegatingSmartContextLoader - Delegating to AnnotationConfigContextLoader to process context configuration [ContextConfigurationAttributes@45018215 declaringClass = 'com.diana.integration.IntTest', classes = '{class com.diana.config.PersistenceConfig}', locations = '{}', inheritLocations = true, initializers = '{}', inheritInitializers = true, name = [null], contextLoaderClass = 'org.springframework.test.context.ContextLoader'].
13:44:24.145 [main] INFO org.springframework.test.context.support.DefaultTestContextBootstrapper - Using TestExecutionListeners: [org.springframework.test.context.support.DependencyInjectionTestExecutionListener@654f0d9c, org.springframework.test.context.support.DirtiesContextTestExecutionListener@6a400542, org.springframework.test.context.transaction.TransactionalTestExecutionListener@6580cfdd, com.github.springtestdbunit.DbUnitTestExecutionListener@7e0b85f9]
13:44:24.146 [main] DEBUG org.springframework.test.annotation.ProfileValueUtils - Retrieved @ProfileValueSourceConfiguration [null] for test class [com.diana.integration.IntTest]
13:44:24.147 [main] DEBUG org.springframework.test.annotation.ProfileValueUtils - Retrieved ProfileValueSource type [class org.springframework.test.annotation.SystemProfileValueSource] for class [com.diana.integration.IntTest]
13:44:24.149 [main] DEBUG org.springframework.test.annotation.ProfileValueUtils - Retrieved @ProfileValueSourceConfiguration [null] for test class [com.diana.integration.IntTest]
13:44:24.149 [main] DEBUG org.springframework.test.annotation.ProfileValueUtils - Retrieved ProfileValueSource type [class org.springframework.test.annotation.SystemProfileValueSource] for class [com.diana.integration.IntTest]
13:44:24.149 [main] DEBUG org.springframework.test.annotation.ProfileValueUtils - Retrieved @ProfileValueSourceConfiguration [null] for test class [com.diana.integration.IntTest]
13:44:24.149 [main] DEBUG org.springframework.test.annotation.ProfileValueUtils - Retrieved ProfileValueSource type [class org.springframework.test.annotation.SystemProfileValueSource] for class [com.diana.integration.IntTest]
13:44:24.150 [main] DEBUG org.springframework.test.annotation.ProfileValueUtils - Retrieved @ProfileValueSourceConfiguration [null] for test class [com.diana.integration.IntTest]
13:44:24.150 [main] DEBUG org.springframework.test.annotation.ProfileValueUtils - Retrieved ProfileValueSource type [class org.springframework.test.annotation.SystemProfileValueSource] for class [com.diana.integration.IntTest]
13:44:24.152 [main] DEBUG org.springframework.test.context.support.DependencyInjectionTestExecutionListener - Performing dependency injection for test context [[DefaultTestContext@7ed7259e testClass = IntTest, testInstance = com.diana.integration.IntTest@28eaa59a, testMethod = [null], testException = [null], mergedContextConfiguration = [MergedContextConfiguration@3427b02d testClass = IntTest, locations = '{}', classes = '{class com.diana.config.PersistenceConfig}', contextInitializerClasses = '[]', activeProfiles = '{test}', propertySourceLocations = '{}', propertySourceProperties = '{}', contextCustomizers = set[[empty]], contextLoader = 'org.springframework.test.context.support.DelegatingSmartContextLoader', parent = [null]], attributes = map[[empty]]]].
13:44:24.154 [main] DEBUG org.springframework.test.context.support.AbstractDelegatingSmartContextLoader - Delegating to AnnotationConfigContextLoader to load context from [MergedContextConfiguration@3427b02d testClass = IntTest, locations = '{}', classes = '{class com.diana.config.PersistenceConfig}', contextInitializerClasses = '[]', activeProfiles = '{test}', propertySourceLocations = '{}', propertySourceProperties = '{}', contextCustomizers = set[[empty]], contextLoader = 'org.springframework.test.context.support.DelegatingSmartContextLoader', parent = [null]].
13:44:24.154 [main] DEBUG org.springframework.test.context.support.AbstractGenericContextLoader - Loading ApplicationContext for merged context configuration [[MergedContextConfiguration@3427b02d testClass = IntTest, locations = '{}', classes = '{class com.diana.config.PersistenceConfig}', contextInitializerClasses = '[]', activeProfiles = '{test}', propertySourceLocations = '{}', propertySourceProperties = '{}', contextCustomizers = set[[empty]], contextLoader = 'org.springframework.test.context.support.DelegatingSmartContextLoader', parent = [null]]].
13:44:24.190 [main] DEBUG org.springframework.core.env.StandardEnvironment - Activating profiles [test]
13:44:24.190 [main] DEBUG org.springframework.test.context.support.AnnotationConfigContextLoader - Registering annotated classes: {class com.diana.config.PersistenceConfig}
13:44:24.214 [main] DEBUG org.springframework.context.support.GenericApplicationContext - Refreshing org.springframework.context.support.GenericApplicationContext@3bb9a3ff
13:44:24.224 [main] DEBUG org.springframework.beans.factory.support.DefaultListableBeanFactory - Creating shared instance of singleton bean 'org.springframework.context.annotation.internalConfigurationAnnotationProcessor'
13:44:24.353 [main] DEBUG org.springframework.beans.factory.support.DefaultListableBeanFactory - Creating shared instance of singleton bean 'org.springframework.context.event.internalEventListenerProcessor'
13:44:24.355 [main] DEBUG org.springframework.beans.factory.support.DefaultListableBeanFactory - Creating shared instance of singleton bean 'org.springframework.context.event.internalEventListenerFactory'
13:44:24.356 [main] DEBUG org.springframework.beans.factory.support.DefaultListableBeanFactory - Creating shared instance of singleton bean 'org.springframework.context.annotation.internalAutowiredAnnotationProcessor'
13:44:24.357 [main] DEBUG org.springframework.beans.factory.support.DefaultListableBeanFactory - Creating shared instance of singleton bean 'org.springframework.context.annotation.internalPersistenceAnnotationProcessor'
13:44:24.358 [main] DEBUG org.springframework.beans.factory.support.DefaultListableBeanFactory - Creating shared instance of singleton bean 'persistenceExceptionTranslationPostProcessor'
13:44:24.359 [main] DEBUG org.springframework.beans.factory.support.DefaultListableBeanFactory - Creating shared instance of singleton bean 'persistenceConfig'
13:44:24.363 [main] INFO org.springframework.context.support.PostProcessorRegistrationDelegate$BeanPostProcessorChecker - Bean 'persistenceConfig' of type [com.diana.config.PersistenceConfig$$EnhancerBySpringCGLIB$$e563eae0] is not eligible for getting processed by all BeanPostProcessors (for example: not eligible for auto-proxying)
13:44:24.383 [main] DEBUG org.springframework.beans.factory.support.DefaultListableBeanFactory - Creating shared instance of singleton bean 'testDataSource'
13:44:24.384 [main] WARN com.diana.config.PersistenceConfig - Initializing test datasource
13:44:24.400 [main] DEBUG org.springframework.jdbc.datasource.DriverManagerDataSource - Loaded JDBC driver: org.h2.Driver
13:44:24.404 [main] DEBUG org.springframework.beans.factory.support.DefaultListableBeanFactory - Creating shared instance of singleton bean 'testSessionFactoryBean'
13:44:24.438 [main] DEBUG org.springframework.beans.factory.support.DefaultListableBeanFactory - Autowiring by type from bean name 'testSessionFactoryBean' via factory method to bean named 'testDataSource'
13:44:24.475 [main] DEBUG org.jboss.logging - Logging Provider: org.jboss.logging.Slf4jLoggerProvider
13:44:24.484 [main] DEBUG org.hibernate.integrator.internal.IntegratorServiceImpl - Adding Integrator [org.hibernate.cfg.beanvalidation.BeanValidationIntegrator].
13:44:24.489 [main] DEBUG org.hibernate.integrator.internal.IntegratorServiceImpl - Adding Integrator [org.hibernate.secure.spi.JaccIntegrator].
13:44:24.493 [main] DEBUG org.hibernate.integrator.internal.IntegratorServiceImpl - Adding Integrator [org.hibernate.cache.internal.CollectionCacheInvalidator].
13:44:24.568 [main] INFO org.hibernate.Version - HHH000412: Hibernate Core {5.4.3.Final}
13:44:24.569 [main] DEBUG org.hibernate.cfg.Environment - HHH000206: hibernate.properties not found
13:44:24.681 [main] DEBUG org.hibernate.cfg.Configuration - Building session factory using internal StandardServiceRegistryBuilder
13:44:24.688 [main] DEBUG org.hibernate.service.spi.ServiceBinding - Overriding existing service binding [org.hibernate.secure.spi.JaccService]
13:44:24.688 [main] DEBUG org.hibernate.cfg.Configuration - Building session factory using provided StandardServiceRegistry
13:44:24.698 [main] DEBUG org.hibernate.cache.internal.StrategyCreatorRegionFactoryImpl - RegionFactory impl [org.hibernate.cache.ehcache.internal.EhcacheRegionFactory] did not provide constructor accepting Properties
13:44:24.699 [main] DEBUG org.hibernate.cache.internal.StrategyCreatorRegionFactoryImpl - RegionFactory impl [org.hibernate.cache.ehcache.internal.EhcacheRegionFactory] did not provide constructor accepting Properties
13:44:24.707 [main] WARN org.hibernate.orm.deprecation - HHH020100: The Ehcache second-level cache provider for Hibernate is deprecated.  See https://hibernate.atlassian.net/browse/HHH-12441 for details.
13:44:24.707 [main] DEBUG org.hibernate.cache.internal.RegionFactoryInitiator - Cache region factory : org.hibernate.cache.ehcache.internal.EhcacheRegionFactory
13:44:24.722 [main] INFO org.hibernate.annotations.common.Version - HCANN000001: Hibernate Commons Annotations {5.1.0.Final}
13:44:24.940 [main] DEBUG org.hibernate.type.BasicTypeRegistry - Adding type registration boolean -> org.hibernate.type.BooleanType@37fbe4a8
13:44:24.941 [main] DEBUG org.hibernate.type.BasicTypeRegistry - Adding type registration boolean -> org.hibernate.type.BooleanType@37fbe4a8
13:44:24.941 [main] DEBUG org.hibernate.type.BasicTypeRegistry - Adding type registration java.lang.Boolean -> org.hibernate.type.BooleanType@37fbe4a8
13:44:24.942 [main] DEBUG org.hibernate.type.BasicTypeRegistry - Adding type registration numeric_boolean -> org.hibernate.type.NumericBooleanType@54afd745
13:44:24.943 [main] DEBUG org.hibernate.type.BasicTypeRegistry - Adding type registration true_false -> org.hibernate.type.TrueFalseType@263f04ca
13:44:24.944 [main] DEBUG org.hibernate.type.BasicTypeRegistry - Adding type registration yes_no -> org.hibernate.type.YesNoType@f31c0c6
13:44:24.945 [main] DEBUG org.hibernate.type.BasicTypeRegistry - Adding type registration byte -> org.hibernate.type.ByteType@3a0807b7
13:44:24.945 [main] DEBUG org.hibernate.type.BasicTypeRegistry - Adding type registration byte -> org.hibernate.type.ByteType@3a0807b7
13:44:24.945 [main] DEBUG org.hibernate.type.BasicTypeRegistry - Adding type registration java.lang.Byte -> org.hibernate.type.ByteType@3a0807b7
13:44:24.947 [main] DEBUG org.hibernate.type.BasicTypeRegistry - Adding type registration character -> org.hibernate.type.CharacterType@5489c777
13:44:24.947 [main] DEBUG org.hibernate.type.BasicTypeRegistry - Adding type registration char -> org.hibernate.type.CharacterType@5489c777
13:44:24.947 [main] DEBUG org.hibernate.type.BasicTypeRegistry - Adding type registration java.lang.Character -> org.hibernate.type.CharacterType@5489c777
13:44:24.949 [main] DEBUG org.hibernate.type.BasicTypeRegistry - Adding type registration short -> org.hibernate.type.ShortType@158d255c
13:44:24.949 [main] DEBUG org.hibernate.type.BasicTypeRegistry - Adding type registration short -> org.hibernate.type.ShortType@158d255c
13:44:24.949 [main] DEBUG org.hibernate.type.BasicTypeRegistry - Adding type registration java.lang.Short -> org.hibernate.type.ShortType@158d255c
13:44:24.951 [main] DEBUG org.hibernate.type.BasicTypeRegistry - Adding type registration integer -> org.hibernate.type.IntegerType@672f11c2
13:44:24.951 [main] DEBUG org.hibernate.type.BasicTypeRegistry - Adding type registration int -> org.hibernate.type.IntegerType@672f11c2
13:44:24.952 [main] DEBUG org.hibernate.type.BasicTypeRegistry - Adding type registration java.lang.Integer -> org.hibernate.type.IntegerType@672f11c2
13:44:24.955 [main] DEBUG org.hibernate.type.BasicTypeRegistry - Adding type registration long -> org.hibernate.type.LongType@4fbdc0f0
13:44:24.956 [main] DEBUG org.hibernate.type.BasicTypeRegistry - Adding type registration long -> org.hibernate.type.LongType@4fbdc0f0
13:44:24.956 [main] DEBUG org.hibernate.type.BasicTypeRegistry - Adding type registration java.lang.Long -> org.hibernate.type.LongType@4fbdc0f0
13:44:24.957 [main] DEBUG org.hibernate.type.BasicTypeRegistry - Adding type registration float -> org.hibernate.type.FloatType@aec50a1
13:44:24.958 [main] DEBUG org.hibernate.type.BasicTypeRegistry - Adding type registration float -> org.hibernate.type.FloatType@aec50a1
13:44:24.958 [main] DEBUG org.hibernate.type.BasicTypeRegistry - Adding type registration java.lang.Float -> org.hibernate.type.FloatType@aec50a1
13:44:24.959 [main] DEBUG org.hibernate.type.BasicTypeRegistry - Adding type registration double -> org.hibernate.type.DoubleType@7c18432b
13:44:24.959 [main] DEBUG org.hibernate.type.BasicTypeRegistry - Adding type registration double -> org.hibernate.type.DoubleType@7c18432b
13:44:24.959 [main] DEBUG org.hibernate.type.BasicTypeRegistry - Adding type registration java.lang.Double -> org.hibernate.type.DoubleType@7c18432b
13:44:24.960 [main] DEBUG org.hibernate.type.BasicTypeRegistry - Adding type registration big_decimal -> org.hibernate.type.BigDecimalType@42a9a63e
13:44:24.961 [main] DEBUG org.hibernate.type.BasicTypeRegistry - Adding type registration java.math.BigDecimal -> org.hibernate.type.BigDecimalType@42a9a63e
13:44:24.962 [main] DEBUG org.hibernate.type.BasicTypeRegistry - Adding type registration big_integer -> org.hibernate.type.BigIntegerType@6b9267b
13:44:24.963 [main] DEBUG org.hibernate.type.BasicTypeRegistry - Adding type registration java.math.BigInteger -> org.hibernate.type.BigIntegerType@6b9267b
13:44:24.964 [main] DEBUG org.hibernate.type.BasicTypeRegistry - Adding type registration string -> org.hibernate.type.StringType@726386ed
13:44:24.964 [main] DEBUG org.hibernate.type.BasicTypeRegistry - Adding type registration java.lang.String -> org.hibernate.type.StringType@726386ed
13:44:24.965 [main] DEBUG org.hibernate.type.BasicTypeRegistry - Adding type registration nstring -> org.hibernate.type.StringNVarcharType@797501a
13:44:24.966 [main] DEBUG org.hibernate.type.BasicTypeRegistry - Adding type registration ncharacter -> org.hibernate.type.CharacterNCharType@6c4f9535
13:44:24.967 [main] DEBUG org.hibernate.type.BasicTypeRegistry - Adding type registration url -> org.hibernate.type.UrlType@344344fa
13:44:24.967 [main] DEBUG org.hibernate.type.BasicTypeRegistry - Adding type registration java.net.URL -> org.hibernate.type.UrlType@344344fa
13:44:24.968 [main] DEBUG org.hibernate.type.BasicTypeRegistry - Adding type registration Duration -> org.hibernate.type.DurationType@1827a871
13:44:24.969 [main] DEBUG org.hibernate.type.BasicTypeRegistry - Adding type registration java.time.Duration -> org.hibernate.type.DurationType@1827a871
13:44:24.975 [main] DEBUG org.hibernate.type.BasicTypeRegistry - Adding type registration Instant -> org.hibernate.type.InstantType@6ab72419
13:44:24.975 [main] DEBUG org.hibernate.type.BasicTypeRegistry - Adding type registration java.time.Instant -> org.hibernate.type.InstantType@6ab72419
13:44:24.977 [main] DEBUG org.hibernate.type.BasicTypeRegistry - Adding type registration LocalDateTime -> org.hibernate.type.LocalDateTimeType@5ea502e0
13:44:24.978 [main] DEBUG org.hibernate.type.BasicTypeRegistry - Adding type registration java.time.LocalDateTime -> org.hibernate.type.LocalDateTimeType@5ea502e0
13:44:24.980 [main] DEBUG org.hibernate.type.BasicTypeRegistry - Adding type registration LocalDate -> org.hibernate.type.LocalDateType@5bbc9f97
13:44:24.980 [main] DEBUG org.hibernate.type.BasicTypeRegistry - Adding type registration java.time.LocalDate -> org.hibernate.type.LocalDateType@5bbc9f97
13:44:24.982 [main] DEBUG org.hibernate.type.BasicTypeRegistry - Adding type registration LocalTime -> org.hibernate.type.LocalTimeType@3d4d3fe7
13:44:24.982 [main] DEBUG org.hibernate.type.BasicTypeRegistry - Adding type registration java.time.LocalTime -> org.hibernate.type.LocalTimeType@3d4d3fe7
13:44:24.985 [main] DEBUG org.hibernate.type.BasicTypeRegistry - Adding type registration OffsetDateTime -> org.hibernate.type.OffsetDateTimeType@6e33c391
13:44:24.986 [main] DEBUG org.hibernate.type.BasicTypeRegistry - Adding type registration java.time.OffsetDateTime -> org.hibernate.type.OffsetDateTimeType@6e33c391
13:44:24.988 [main] DEBUG org.hibernate.type.BasicTypeRegistry - Adding type registration OffsetTime -> org.hibernate.type.OffsetTimeType@4e9658b5
13:44:24.989 [main] DEBUG org.hibernate.type.BasicTypeRegistry - Adding type registration java.time.OffsetTime -> org.hibernate.type.OffsetTimeType@4e9658b5
13:44:24.991 [main] DEBUG org.hibernate.type.BasicTypeRegistry - Adding type registration ZonedDateTime -> org.hibernate.type.ZonedDateTimeType@52eacb4b
13:44:24.991 [main] DEBUG org.hibernate.type.BasicTypeRegistry - Adding type registration java.time.ZonedDateTime -> org.hibernate.type.ZonedDateTimeType@52eacb4b
13:44:24.993 [main] DEBUG org.hibernate.type.BasicTypeRegistry - Adding type registration date -> org.hibernate.type.DateType@669253b7
13:44:24.993 [main] DEBUG org.hibernate.type.BasicTypeRegistry - Adding type registration java.sql.Date -> org.hibernate.type.DateType@669253b7
13:44:24.995 [main] DEBUG org.hibernate.type.BasicTypeRegistry - Adding type registration time -> org.hibernate.type.TimeType@4d9d1b69
13:44:24.995 [main] DEBUG org.hibernate.type.BasicTypeRegistry - Adding type registration java.sql.Time -> org.hibernate.type.TimeType@4d9d1b69
13:44:24.996 [main] DEBUG org.hibernate.type.BasicTypeRegistry - Adding type registration timestamp -> org.hibernate.type.TimestampType@22680f52
13:44:24.996 [main] DEBUG org.hibernate.type.BasicTypeRegistry - Adding type registration java.sql.Timestamp -> org.hibernate.type.TimestampType@22680f52
13:44:24.996 [main] DEBUG org.hibernate.type.BasicTypeRegistry - Adding type registration java.util.Date -> org.hibernate.type.TimestampType@22680f52
13:44:24.999 [main] DEBUG org.hibernate.type.BasicTypeRegistry - Adding type registration dbtimestamp -> org.hibernate.type.DbTimestampType@503d56b5
13:44:25.001 [main] DEBUG org.hibernate.type.BasicTypeRegistry - Adding type registration calendar -> org.hibernate.type.CalendarType@27f9e982
13:44:25.002 [main] DEBUG org.hibernate.type.BasicTypeRegistry - Adding type registration java.util.Calendar -> org.hibernate.type.CalendarType@27f9e982
13:44:25.002 [main] DEBUG org.hibernate.type.BasicTypeRegistry - Adding type registration java.util.GregorianCalendar -> org.hibernate.type.CalendarType@27f9e982
13:44:25.004 [main] DEBUG org.hibernate.type.BasicTypeRegistry - Adding type registration calendar_date -> org.hibernate.type.CalendarDateType@22db8f4
13:44:25.005 [main] DEBUG org.hibernate.type.BasicTypeRegistry - Adding type registration locale -> org.hibernate.type.LocaleType@2f40a43
13:44:25.005 [main] DEBUG org.hibernate.type.BasicTypeRegistry - Adding type registration java.util.Locale -> org.hibernate.type.LocaleType@2f40a43
13:44:25.006 [main] DEBUG org.hibernate.type.BasicTypeRegistry - Adding type registration currency -> org.hibernate.type.CurrencyType@238b521e
13:44:25.006 [main] DEBUG org.hibernate.type.BasicTypeRegistry - Adding type registration java.util.Currency -> org.hibernate.type.CurrencyType@238b521e
13:44:25.007 [main] DEBUG org.hibernate.type.BasicTypeRegistry - Adding type registration timezone -> org.hibernate.type.TimeZoneType@2d8f2f3a
13:44:25.007 [main] DEBUG org.hibernate.type.BasicTypeRegistry - Adding type registration java.util.TimeZone -> org.hibernate.type.TimeZoneType@2d8f2f3a
13:44:25.008 [main] DEBUG org.hibernate.type.BasicTypeRegistry - Adding type registration class -> org.hibernate.type.ClassType@58dea0a5
13:44:25.008 [main] DEBUG org.hibernate.type.BasicTypeRegistry - Adding type registration java.lang.Class -> org.hibernate.type.ClassType@58dea0a5
13:44:25.009 [main] DEBUG org.hibernate.type.BasicTypeRegistry - Adding type registration uuid-binary -> org.hibernate.type.UUIDBinaryType@5167268
13:44:25.009 [main] DEBUG org.hibernate.type.BasicTypeRegistry - Adding type registration java.util.UUID -> org.hibernate.type.UUIDBinaryType@5167268
13:44:25.011 [main] DEBUG org.hibernate.type.BasicTypeRegistry - Adding type registration uuid-char -> org.hibernate.type.UUIDCharType@1af7f54a
13:44:25.012 [main] DEBUG org.hibernate.type.BasicTypeRegistry - Adding type registration binary -> org.hibernate.type.BinaryType@50b8ae8d
13:44:25.012 [main] DEBUG org.hibernate.type.BasicTypeRegistry - Adding type registration byte[] -> org.hibernate.type.BinaryType@50b8ae8d
13:44:25.012 [main] DEBUG org.hibernate.type.BasicTypeRegistry - Adding type registration [B -> org.hibernate.type.BinaryType@50b8ae8d
13:44:25.013 [main] DEBUG org.hibernate.type.BasicTypeRegistry - Adding type registration wrapper-binary -> org.hibernate.type.WrapperBinaryType@3a7b503d
13:44:25.013 [main] DEBUG org.hibernate.type.BasicTypeRegistry - Adding type registration Byte[] -> org.hibernate.type.WrapperBinaryType@3a7b503d
13:44:25.013 [main] DEBUG org.hibernate.type.BasicTypeRegistry - Adding type registration [Ljava.lang.Byte; -> org.hibernate.type.WrapperBinaryType@3a7b503d
13:44:25.014 [main] DEBUG org.hibernate.type.BasicTypeRegistry - Adding type registration row_version -> org.hibernate.type.RowVersionType@475b7792
13:44:25.015 [main] DEBUG org.hibernate.type.BasicTypeRegistry - Adding type registration image -> org.hibernate.type.ImageType@4d0402b
13:44:25.016 [main] DEBUG org.hibernate.type.BasicTypeRegistry - Adding type registration characters -> org.hibernate.type.CharArrayType@3f2049b6
13:44:25.016 [main] DEBUG org.hibernate.type.BasicTypeRegistry - Adding type registration char[] -> org.hibernate.type.CharArrayType@3f2049b6
13:44:25.017 [main] DEBUG org.hibernate.type.BasicTypeRegistry - Adding type registration [C -> org.hibernate.type.CharArrayType@3f2049b6
13:44:25.018 [main] DEBUG org.hibernate.type.BasicTypeRegistry - Adding type registration wrapper-characters -> org.hibernate.type.CharacterArrayType@3c321bdb
13:44:25.019 [main] DEBUG org.hibernate.type.BasicTypeRegistry - Adding type registration [Ljava.lang.Character; -> org.hibernate.type.CharacterArrayType@3c321bdb
13:44:25.019 [main] DEBUG org.hibernate.type.BasicTypeRegistry - Adding type registration Character[] -> org.hibernate.type.CharacterArrayType@3c321bdb
13:44:25.019 [main] DEBUG org.hibernate.type.BasicTypeRegistry - Adding type registration text -> org.hibernate.type.TextType@610db97e
13:44:25.020 [main] DEBUG org.hibernate.type.BasicTypeRegistry - Adding type registration ntext -> org.hibernate.type.NTextType@12f3afb5
13:44:25.022 [main] DEBUG org.hibernate.type.BasicTypeRegistry - Adding type registration blob -> org.hibernate.type.BlobType@5cbf9e9f
13:44:25.022 [main] DEBUG org.hibernate.type.BasicTypeRegistry - Adding type registration java.sql.Blob -> org.hibernate.type.BlobType@5cbf9e9f
13:44:25.023 [main] DEBUG org.hibernate.type.BasicTypeRegistry - Adding type registration materialized_blob -> org.hibernate.type.MaterializedBlobType@3ad394e6
13:44:25.025 [main] DEBUG org.hibernate.type.BasicTypeRegistry - Adding type registration clob -> org.hibernate.type.ClobType@6ca320ab
13:44:25.025 [main] DEBUG org.hibernate.type.BasicTypeRegistry - Adding type registration java.sql.Clob -> org.hibernate.type.ClobType@6ca320ab
13:44:25.027 [main] DEBUG org.hibernate.type.BasicTypeRegistry - Adding type registration nclob -> org.hibernate.type.NClobType@7561db12
13:44:25.027 [main] DEBUG org.hibernate.type.BasicTypeRegistry - Adding type registration java.sql.NClob -> org.hibernate.type.NClobType@7561db12
13:44:25.027 [main] DEBUG org.hibernate.type.BasicTypeRegistry - Adding type registration materialized_clob -> org.hibernate.type.MaterializedClobType@6e9c413e
13:44:25.028 [main] DEBUG org.hibernate.type.BasicTypeRegistry - Adding type registration materialized_nclob -> org.hibernate.type.MaterializedNClobType@36dce7ed
13:44:25.029 [main] DEBUG org.hibernate.type.BasicTypeRegistry - Adding type registration serializable -> org.hibernate.type.SerializableType@10ad20cb
13:44:25.033 [main] DEBUG org.hibernate.type.BasicTypeRegistry - Adding type registration object -> org.hibernate.type.ObjectType@622ef26a
13:44:25.033 [main] DEBUG org.hibernate.type.BasicTypeRegistry - Adding type registration java.lang.Object -> org.hibernate.type.ObjectType@622ef26a
13:44:25.034 [main] DEBUG org.hibernate.type.BasicTypeRegistry - Adding type registration imm_date -> org.hibernate.type.AdaptedImmutableType@3d526ad9
13:44:25.034 [main] DEBUG org.hibernate.type.BasicTypeRegistry - Adding type registration imm_time -> org.hibernate.type.AdaptedImmutableType@e041f0c
13:44:25.034 [main] DEBUG org.hibernate.type.BasicTypeRegistry - Adding type registration imm_timestamp -> org.hibernate.type.AdaptedImmutableType@6a175569
13:44:25.035 [main] DEBUG org.hibernate.type.BasicTypeRegistry - Adding type registration imm_dbtimestamp -> org.hibernate.type.AdaptedImmutableType@11963225
13:44:25.036 [main] DEBUG org.hibernate.type.BasicTypeRegistry - Adding type registration imm_calendar -> org.hibernate.type.AdaptedImmutableType@3f3c966c
13:44:25.036 [main] DEBUG org.hibernate.type.BasicTypeRegistry - Adding type registration imm_calendar_date -> org.hibernate.type.AdaptedImmutableType@11ee02f8
13:44:25.036 [main] DEBUG org.hibernate.type.BasicTypeRegistry - Adding type registration imm_binary -> org.hibernate.type.AdaptedImmutableType@4102b1b1
13:44:25.036 [main] DEBUG org.hibernate.type.BasicTypeRegistry - Adding type registration imm_serializable -> org.hibernate.type.AdaptedImmutableType@61a5b4ae
13:44:25.062 [main] DEBUG org.hibernate.id.factory.internal.DefaultIdentifierGeneratorFactory - Registering IdentifierGenerator strategy [uuid2] -> [org.hibernate.id.UUIDGenerator]
13:44:25.063 [main] DEBUG org.hibernate.id.factory.internal.DefaultIdentifierGeneratorFactory - Registering IdentifierGenerator strategy [guid] -> [org.hibernate.id.GUIDGenerator]
13:44:25.064 [main] DEBUG org.hibernate.id.factory.internal.DefaultIdentifierGeneratorFactory - Registering IdentifierGenerator strategy [uuid] -> [org.hibernate.id.UUIDHexGenerator]
13:44:25.064 [main] DEBUG org.hibernate.id.factory.internal.DefaultIdentifierGeneratorFactory - Registering IdentifierGenerator strategy [uuid.hex] -> [org.hibernate.id.UUIDHexGenerator]
13:44:25.064 [main] DEBUG org.hibernate.id.factory.internal.DefaultIdentifierGeneratorFactory - Registering IdentifierGenerator strategy [assigned] -> [org.hibernate.id.Assigned]
13:44:25.065 [main] DEBUG org.hibernate.id.factory.internal.DefaultIdentifierGeneratorFactory - Registering IdentifierGenerator strategy [identity] -> [org.hibernate.id.IdentityGenerator]
13:44:25.066 [main] DEBUG org.hibernate.id.factory.internal.DefaultIdentifierGeneratorFactory - Registering IdentifierGenerator strategy [select] -> [org.hibernate.id.SelectGenerator]
13:44:25.067 [main] DEBUG org.hibernate.id.factory.internal.DefaultIdentifierGeneratorFactory - Registering IdentifierGenerator strategy [sequence] -> [org.hibernate.id.enhanced.SequenceStyleGenerator]
13:44:25.068 [main] DEBUG org.hibernate.id.factory.internal.DefaultIdentifierGeneratorFactory - Registering IdentifierGenerator strategy [seqhilo] -> [org.hibernate.id.SequenceHiLoGenerator]
13:44:25.069 [main] DEBUG org.hibernate.id.factory.internal.DefaultIdentifierGeneratorFactory - Registering IdentifierGenerator strategy [increment] -> [org.hibernate.id.IncrementGenerator]
13:44:25.069 [main] DEBUG org.hibernate.id.factory.internal.DefaultIdentifierGeneratorFactory - Registering IdentifierGenerator strategy [foreign] -> [org.hibernate.id.ForeignGenerator]
13:44:25.070 [main] DEBUG org.hibernate.id.factory.internal.DefaultIdentifierGeneratorFactory - Registering IdentifierGenerator strategy [sequence-identity] -> [org.hibernate.id.SequenceIdentityGenerator]
13:44:25.070 [main] DEBUG org.hibernate.id.factory.internal.DefaultIdentifierGeneratorFactory - Registering IdentifierGenerator strategy [enhanced-sequence] -> [org.hibernate.id.enhanced.SequenceStyleGenerator]
13:44:25.071 [main] DEBUG org.hibernate.id.factory.internal.DefaultIdentifierGeneratorFactory - Registering IdentifierGenerator strategy [enhanced-table] -> [org.hibernate.id.enhanced.TableGenerator]
13:44:25.077 [main] DEBUG org.springframework.jdbc.datasource.DriverManagerDataSource - Creating new JDBC DriverManager Connection to [jdbc:h2:mem:testDB;DB_CLOSE_DELAY=-1]
13:44:25.204 [main] DEBUG org.hibernate.engine.jdbc.env.internal.JdbcEnvironmentInitiator - Database ->
       name : H2
    version : 1.4.199 (2019-03-13)
      major : 1
      minor : 4
13:44:25.204 [main] DEBUG org.hibernate.engine.jdbc.env.internal.JdbcEnvironmentInitiator - Driver ->
       name : H2 JDBC Driver
    version : 1.4.199 (2019-03-13)
      major : 1
      minor : 4
13:44:25.204 [main] DEBUG org.hibernate.engine.jdbc.env.internal.JdbcEnvironmentInitiator - JDBC version : 4.1
13:44:25.219 [main] INFO org.hibernate.dialect.Dialect - HHH000400: Using dialect: org.hibernate.dialect.H2Dialect
13:44:25.258 [main] DEBUG org.hibernate.engine.jdbc.env.spi.IdentifierHelperBuilder - JDBC driver metadata reported database stores quoted identifiers in neither upper, lower nor mixed case
13:44:25.282 [main] DEBUG org.hibernate.boot.model.relational.Namespace - Created database namespace [logicalName=Name{catalog=null, schema=null}, physicalName=Name{catalog=null, schema=null}]
13:44:25.285 [main] DEBUG org.hibernate.type.spi.TypeConfiguration$Scope - Scoping TypeConfiguration [org.hibernate.type.spi.TypeConfiguration@5327a06e] to MetadataBuildingContext [org.hibernate.boot.internal.MetadataBuildingContextRootImpl@2679311f]
13:44:25.336 [main] DEBUG org.hibernate.cfg.AnnotationBinder - Binding entity from annotated class: com.diana.model.Address
13:44:25.349 [main] DEBUG org.hibernate.cfg.Ejb3Column - Binding column: Ejb3DiscriminatorColumn{logicalColumnName'DTYPE', discriminatorTypeName='string'}
13:44:25.353 [main] DEBUG org.hibernate.cfg.annotations.EntityBinder - Import with entity name Address
13:44:25.355 [main] DEBUG org.hibernate.cfg.annotations.EntityBinder - Bind entity com.diana.model.Address on table addresses
13:44:25.371 [main] DEBUG org.hibernate.cfg.Ejb3Column - Binding column: Ejb3Column{table=org.hibernate.mapping.Table(addresses), mappingColumn=id, insertable=true, updatable=true, unique=false}
13:44:25.378 [main] DEBUG org.hibernate.cfg.Ejb3Column - Binding column: Ejb3JoinColumn{logicalColumnName='null', referencedColumn='null', mappedBy=''}
13:44:25.379 [main] DEBUG org.hibernate.cfg.annotations.PropertyBinder - MetadataSourceProcessor property id with lazy=false
13:44:25.380 [main] DEBUG org.hibernate.cfg.AbstractPropertyHolder - Attempting to locate auto-apply AttributeConverter for property [com.diana.model.Address:id]
13:44:25.382 [main] DEBUG org.hibernate.cfg.annotations.SimpleValueBinder - building SimpleValue for id
13:44:25.384 [main] DEBUG org.hibernate.cfg.annotations.PropertyBinder - Building property id
13:44:25.387 [main] DEBUG org.hibernate.cfg.BinderHelper - #makeIdGenerator(org.hibernate.mapping.SimpleValue([]), id, foreign, Hibernate-local--foreign generator, ...)
13:44:25.388 [main] DEBUG org.hibernate.cfg.Ejb3Column - Binding column: Ejb3Column{table=org.hibernate.mapping.Table(addresses), mappingColumn=city, insertable=true, updatable=true, unique=false}
13:44:25.388 [main] DEBUG org.hibernate.cfg.annotations.PropertyBinder - MetadataSourceProcessor property city with lazy=false
13:44:25.388 [main] DEBUG org.hibernate.cfg.AbstractPropertyHolder - Attempting to locate auto-apply AttributeConverter for property [com.diana.model.Address:city]
13:44:25.388 [main] DEBUG org.hibernate.cfg.annotations.SimpleValueBinder - building SimpleValue for city
13:44:25.389 [main] DEBUG org.hibernate.cfg.annotations.PropertyBinder - Building property city
13:44:25.389 [main] DEBUG org.hibernate.cfg.Ejb3Column - Binding column: Ejb3JoinColumn{logicalColumnName='null', referencedColumn='null', mappedBy=''}
13:44:25.390 [main] DEBUG org.hibernate.cfg.Ejb3Column - Binding column: Ejb3Column{table=org.hibernate.mapping.Table(addresses), mappingColumn=employee, insertable=true, updatable=true, unique=false}
13:44:25.392 [main] DEBUG org.hibernate.cfg.annotations.PropertyBinder - Building property employee
13:44:25.392 [main] DEBUG org.hibernate.cfg.Ejb3Column - Binding column: Ejb3Column{table=org.hibernate.mapping.Table(addresses), mappingColumn=street, insertable=true, updatable=true, unique=false}
13:44:25.393 [main] DEBUG org.hibernate.cfg.annotations.PropertyBinder - MetadataSourceProcessor property street with lazy=false
13:44:25.393 [main] DEBUG org.hibernate.cfg.AbstractPropertyHolder - Attempting to locate auto-apply AttributeConverter for property [com.diana.model.Address:street]
13:44:25.393 [main] DEBUG org.hibernate.cfg.annotations.SimpleValueBinder - building SimpleValue for street
13:44:25.393 [main] DEBUG org.hibernate.cfg.annotations.PropertyBinder - Building property street
13:44:25.394 [main] DEBUG org.hibernate.cfg.AnnotationBinder - Binding entity from annotated class: com.diana.model.Department
13:44:25.394 [main] DEBUG org.hibernate.cfg.Ejb3Column - Binding column: Ejb3DiscriminatorColumn{logicalColumnName'DTYPE', discriminatorTypeName='string'}
13:44:25.394 [main] DEBUG org.hibernate.cfg.annotations.EntityBinder - Import with entity name Department
13:44:25.394 [main] DEBUG org.hibernate.cfg.annotations.EntityBinder - Bind entity com.diana.model.Department on table departments
13:44:25.398 [main] DEBUG org.hibernate.cfg.Ejb3Column - Binding column: Ejb3Column{table=org.hibernate.mapping.Table(departments), mappingColumn=id, insertable=true, updatable=true, unique=false}
13:44:25.401 [main] DEBUG org.hibernate.cfg.annotations.PropertyBinder - MetadataSourceProcessor property id with lazy=false
13:44:25.401 [main] DEBUG org.hibernate.cfg.AbstractPropertyHolder - Attempting to locate auto-apply AttributeConverter for property [com.diana.model.Department:id]
13:44:25.402 [main] DEBUG org.hibernate.cfg.annotations.SimpleValueBinder - building SimpleValue for id
13:44:25.402 [main] DEBUG org.hibernate.cfg.annotations.PropertyBinder - Building property id
13:44:25.403 [main] DEBUG org.hibernate.cfg.BinderHelper - #makeIdGenerator(org.hibernate.mapping.SimpleValue([org.hibernate.mapping.Column(id)]), id, identity, , ...)
13:44:25.403 [main] DEBUG org.hibernate.cfg.Ejb3Column - Binding column: Ejb3JoinColumn{logicalColumnName='null', referencedColumn='null', mappedBy='department'}
13:44:25.403 [main] DEBUG org.hibernate.cfg.Ejb3Column - Binding column: Ejb3Column{table=org.hibernate.mapping.Table(departments), mappingColumn=employees, insertable=true, updatable=true, unique=false}
13:44:25.405 [main] DEBUG org.hibernate.cfg.Ejb3Column - Binding column: Ejb3Column{table=org.hibernate.mapping.Table(departments), mappingColumn=null, insertable=true, updatable=true, unique=false}
13:44:25.412 [main] DEBUG org.hibernate.cfg.Ejb3Column - Binding column: Ejb3Column{table=org.hibernate.mapping.Table(departments), mappingColumn=element, insertable=true, updatable=true, unique=false}
13:44:25.413 [main] DEBUG org.hibernate.cfg.Ejb3Column - Binding column: Ejb3Column{table=org.hibernate.mapping.Table(departments), mappingColumn=employees_KEY, insertable=true, updatable=true, unique=false}
13:44:25.413 [main] DEBUG org.hibernate.cfg.Ejb3Column - Binding column: Ejb3JoinColumn{logicalColumnName='employees_KEY', referencedColumn='null', mappedBy='null'}
13:44:25.413 [main] DEBUG org.hibernate.cfg.Ejb3Column - Binding column: Ejb3JoinColumn{logicalColumnName='null', referencedColumn='null', mappedBy='department'}
13:44:25.413 [main] DEBUG org.hibernate.cfg.Ejb3Column - Binding column: Ejb3JoinColumn{logicalColumnName='null', referencedColumn='null', mappedBy='department'}
13:44:25.414 [main] DEBUG org.hibernate.cfg.annotations.CollectionBinder - Collection role: com.diana.model.Department.employees
13:44:25.416 [main] DEBUG org.hibernate.cfg.annotations.PropertyBinder - Building property employees
13:44:25.416 [main] DEBUG org.hibernate.cfg.Ejb3Column - Binding column: Ejb3Column{table=org.hibernate.mapping.Table(departments), mappingColumn=name, insertable=true, updatable=true, unique=false}
13:44:25.416 [main] DEBUG org.hibernate.cfg.annotations.PropertyBinder - MetadataSourceProcessor property name with lazy=false
13:44:25.416 [main] DEBUG org.hibernate.cfg.AbstractPropertyHolder - Attempting to locate auto-apply AttributeConverter for property [com.diana.model.Department:name]
13:44:25.416 [main] DEBUG org.hibernate.cfg.annotations.SimpleValueBinder - building SimpleValue for name
13:44:25.417 [main] DEBUG org.hibernate.cfg.annotations.PropertyBinder - Building property name
13:44:25.417 [main] DEBUG org.hibernate.cfg.AnnotationBinder - Binding entity from annotated class: com.diana.model.Employee
13:44:25.417 [main] DEBUG org.hibernate.cfg.Ejb3Column - Binding column: Ejb3DiscriminatorColumn{logicalColumnName'DTYPE', discriminatorTypeName='string'}
13:44:25.417 [main] DEBUG org.hibernate.cfg.annotations.EntityBinder - Import with entity name Employee
13:44:25.417 [main] DEBUG org.hibernate.cfg.annotations.EntityBinder - Bind entity com.diana.model.Employee on table employees
13:44:25.418 [main] DEBUG org.hibernate.cfg.Ejb3Column - Binding column: Ejb3Column{table=org.hibernate.mapping.Table(employees), mappingColumn=id, insertable=true, updatable=true, unique=false}
13:44:25.419 [main] DEBUG org.hibernate.cfg.annotations.PropertyBinder - MetadataSourceProcessor property id with lazy=false
13:44:25.419 [main] DEBUG org.hibernate.cfg.AbstractPropertyHolder - Attempting to locate auto-apply AttributeConverter for property [com.diana.model.Employee:id]
13:44:25.419 [main] DEBUG org.hibernate.cfg.annotations.SimpleValueBinder - building SimpleValue for id
13:44:25.419 [main] DEBUG org.hibernate.cfg.annotations.PropertyBinder - Building property id
13:44:25.420 [main] DEBUG org.hibernate.cfg.BinderHelper - #makeIdGenerator(org.hibernate.mapping.SimpleValue([org.hibernate.mapping.Column(id)]), id, identity, , ...)
13:44:25.420 [main] DEBUG org.hibernate.cfg.Ejb3Column - Binding column: Ejb3JoinColumn{logicalColumnName='department_id', referencedColumn='', mappedBy=''}
13:44:25.420 [main] DEBUG org.hibernate.cfg.Ejb3Column - Binding column: Ejb3Column{table=org.hibernate.mapping.Table(employees), mappingColumn=department, insertable=true, updatable=true, unique=false}
13:44:25.420 [main] DEBUG org.hibernate.cfg.annotations.PropertyBinder - Building property department
13:44:25.420 [main] DEBUG org.hibernate.cfg.Ejb3Column - Binding column: Ejb3Column{table=org.hibernate.mapping.Table(employees), mappingColumn=name, insertable=true, updatable=true, unique=false}
13:44:25.420 [main] DEBUG org.hibernate.cfg.annotations.PropertyBinder - MetadataSourceProcessor property name with lazy=false
13:44:25.420 [main] DEBUG org.hibernate.cfg.AbstractPropertyHolder - Attempting to locate auto-apply AttributeConverter for property [com.diana.model.Employee:name]
13:44:25.421 [main] DEBUG org.hibernate.cfg.annotations.SimpleValueBinder - building SimpleValue for name
13:44:25.421 [main] DEBUG org.hibernate.cfg.annotations.PropertyBinder - Building property name
13:44:25.421 [main] DEBUG org.hibernate.cfg.Ejb3Column - Binding column: Ejb3Column{table=org.hibernate.mapping.Table(employees), mappingColumn=phone, insertable=true, updatable=true, unique=false}
13:44:25.421 [main] DEBUG org.hibernate.cfg.annotations.PropertyBinder - MetadataSourceProcessor property phone with lazy=false
13:44:25.421 [main] DEBUG org.hibernate.cfg.AbstractPropertyHolder - Attempting to locate auto-apply AttributeConverter for property [com.diana.model.Employee:phone]
13:44:25.421 [main] DEBUG org.hibernate.cfg.annotations.SimpleValueBinder - building SimpleValue for phone
13:44:25.421 [main] DEBUG org.hibernate.cfg.annotations.PropertyBinder - Building property phone
13:44:25.424 [main] DEBUG org.hibernate.cfg.annotations.SimpleValueBinder - Starting fillSimpleValue for id
13:44:25.425 [main] DEBUG org.hibernate.cfg.annotations.SimpleValueBinder - Starting fillSimpleValue for city
13:44:25.425 [main] DEBUG org.hibernate.cfg.annotations.SimpleValueBinder - Starting fillSimpleValue for street
13:44:25.425 [main] DEBUG org.hibernate.cfg.annotations.SimpleValueBinder - Starting fillSimpleValue for id
13:44:25.425 [main] DEBUG org.hibernate.cfg.annotations.SimpleValueBinder - Starting fillSimpleValue for name
13:44:25.425 [main] DEBUG org.hibernate.cfg.annotations.SimpleValueBinder - Starting fillSimpleValue for id
13:44:25.425 [main] DEBUG org.hibernate.cfg.annotations.SimpleValueBinder - Starting fillSimpleValue for name
13:44:25.425 [main] DEBUG org.hibernate.cfg.annotations.SimpleValueBinder - Starting fillSimpleValue for phone
13:44:25.430 [main] DEBUG org.hibernate.mapping.PrimaryKey - Forcing column [employee_id] to be non-null as it is part of the primary key for table [addresses]
13:44:25.431 [main] DEBUG org.hibernate.mapping.PrimaryKey - Forcing column [id] to be non-null as it is part of the primary key for table [departments]
13:44:25.431 [main] DEBUG org.hibernate.mapping.PrimaryKey - Forcing column [id] to be non-null as it is part of the primary key for table [employees]
13:44:25.431 [main] DEBUG org.hibernate.cfg.CollectionSecondPass - Second pass for collection: com.diana.model.Department.employees
13:44:25.431 [main] DEBUG org.hibernate.cfg.annotations.CollectionBinder - Binding a OneToMany: com.diana.model.Department.employees through a foreign key
13:44:25.432 [main] DEBUG org.hibernate.cfg.annotations.CollectionBinder - Mapping collection: com.diana.model.Department.employees -> employees
13:44:25.433 [main] DEBUG org.hibernate.cfg.annotations.TableBinder - Retrieving property com.diana.model.Employee.department
13:44:25.433 [main] DEBUG org.hibernate.cfg.CollectionSecondPass - Mapped collection key: department_id, one-to-many: com.diana.model.Employee
13:44:25.433 [main] DEBUG org.hibernate.boot.internal.InFlightMetadataCollectorImpl - Resolving reference to class: com.diana.model.Employee
13:44:25.435 [main] DEBUG org.hibernate.boot.internal.InFlightMetadataCollectorImpl - Resolving reference to class: com.diana.model.Department
13:44:25.438 [main] DEBUG org.hibernate.boot.internal.InFlightMetadataCollectorImpl - Resolving reference to class: com.diana.model.Employee
13:44:25.439 [main] DEBUG org.hibernate.boot.internal.InFlightMetadataCollectorImpl - Resolving reference to class: com.diana.model.Department
13:44:25.461 [main] DEBUG org.hibernate.internal.SessionFactoryImpl - Building session factory
13:44:25.462 [main] DEBUG org.hibernate.cfg.Settings - SessionFactory name : null
13:44:25.462 [main] DEBUG org.hibernate.cfg.Settings - Automatic flush during beforeCompletion(): enabled
13:44:25.462 [main] DEBUG org.hibernate.cfg.Settings - Automatic session close at end of transaction: disabled
13:44:25.462 [main] DEBUG org.hibernate.cfg.Settings - Statistics: enabled
13:44:25.462 [main] DEBUG org.hibernate.cfg.Settings - Deleted entity synthetic identifier rollback: disabled
13:44:25.462 [main] DEBUG org.hibernate.cfg.Settings - Default entity-mode: pojo
13:44:25.463 [main] DEBUG org.hibernate.cfg.Settings - Check Nullability in Core (should be disabled when Bean Validation is on): enabled
13:44:25.463 [main] DEBUG org.hibernate.cfg.Settings - Allow initialization of lazy state outside session : disabled
13:44:25.463 [main] DEBUG org.hibernate.cfg.Settings - Using BatchFetchStyle : LEGACY
13:44:25.463 [main] DEBUG org.hibernate.cfg.Settings - Default batch fetch size: -1
13:44:25.463 [main] DEBUG org.hibernate.cfg.Settings - Maximum outer join fetch depth: null
13:44:25.463 [main] DEBUG org.hibernate.cfg.Settings - Default null ordering: NONE
13:44:25.463 [main] DEBUG org.hibernate.cfg.Settings - Order SQL updates by primary key: disabled
13:44:25.463 [main] DEBUG org.hibernate.cfg.Settings - Order SQL inserts for batching: disabled
13:44:25.463 [main] DEBUG org.hibernate.cfg.Settings - multi-tenancy strategy : NONE
13:44:25.463 [main] DEBUG org.hibernate.cfg.Settings - JTA Track by Thread: enabled
13:44:25.463 [main] DEBUG org.hibernate.cfg.Settings - Query language substitutions: {}
13:44:25.463 [main] DEBUG org.hibernate.cfg.Settings - Named query checking : enabled
13:44:25.463 [main] DEBUG org.hibernate.cfg.Settings - Second-level cache: enabled
13:44:25.463 [main] DEBUG org.hibernate.cfg.Settings - Second-level query cache: disabled
13:44:25.463 [main] DEBUG org.hibernate.cfg.Settings - Second-level query cache factory: org.hibernate.cache.internal.StandardTimestampsCacheFactory@6794ac0b
13:44:25.463 [main] DEBUG org.hibernate.cfg.Settings - Second-level cache region prefix: null
13:44:25.463 [main] DEBUG org.hibernate.cfg.Settings - Optimize second-level cache for minimal puts: disabled
13:44:25.464 [main] DEBUG org.hibernate.cfg.Settings - Structured second-level cache entries: disabled
13:44:25.464 [main] DEBUG org.hibernate.cfg.Settings - Second-level cache direct-reference entries: disabled
13:44:25.464 [main] DEBUG org.hibernate.cfg.Settings - Automatic eviction of collection cache: disabled
13:44:25.464 [main] DEBUG org.hibernate.cfg.Settings - JDBC batch size: 15
13:44:25.464 [main] DEBUG org.hibernate.cfg.Settings - JDBC batch updates for versioned data: enabled
13:44:25.464 [main] DEBUG org.hibernate.cfg.Settings - Scrollable result sets: enabled
13:44:25.464 [main] DEBUG org.hibernate.cfg.Settings - Wrap result sets: disabled
13:44:25.464 [main] DEBUG org.hibernate.cfg.Settings - JDBC3 getGeneratedKeys(): enabled
13:44:25.464 [main] DEBUG org.hibernate.cfg.Settings - JDBC result set fetch size: null
13:44:25.464 [main] DEBUG org.hibernate.cfg.Settings - Connection release mode: ON_CLOSE
13:44:25.464 [main] DEBUG org.hibernate.cfg.Settings - Generate SQL with comments: disabled
13:44:25.464 [main] DEBUG org.hibernate.cfg.Settings - JPA compliance - query : 
13:44:25.465 [main] DEBUG org.hibernate.cfg.Settings - JPA compliance - closed-handling : 
13:44:25.465 [main] DEBUG org.hibernate.cfg.Settings - JPA compliance - lists : 
13:44:25.465 [main] DEBUG org.hibernate.cfg.Settings - JPA compliance - transactions : 
13:44:25.517 [main] WARN net.sf.ehcache.config.ConfigurationFactory - No configuration found. Configuring ehcache from ehcache-failsafe.xml  found in the classpath: jar:file:/C:/Users/ishipitc/.m2/repository/net/sf/ehcache/ehcache/2.10.6/ehcache-2.10.6.jar!/ehcache-failsafe.xml
13:44:25.517 [main] DEBUG net.sf.ehcache.config.ConfigurationFactory - Configuring ehcache from URL: jar:file:/C:/Users/ishipitc/.m2/repository/net/sf/ehcache/ehcache/2.10.6/ehcache-2.10.6.jar!/ehcache-failsafe.xml
13:44:25.518 [main] DEBUG net.sf.ehcache.config.ConfigurationFactory - Configuring ehcache from InputStream
13:44:25.559 [main] DEBUG net.sf.ehcache.config.BeanHandler - Ignoring ehcache attribute xmlns:xsi
13:44:25.559 [main] DEBUG net.sf.ehcache.config.BeanHandler - Ignoring ehcache attribute xsi:noNamespaceSchemaLocation
13:44:25.561 [main] DEBUG net.sf.ehcache.config.DiskStoreConfiguration - Disk Store Path: C:\Users\ishipitc\AppData\Local\Temp\
13:44:25.575 [main] DEBUG net.sf.ehcache.util.PropertyUtil - propertiesString is null.
13:44:25.580 [main] DEBUG net.sf.ehcache.config.ConfigurationHelper - No CacheManagerEventListenerFactory class specified. Skipping...
13:44:25.614 [main] DEBUG net.sf.ehcache.Cache - No BootstrapCacheLoaderFactory class specified. Skipping...
13:44:25.615 [main] DEBUG net.sf.ehcache.Cache - CacheWriter factory not configured. Skipping...
13:44:25.615 [main] DEBUG net.sf.ehcache.config.ConfigurationHelper - No CacheExceptionHandlerFactory class specified. Skipping...
13:44:25.629 [main] DEBUG org.hibernate.internal.SessionFactoryImpl - Session factory constructed with filter configurations : {}
13:44:25.630 [main] DEBUG org.hibernate.internal.SessionFactoryImpl - Instantiating session factory with properties: {sun.desktop=windows, awt.toolkit=sun.awt.windows.WToolkit, hibernate.format_sql=true, java.specification.version=11, sun.cpu.isalist=amd64, hibernate.resource.beans.container=org.springframework.orm.hibernate5.SpringBeanContainer@70211df5, hibernate.connection.handling_mode=DELAYED_ACQUISITION_AND_HOLD, sun.jnu.encoding=Cp1251, java.class.path=C:\Users\ishipitc\IdeaProjects\TestThang\target\test-classes;C:\Users\ishipitc\IdeaProjects\TestThang\target\classes;C:\Users\ishipitc\.m2\repository\org\springframework\spring-context-support\5.1.9.RELEASE\spring-context-support-5.1.9.RELEASE.jar;C:\Users\ishipitc\.m2\repository\org\springframework\spring-beans\5.1.9.RELEASE\spring-beans-5.1.9.RELEASE.jar;C:\Users\ishipitc\.m2\repository\org\springframework\spring-context\5.1.9.RELEASE\spring-context-5.1.9.RELEASE.jar;C:\Users\ishipitc\.m2\repository\org\springframework\spring-core\5.1.9.RELEASE\spring-core-5.1.9.RELEASE.jar;C:\Users\ishipitc\.m2\repository\org\springframework\spring-jcl\5.1.9.RELEASE\spring-jcl-5.1.9.RELEASE.jar;C:\Users\ishipitc\.m2\repository\org\springframework\spring-webmvc\5.1.9.RELEASE\spring-webmvc-5.1.9.RELEASE.jar;C:\Users\ishipitc\.m2\repository\org\springframework\spring-aop\5.1.9.RELEASE\spring-aop-5.1.9.RELEASE.jar;C:\Users\ishipitc\.m2\repository\org\springframework\spring-expression\5.1.9.RELEASE\spring-expression-5.1.9.RELEASE.jar;C:\Users\ishipitc\.m2\repository\org\springframework\spring-web\5.1.9.RELEASE\spring-web-5.1.9.RELEASE.jar;C:\Users\ishipitc\.m2\repository\org\springframework\spring-orm\5.1.9.RELEASE\spring-orm-5.1.9.RELEASE.jar;C:\Users\ishipitc\.m2\repository\org\springframework\spring-jdbc\5.1.9.RELEASE\spring-jdbc-5.1.9.RELEASE.jar;C:\Users\ishipitc\.m2\repository\org\springframework\spring-tx\5.1.9.RELEASE\spring-tx-5.1.9.RELEASE.jar;C:\Users\ishipitc\.m2\repository\org\springframework\spring-test\5.1.9.RELEASE\spring-test-5.1.9.RELEASE.jar;C:\Users\ishipitc\.m2\repository\com\github\springtestdbunit\spring-test-dbunit\1.3.0\spring-test-dbunit-1.3.0.jar;C:\Users\ishipitc\.m2\repository\org\hibernate\hibernate-core\5.4.3.Final\hibernate-core-5.4.3.Final.jar;C:\Users\ishipitc\.m2\repository\org\jboss\logging\jboss-logging\3.3.2.Final\jboss-logging-3.3.2.Final.jar;C:\Users\ishipitc\.m2\repository\javax\persistence\javax.persistence-api\2.2\javax.persistence-api-2.2.jar;C:\Users\ishipitc\.m2\repository\org\javassist\javassist\3.24.0-GA\javassist-3.24.0-GA.jar;C:\Users\ishipitc\.m2\repository\net\bytebuddy\byte-buddy\1.9.10\byte-buddy-1.9.10.jar;C:\Users\ishipitc\.m2\repository\antlr\antlr\2.7.7\antlr-2.7.7.jar;C:\Users\ishipitc\.m2\repository\org\jboss\spec\javax\transaction\jboss-transaction-api_1.2_spec\1.1.1.Final\jboss-transaction-api_1.2_spec-1.1.1.Final.jar;C:\Users\ishipitc\.m2\repository\org\jboss\jandex\2.0.5.Final\jandex-2.0.5.Final.jar;C:\Users\ishipitc\.m2\repository\com\fasterxml\classmate\1.3.4\classmate-1.3.4.jar;C:\Users\ishipitc\.m2\repository\javax\activation\javax.activation-api\1.2.0\javax.activation-api-1.2.0.jar;C:\Users\ishipitc\.m2\repository\org\dom4j\dom4j\2.1.1\dom4j-2.1.1.jar;C:\Users\ishipitc\.m2\repository\org\hibernate\common\hibernate-commons-annotations\5.1.0.Final\hibernate-commons-annotations-5.1.0.Final.jar;C:\Users\ishipitc\.m2\repository\javax\xml\bind\jaxb-api\2.3.1\jaxb-api-2.3.1.jar;C:\Users\ishipitc\.m2\repository\org\glassfish\jaxb\jaxb-runtime\2.3.1\jaxb-runtime-2.3.1.jar;C:\Users\ishipitc\.m2\repository\org\glassfish\jaxb\txw2\2.3.1\txw2-2.3.1.jar;C:\Users\ishipitc\.m2\repository\com\sun\istack\istack-commons-runtime\3.0.7\istack-commons-runtime-3.0.7.jar;C:\Users\ishipitc\.m2\repository\org\jvnet\staxex\stax-ex\1.8\stax-ex-1.8.jar;C:\Users\ishipitc\.m2\repository\com\sun\xml\fastinfoset\FastInfoset\1.2.15\FastInfoset-1.2.15.jar;C:\Users\ishipitc\.m2\repository\org\hibernate\validator\hibernate-validator\6.0.17.Final\hibernate-validator-6.0.17.Final.jar;C:\Users\ishipitc\.m2\repository\javax\validation\validation-api\2.0.1.Final\validation-api-2.0.1.Final.jar;C:\Users\ishipitc\.m2\repository\org\hibernate\hibernate-ehcache\5.4.3.Final\hibernate-ehcache-5.4.3.Final.jar;C:\Users\ishipitc\.m2\repository\net\sf\ehcache\ehcache\2.10.6\ehcache-2.10.6.jar;C:\Users\ishipitc\.m2\repository\com\h2database\h2\1.4.199\h2-1.4.199.jar;C:\Users\ishipitc\.m2\repository\junit\junit\4.12\junit-4.12.jar;C:\Users\ishipitc\.m2\repository\org\hamcrest\hamcrest-core\1.3\hamcrest-core-1.3.jar;C:\Users\ishipitc\.m2\repository\org\mockito\mockito-core\3.0.0\mockito-core-3.0.0.jar;C:\Users\ishipitc\.m2\repository\net\bytebuddy\byte-buddy-agent\1.9.10\byte-buddy-agent-1.9.10.jar;C:\Users\ishipitc\.m2\repository\org\objenesis\objenesis\2.6\objenesis-2.6.jar;C:\Users\ishipitc\.m2\repository\org\dbunit\dbunit\2.6.0\dbunit-2.6.0.jar;C:\Users\ishipitc\.m2\repository\org\slf4j\slf4j-api\1.7.25\slf4j-api-1.7.25.jar;C:\Users\ishipitc\.m2\repository\commons-collections\commons-collections\3.2.2\commons-collections-3.2.2.jar;C:\Users\ishipitc\.m2\repository\org\apache\poi\poi-ooxml\3.17\poi-ooxml-3.17.jar;C:\Users\ishipitc\.m2\repository\org\apache\poi\poi\3.17\poi-3.17.jar;C:\Users\ishipitc\.m2\repository\commons-codec\commons-codec\1.10\commons-codec-1.10.jar;C:\Users\ishipitc\.m2\repository\org\apache\commons\commons-collections4\4.1\commons-collections4-4.1.jar;C:\Users\ishipitc\.m2\repository\org\apache\poi\poi-ooxml-schemas\3.17\poi-ooxml-schemas-3.17.jar;C:\Users\ishipitc\.m2\repository\org\apache\xmlbeans\xmlbeans\2.6.0\xmlbeans-2.6.0.jar;C:\Users\ishipitc\.m2\repository\stax\stax-api\1.0.1\stax-api-1.0.1.jar;C:\Users\ishipitc\.m2\repository\com\github\virtuald\curvesapi\1.04\curvesapi-1.04.jar;C:\Users\ishipitc\.m2\repository\postgresql\postgresql\8.4-701.jdbc3\postgresql-8.4-701.jdbc3.jar;C:\Users\ishipitc\.m2\repository\org\hamcrest\hamcrest-all\1.3\hamcrest-all-1.3.jar;C:\Users\ishipitc\.m2\repository\com\jayway\jsonpath\json-path\2.1.0\json-path-2.1.0.jar;C:\Users\ishipitc\.m2\repository\net\minidev\json-smart\2.2\json-smart-2.2.jar;C:\Users\ishipitc\.m2\repository\net\minidev\accessors-smart\1.1\accessors-smart-1.1.jar;C:\Users\ishipitc\.m2\repository\org\ow2\asm\asm\5.0.3\asm-5.0.3.jar;C:\Users\ishipitc\.m2\repository\com\jayway\jsonpath\json-path-assert\2.4.0\json-path-assert-2.4.0.jar;C:\Users\ishipitc\.m2\repository\org\hamcrest\hamcrest-library\1.3\hamcrest-library-1.3.jar;C:\Users\ishipitc\.m2\repository\org\glassfish\javax.el\3.0.1-b11\javax.el-3.0.1-b11.jar;C:\Users\ishipitc\.m2\repository\javax\servlet\javax.servlet-api\4.0.1\javax.servlet-api-4.0.1.jar;C:\Users\ishipitc\.m2\repository\jstl\jstl\1.2\jstl-1.2.jar;C:\Users\ishipitc\.m2\repository\com\fasterxml\jackson\core\jackson-core\2.10.0.pr3\jackson-core-2.10.0.pr3.jar;C:\Users\ishipitc\.m2\repository\com\fasterxml\jackson\core\jackson-databind\2.10.0.pr3\jackson-databind-2.10.0.pr3.jar;C:\Users\ishipitc\.m2\repository\com\fasterxml\jackson\core\jackson-annotations\2.10.0.pr3\jackson-annotations-2.10.0.pr3.jar;C:\Users\ishipitc\.m2\repository\ch\qos\logback\logback-classic\1.2.3\logback-classic-1.2.3.jar;C:\Users\ishipitc\.m2\repository\ch\qos\logback\logback-core\1.2.3\logback-core-1.2.3.jar;C:\Users\ishipitc\.m2\repository\org\seleniumhq\selenium\selenium-java\3.141.59\selenium-java-3.141.59.jar;C:\Users\ishipitc\.m2\repository\org\seleniumhq\selenium\selenium-api\3.141.59\selenium-api-3.141.59.jar;C:\Users\ishipitc\.m2\repository\org\seleniumhq\selenium\selenium-chrome-driver\3.141.59\selenium-chrome-driver-3.141.59.jar;C:\Users\ishipitc\.m2\repository\org\seleniumhq\selenium\selenium-edge-driver\3.141.59\selenium-edge-driver-3.141.59.jar;C:\Users\ishipitc\.m2\repository\org\seleniumhq\selenium\selenium-firefox-driver\3.141.59\selenium-firefox-driver-3.141.59.jar;C:\Users\ishipitc\.m2\repository\org\seleniumhq\selenium\selenium-ie-driver\3.141.59\selenium-ie-driver-3.141.59.jar;C:\Users\ishipitc\.m2\repository\org\seleniumhq\selenium\selenium-opera-driver\3.141.59\selenium-opera-driver-3.141.59.jar;C:\Users\ishipitc\.m2\repository\org\seleniumhq\selenium\selenium-remote-driver\3.141.59\selenium-remote-driver-3.141.59.jar;C:\Users\ishipitc\.m2\repository\org\seleniumhq\selenium\selenium-safari-driver\3.141.59\selenium-safari-driver-3.141.59.jar;C:\Users\ishipitc\.m2\repository\org\seleniumhq\selenium\selenium-support\3.141.59\selenium-support-3.141.59.jar;C:\Users\ishipitc\.m2\repository\org\apache\commons\commons-exec\1.3\commons-exec-1.3.jar;C:\Users\ishipitc\.m2\repository\com\google\guava\guava\25.0-jre\guava-25.0-jre.jar;C:\Users\ishipitc\.m2\repository\com\google\code\findbugs\jsr305\1.3.9\jsr305-1.3.9.jar;C:\Users\ishipitc\.m2\repository\org\checkerframework\checker-compat-qual\2.0.0\checker-compat-qual-2.0.0.jar;C:\Users\ishipitc\.m2\repository\com\google\errorprone\error_prone_annotations\2.1.3\error_prone_annotations-2.1.3.jar;C:\Users\ishipitc\.m2\repository\com\google\j2objc\j2objc-annotations\1.1\j2objc-annotations-1.1.jar;C:\Users\ishipitc\.m2\repository\org\codehaus\mojo\animal-sniffer-annotations\1.14\animal-sniffer-annotations-1.14.jar;C:\Users\ishipitc\.m2\repository\com\squareup\okhttp3\okhttp\3.11.0\okhttp-3.11.0.jar;C:\Users\ishipitc\.m2\repository\com\squareup\okio\okio\1.14.0\okio-1.14.0.jar;, java.vm.vendor=JetBrains s.r.o, sun.arch.data.model=64, user.variant=, java.vendor.url=https://www.jetbrains.com/, user.timezone=Europe/Moscow, user.country.format=RU, os.name=Windows 10, java.vm.specification.version=11, hibernate.generate_statistics=true, sun.java.launcher=SUN_STANDARD, user.country=US, sun.boot.library.path=C:\Users\ishipitc\AppData\Local\JetBrains\IntelliJ IDEA 2019.2.3\jbr\bin, sun.java.command=C:\Users\ishipitc\AppData\Local\Temp\surefire17779243158180925374\surefirebooter1057577868510325658.jar C:\Users\ishipitc\AppData\Local\Temp\surefire17779243158180925374 2019-10-24T13-44-22_902-jvmRun1 surefire13207108332757022253tmp surefire_013730311088118566852tmp, jdk.debug=release, spring.jpa.properties.hibernate.dialect=org.hibernate.dialect.H2Dialect, surefire.test.class.path=C:\Users\ishipitc\IdeaProjects\TestThang\target\test-classes;C:\Users\ishipitc\IdeaProjects\TestThang\target\classes;C:\Users\ishipitc\.m2\repository\org\springframework\spring-context-support\5.1.9.RELEASE\spring-context-support-5.1.9.RELEASE.jar;C:\Users\ishipitc\.m2\repository\org\springframework\spring-beans\5.1.9.RELEASE\spring-beans-5.1.9.RELEASE.jar;C:\Users\ishipitc\.m2\repository\org\springframework\spring-context\5.1.9.RELEASE\spring-context-5.1.9.RELEASE.jar;C:\Users\ishipitc\.m2\repository\org\springframework\spring-core\5.1.9.RELEASE\spring-core-5.1.9.RELEASE.jar;C:\Users\ishipitc\.m2\repository\org\springframework\spring-jcl\5.1.9.RELEASE\spring-jcl-5.1.9.RELEASE.jar;C:\Users\ishipitc\.m2\repository\org\springframework\spring-webmvc\5.1.9.RELEASE\spring-webmvc-5.1.9.RELEASE.jar;C:\Users\ishipitc\.m2\repository\org\springframework\spring-aop\5.1.9.RELEASE\spring-aop-5.1.9.RELEASE.jar;C:\Users\ishipitc\.m2\repository\org\springframework\spring-expression\5.1.9.RELEASE\spring-expression-5.1.9.RELEASE.jar;C:\Users\ishipitc\.m2\repository\org\springframework\spring-web\5.1.9.RELEASE\spring-web-5.1.9.RELEASE.jar;C:\Users\ishipitc\.m2\repository\org\springframework\spring-orm\5.1.9.RELEASE\spring-orm-5.1.9.RELEASE.jar;C:\Users\ishipitc\.m2\repository\org\springframework\spring-jdbc\5.1.9.RELEASE\spring-jdbc-5.1.9.RELEASE.jar;C:\Users\ishipitc\.m2\repository\org\springframework\spring-tx\5.1.9.RELEASE\spring-tx-5.1.9.RELEASE.jar;C:\Users\ishipitc\.m2\repository\org\springframework\spring-test\5.1.9.RELEASE\spring-test-5.1.9.RELEASE.jar;C:\Users\ishipitc\.m2\repository\com\github\springtestdbunit\spring-test-dbunit\1.3.0\spring-test-dbunit-1.3.0.jar;C:\Users\ishipitc\.m2\repository\org\hibernate\hibernate-core\5.4.3.Final\hibernate-core-5.4.3.Final.jar;C:\Users\ishipitc\.m2\repository\org\jboss\logging\jboss-logging\3.3.2.Final\jboss-logging-3.3.2.Final.jar;C:\Users\ishipitc\.m2\repository\javax\persistence\javax.persistence-api\2.2\javax.persistence-api-2.2.jar;C:\Users\ishipitc\.m2\repository\org\javassist\javassist\3.24.0-GA\javassist-3.24.0-GA.jar;C:\Users\ishipitc\.m2\repository\net\bytebuddy\byte-buddy\1.9.10\byte-buddy-1.9.10.jar;C:\Users\ishipitc\.m2\repository\antlr\antlr\2.7.7\antlr-2.7.7.jar;C:\Users\ishipitc\.m2\repository\org\jboss\spec\javax\transaction\jboss-transaction-api_1.2_spec\1.1.1.Final\jboss-transaction-api_1.2_spec-1.1.1.Final.jar;C:\Users\ishipitc\.m2\repository\org\jboss\jandex\2.0.5.Final\jandex-2.0.5.Final.jar;C:\Users\ishipitc\.m2\repository\com\fasterxml\classmate\1.3.4\classmate-1.3.4.jar;C:\Users\ishipitc\.m2\repository\javax\activation\javax.activation-api\1.2.0\javax.activation-api-1.2.0.jar;C:\Users\ishipitc\.m2\repository\org\dom4j\dom4j\2.1.1\dom4j-2.1.1.jar;C:\Users\ishipitc\.m2\repository\org\hibernate\common\hibernate-commons-annotations\5.1.0.Final\hibernate-commons-annotations-5.1.0.Final.jar;C:\Users\ishipitc\.m2\repository\javax\xml\bind\jaxb-api\2.3.1\jaxb-api-2.3.1.jar;C:\Users\ishipitc\.m2\repository\org\glassfish\jaxb\jaxb-runtime\2.3.1\jaxb-runtime-2.3.1.jar;C:\Users\ishipitc\.m2\repository\org\glassfish\jaxb\txw2\2.3.1\txw2-2.3.1.jar;C:\Users\ishipitc\.m2\repository\com\sun\istack\istack-commons-runtime\3.0.7\istack-commons-runtime-3.0.7.jar;C:\Users\ishipitc\.m2\repository\org\jvnet\staxex\stax-ex\1.8\stax-ex-1.8.jar;C:\Users\ishipitc\.m2\repository\com\sun\xml\fastinfoset\FastInfoset\1.2.15\FastInfoset-1.2.15.jar;C:\Users\ishipitc\.m2\repository\org\hibernate\validator\hibernate-validator\6.0.17.Final\hibernate-validator-6.0.17.Final.jar;C:\Users\ishipitc\.m2\repository\javax\validation\validation-api\2.0.1.Final\validation-api-2.0.1.Final.jar;C:\Users\ishipitc\.m2\repository\org\hibernate\hibernate-ehcache\5.4.3.Final\hibernate-ehcache-5.4.3.Final.jar;C:\Users\ishipitc\.m2\repository\net\sf\ehcache\ehcache\2.10.6\ehcache-2.10.6.jar;C:\Users\ishipitc\.m2\repository\com\h2database\h2\1.4.199\h2-1.4.199.jar;C:\Users\ishipitc\.m2\repository\junit\junit\4.12\junit-4.12.jar;C:\Users\ishipitc\.m2\repository\org\hamcrest\hamcrest-core\1.3\hamcrest-core-1.3.jar;C:\Users\ishipitc\.m2\repository\org\mockito\mockito-core\3.0.0\mockito-core-3.0.0.jar;C:\Users\ishipitc\.m2\repository\net\bytebuddy\byte-buddy-agent\1.9.10\byte-buddy-agent-1.9.10.jar;C:\Users\ishipitc\.m2\repository\org\objenesis\objenesis\2.6\objenesis-2.6.jar;C:\Users\ishipitc\.m2\repository\org\dbunit\dbunit\2.6.0\dbunit-2.6.0.jar;C:\Users\ishipitc\.m2\repository\org\slf4j\slf4j-api\1.7.25\slf4j-api-1.7.25.jar;C:\Users\ishipitc\.m2\repository\commons-collections\commons-collections\3.2.2\commons-collections-3.2.2.jar;C:\Users\ishipitc\.m2\repository\org\apache\poi\poi-ooxml\3.17\poi-ooxml-3.17.jar;C:\Users\ishipitc\.m2\repository\org\apache\poi\poi\3.17\poi-3.17.jar;C:\Users\ishipitc\.m2\repository\commons-codec\commons-codec\1.10\commons-codec-1.10.jar;C:\Users\ishipitc\.m2\repository\org\apache\commons\commons-collections4\4.1\commons-collections4-4.1.jar;C:\Users\ishipitc\.m2\repository\org\apache\poi\poi-ooxml-schemas\3.17\poi-ooxml-schemas-3.17.jar;C:\Users\ishipitc\.m2\repository\org\apache\xmlbeans\xmlbeans\2.6.0\xmlbeans-2.6.0.jar;C:\Users\ishipitc\.m2\repository\stax\stax-api\1.0.1\stax-api-1.0.1.jar;C:\Users\ishipitc\.m2\repository\com\github\virtuald\curvesapi\1.04\curvesapi-1.04.jar;C:\Users\ishipitc\.m2\repository\postgresql\postgresql\8.4-701.jdbc3\postgresql-8.4-701.jdbc3.jar;C:\Users\ishipitc\.m2\repository\org\hamcrest\hamcrest-all\1.3\hamcrest-all-1.3.jar;C:\Users\ishipitc\.m2\repository\com\jayway\jsonpath\json-path\2.1.0\json-path-2.1.0.jar;C:\Users\ishipitc\.m2\repository\net\minidev\json-smart\2.2\json-smart-2.2.jar;C:\Users\ishipitc\.m2\repository\net\minidev\accessors-smart\1.1\accessors-smart-1.1.jar;C:\Users\ishipitc\.m2\repository\org\ow2\asm\asm\5.0.3\asm-5.0.3.jar;C:\Users\ishipitc\.m2\repository\com\jayway\jsonpath\json-path-assert\2.4.0\json-path-assert-2.4.0.jar;C:\Users\ishipitc\.m2\repository\org\hamcrest\hamcrest-library\1.3\hamcrest-library-1.3.jar;C:\Users\ishipitc\.m2\repository\org\glassfish\javax.el\3.0.1-b11\javax.el-3.0.1-b11.jar;C:\Users\ishipitc\.m2\repository\javax\servlet\javax.servlet-api\4.0.1\javax.servlet-api-4.0.1.jar;C:\Users\ishipitc\.m2\repository\jstl\jstl\1.2\jstl-1.2.jar;C:\Users\ishipitc\.m2\repository\com\fasterxml\jackson\core\jackson-core\2.10.0.pr3\jackson-core-2.10.0.pr3.jar;C:\Users\ishipitc\.m2\repository\com\fasterxml\jackson\core\jackson-databind\2.10.0.pr3\jackson-databind-2.10.0.pr3.jar;C:\Users\ishipitc\.m2\repository\com\fasterxml\jackson\core\jackson-annotations\2.10.0.pr3\jackson-annotations-2.10.0.pr3.jar;C:\Users\ishipitc\.m2\repository\ch\qos\logback\logback-classic\1.2.3\logback-classic-1.2.3.jar;C:\Users\ishipitc\.m2\repository\ch\qos\logback\logback-core\1.2.3\logback-core-1.2.3.jar;C:\Users\ishipitc\.m2\repository\org\seleniumhq\selenium\selenium-java\3.141.59\selenium-java-3.141.59.jar;C:\Users\ishipitc\.m2\repository\org\seleniumhq\selenium\selenium-api\3.141.59\selenium-api-3.141.59.jar;C:\Users\ishipitc\.m2\repository\org\seleniumhq\selenium\selenium-chrome-driver\3.141.59\selenium-chrome-driver-3.141.59.jar;C:\Users\ishipitc\.m2\repository\org\seleniumhq\selenium\selenium-edge-driver\3.141.59\selenium-edge-driver-3.141.59.jar;C:\Users\ishipitc\.m2\repository\org\seleniumhq\selenium\selenium-firefox-driver\3.141.59\selenium-firefox-driver-3.141.59.jar;C:\Users\ishipitc\.m2\repository\org\seleniumhq\selenium\selenium-ie-driver\3.141.59\selenium-ie-driver-3.141.59.jar;C:\Users\ishipitc\.m2\repository\org\seleniumhq\selenium\selenium-opera-driver\3.141.59\selenium-opera-driver-3.141.59.jar;C:\Users\ishipitc\.m2\repository\org\seleniumhq\selenium\selenium-remote-driver\3.141.59\selenium-remote-driver-3.141.59.jar;C:\Users\ishipitc\.m2\repository\org\seleniumhq\selenium\selenium-safari-driver\3.141.59\selenium-safari-driver-3.141.59.jar;C:\Users\ishipitc\.m2\repository\org\seleniumhq\selenium\selenium-support\3.141.59\selenium-support-3.141.59.jar;C:\Users\ishipitc\.m2\repository\org\apache\commons\commons-exec\1.3\commons-exec-1.3.jar;C:\Users\ishipitc\.m2\repository\com\google\guava\guava\25.0-jre\guava-25.0-jre.jar;C:\Users\ishipitc\.m2\repository\com\google\code\findbugs\jsr305\1.3.9\jsr305-1.3.9.jar;C:\Users\ishipitc\.m2\repository\org\checkerframework\checker-compat-qual\2.0.0\checker-compat-qual-2.0.0.jar;C:\Users\ishipitc\.m2\repository\com\google\errorprone\error_prone_annotations\2.1.3\error_prone_annotations-2.1.3.jar;C:\Users\ishipitc\.m2\repository\com\google\j2objc\j2objc-annotations\1.1\j2objc-annotations-1.1.jar;C:\Users\ishipitc\.m2\repository\org\codehaus\mojo\animal-sniffer-annotations\1.14\animal-sniffer-annotations-1.14.jar;C:\Users\ishipitc\.m2\repository\com\squareup\okhttp3\okhttp\3.11.0\okhttp-3.11.0.jar;C:\Users\ishipitc\.m2\repository\com\squareup\okio\okio\1.14.0\okio-1.14.0.jar;, sun.cpu.endian=little, user.home=C:\Users\ishipitc, user.language=en, java.specification.vendor=Oracle Corporation, java.version.date=2019-07-16, java.home=C:\Users\ishipitc\AppData\Local\JetBrains\IntelliJ IDEA 2019.2.3\jbr, file.separator=\, basedir=C:\Users\ishipitc\IdeaProjects\TestThang, java.vm.compressedOopsMode=Zero based, line.separator=
, idea.version2019.2.3=true, java.specification.name=Java Platform API Specification, java.vm.specification.vendor=Oracle Corporation, java.awt.graphicsenv=sun.awt.Win32GraphicsEnvironment, hibernate.cache.region.factory_class=org.hibernate.cache.ehcache.EhCacheRegionFactory, surefire.real.class.path=C:\Users\ishipitc\AppData\Local\Temp\surefire17779243158180925374\surefirebooter1057577868510325658.jar, user.script=, sun.management.compiler=HotSpot 64-Bit Tiered Compilers, java.runtime.version=11.0.4+10-b304.69, user.name=ishipitc, path.separator=;, os.version=10.0, java.runtime.name=OpenJDK Runtime Environment, file.encoding=Cp1251, java.vm.name=OpenJDK 64-Bit Server VM, hibernate.show_sql=true, hibernate.classLoaders=[jdk.internal.loader.ClassLoaders$AppClassLoader@8bcc55f], hibernate.current_session_context_class=org.springframework.orm.hibernate5.SpringSessionContext, localRepository=C:\Users\ishipitc\.m2\repository, java.vendor.url.bug=https://youtrack.jetbrains.com, java.io.tmpdir=C:\Users\ishipitc\AppData\Local\Temp\, java.version=11.0.4, user.dir=C:\Users\ishipitc\IdeaProjects\TestThang, os.arch=amd64, java.vm.specification.name=Java Virtual Machine Specification, java.awt.printerjob=sun.awt.windows.WPrinterJob, user.language.format=ru, sun.os.patch.level=, hibernate.boot.CfgXmlAccessService.key=org.hibernate.boot.cfgxml.spi.LoadedConfig@4c5228e7, hibernate.cache.use_second_level_cache=true, java.library.path=C:\Users\ishipitc\AppData\Local\JetBrains\IntelliJ IDEA 2019.2.3\jbr\bin;C:\WINDOWS\Sun\Java\bin;C:\WINDOWS\system32;C:\WINDOWS;C:\Program Files (x86)\Common Files\Oracle\Java\javapath;C:\ProgramData\Oracle\Java\javapath;C:\WINDOWS\system32;C:\WINDOWS;C:\WINDOWS\System32\Wbem;C:\WINDOWS\System32\WindowsPowerShell\v1.0\;C:\WINDOWS\System32\OpenSSH\;C:\Program Files\TortoiseSVN\bin;C:\Program Files (x86)\Sennheiser\SoftphoneSDK\;C:\Program Files (x86)\WebEx\Productivity Tools;C:\Program Files\Intel\WiFi\bin\;C:\Program Files\Common Files\Intel\WirelessCommon\;C:\Program Files\Git\cmd;C:\Users\ishipitc\AppData\Local\Microsoft\WindowsApps;C:\Users\ishipitc\AppData\Local\GitHubDesktop\bin;., java.vendor=JetBrains s.r.o, java.vm.info=mixed mode, sharing, java.vm.version=11.0.4+10-b304.69, hibernate.bytecode.use_reflection_optimizer=false, sun.io.unicode.encoding=UnicodeLittle, hibernate.connection.datasource=org.springframework.jdbc.datasource.DriverManagerDataSource@a37aefe, java.class.version=55.0}
13:44:25.677 [main] INFO org.hibernate.validator.internal.util.Version - HV000001: Hibernate Validator 6.0.17.Final
13:44:25.690 [main] DEBUG org.hibernate.validator.internal.engine.resolver.TraversableResolvers - Found javax.persistence.Persistence on classpath containing 'getPersistenceUtil'. Assuming JPA 2 environment. Trying to instantiate JPA aware TraversableResolver
13:44:25.691 [main] DEBUG org.hibernate.validator.internal.engine.resolver.TraversableResolvers - Instantiated JPA aware TraversableResolver of type org.hibernate.validator.internal.engine.resolver.JPATraversableResolver.
13:44:25.694 [main] DEBUG org.hibernate.validator.internal.xml.config.ValidationXmlParser - Trying to load META-INF/validation.xml for XML based Validator configuration.
13:44:25.695 [main] DEBUG org.hibernate.validator.internal.xml.config.ResourceLoaderHelper - Trying to load META-INF/validation.xml via TCCL
13:44:25.708 [main] DEBUG org.hibernate.validator.internal.xml.config.ResourceLoaderHelper - Trying to load META-INF/validation.xml via Hibernate Validator's class loader
13:44:25.708 [main] DEBUG org.hibernate.validator.internal.xml.config.ValidationXmlParser - No META-INF/validation.xml found. Using annotation based configuration only.
13:44:25.811 [main] DEBUG org.hibernate.validator.messageinterpolation.ResourceBundleMessageInterpolator - Loaded expression factory via original TCCL
13:44:25.815 [main] DEBUG org.hibernate.validator.internal.engine.ValidatorFactoryImpl - HV000234: Using org.hibernate.validator.messageinterpolation.ResourceBundleMessageInterpolator as ValidatorFactory-scoped message interpolator.
13:44:25.815 [main] DEBUG org.hibernate.validator.internal.engine.ValidatorFactoryImpl - HV000234: Using org.hibernate.validator.internal.engine.resolver.JPATraversableResolver as ValidatorFactory-scoped traversable resolver.
13:44:25.815 [main] DEBUG org.hibernate.validator.internal.engine.ValidatorFactoryImpl - HV000234: Using org.hibernate.validator.internal.util.ExecutableParameterNameProvider as ValidatorFactory-scoped parameter name provider.
13:44:25.815 [main] DEBUG org.hibernate.validator.internal.engine.ValidatorFactoryImpl - HV000234: Using org.hibernate.validator.internal.engine.DefaultClockProvider as ValidatorFactory-scoped clock provider.
13:44:25.815 [main] DEBUG org.hibernate.validator.internal.engine.ValidatorFactoryImpl - HV000234: Using org.hibernate.validator.internal.engine.scripting.DefaultScriptEvaluatorFactory as ValidatorFactory-scoped script evaluator factory.
13:44:25.816 [main] DEBUG org.hibernate.boot.internal.ClassLoaderAccessImpl - Not known whether passed class name [com.diana.model.Address] is safe
13:44:25.816 [main] DEBUG org.hibernate.boot.internal.ClassLoaderAccessImpl - No temp ClassLoader provided; using live ClassLoader for loading potentially unsafe class : com.diana.model.Address
13:44:25.862 [main] DEBUG org.hibernate.boot.internal.ClassLoaderAccessImpl - Not known whether passed class name [com.diana.model.Employee] is safe
13:44:25.862 [main] DEBUG org.hibernate.boot.internal.ClassLoaderAccessImpl - No temp ClassLoader provided; using live ClassLoader for loading potentially unsafe class : com.diana.model.Employee
13:44:25.866 [main] DEBUG org.hibernate.boot.internal.ClassLoaderAccessImpl - Not known whether passed class name [com.diana.model.Department] is safe
13:44:25.867 [main] DEBUG org.hibernate.boot.internal.ClassLoaderAccessImpl - No temp ClassLoader provided; using live ClassLoader for loading potentially unsafe class : com.diana.model.Department
13:44:25.875 [main] DEBUG org.hibernate.secure.spi.JaccIntegrator - Skipping JACC integration as it was not enabled
13:44:25.876 [main] DEBUG org.hibernate.internal.SessionFactoryImpl - Instantiated session factory
13:44:25.876 [main] DEBUG org.hibernate.type.spi.TypeConfiguration$Scope - Scoping TypeConfiguration [org.hibernate.type.spi.TypeConfiguration@5327a06e] to SessionFactoryImpl [org.hibernate.internal.SessionFactoryImpl@65f40689]
13:44:25.899 [main] WARN org.hibernate.orm.cache - HHH90001006: Missing cache[com.diana.model.Address] was created on-the-fly. The created cache will use a provider-specific default configuration: make sure you defined one. You can disable this warning by setting 'hibernate.cache.ehcache.missing_cache_strategy' to 'create'.
13:44:25.911 [main] DEBUG net.sf.ehcache.DiskStorePathManager - Using diskstore path C:\Users\ishipitc\AppData\Local\Temp
13:44:25.911 [main] DEBUG net.sf.ehcache.DiskStorePathManager - Holding exclusive lock on C:\Users\ishipitc\AppData\Local\Temp\.ehcache-diskstore.lock
13:44:25.912 [main] DEBUG net.sf.ehcache.store.disk.DiskStorageFactory - Failed to delete file com%002ediana%002emodel%002e%0041ddress.data
13:44:25.912 [main] DEBUG net.sf.ehcache.store.disk.DiskStorageFactory - Failed to delete file com%002ediana%002emodel%002e%0041ddress.index
13:44:25.918 [main] DEBUG net.sf.ehcache.store.disk.DiskStorageFactory - Matching data file missing (or empty) for index file. Deleting index file C:\Users\ishipitc\AppData\Local\Temp\com%002ediana%002emodel%002e%0041ddress.index
13:44:25.919 [main] DEBUG net.sf.ehcache.store.disk.DiskStorageFactory - Failed to delete file com%002ediana%002emodel%002e%0041ddress.index
13:44:25.952 [main] DEBUG net.sf.ehcache.statistics.extended.ExtendedStatisticsImpl - Mocking Pass-Through Statistic: LOCAL_OFFHEAP_SIZE
13:44:25.954 [main] DEBUG net.sf.ehcache.statistics.extended.ExtendedStatisticsImpl - Mocking Pass-Through Statistic: LOCAL_OFFHEAP_SIZE_BYTES
13:44:25.954 [main] DEBUG net.sf.ehcache.statistics.extended.ExtendedStatisticsImpl - Mocking Pass-Through Statistic: WRITER_QUEUE_LENGTH
13:44:25.954 [main] DEBUG net.sf.ehcache.statistics.extended.ExtendedStatisticsImpl - Mocking Pass-Through Statistic: REMOTE_SIZE
13:44:25.954 [main] DEBUG net.sf.ehcache.statistics.extended.ExtendedStatisticsImpl - Mocking Pass-Through Statistic: LAST_REJOIN_TIMESTAMP
13:44:25.962 [main] DEBUG net.sf.ehcache.statistics.extended.ExtendedStatisticsImpl - Mocking Operation Statistic: OFFHEAP_GET
13:44:25.962 [main] DEBUG net.sf.ehcache.statistics.extended.ExtendedStatisticsImpl - Mocking Operation Statistic: OFFHEAP_PUT
13:44:25.963 [main] DEBUG net.sf.ehcache.statistics.extended.ExtendedStatisticsImpl - Mocking Operation Statistic: OFFHEAP_REMOVE
13:44:25.964 [main] DEBUG net.sf.ehcache.statistics.extended.ExtendedStatisticsImpl - Mocking Operation Statistic: XA_COMMIT
13:44:25.964 [main] DEBUG net.sf.ehcache.statistics.extended.ExtendedStatisticsImpl - Mocking Operation Statistic: XA_ROLLBACK
13:44:25.964 [main] DEBUG net.sf.ehcache.statistics.extended.ExtendedStatisticsImpl - Mocking Operation Statistic: XA_RECOVERY
13:44:25.965 [main] DEBUG net.sf.ehcache.statistics.extended.ExtendedStatisticsImpl - Mocking Operation Statistic: CLUSTER_EVENT
13:44:25.966 [main] DEBUG net.sf.ehcache.statistics.extended.ExtendedStatisticsImpl - Mocking Operation Statistic: NONSTOP
13:44:25.971 [main] DEBUG net.sf.ehcache.Cache - Initialised cache: com.diana.model.Address
13:44:25.971 [main] DEBUG net.sf.ehcache.config.ConfigurationHelper - CacheDecoratorFactory not configured for defaultCache. Skipping for 'com.diana.model.Address'.
13:44:25.972 [main] DEBUG org.hibernate.cache.spi.support.DomainDataRegionTemplate - Generating entity cache access [read-only] : NavigableRole[com.diana.model.Address]
13:44:25.974 [main] WARN org.hibernate.orm.cache - HHH90001003: Read-only caching was requested for mutable entity [NavigableRole[com.diana.model.Address]]
13:44:25.974 [main] WARN org.hibernate.orm.cache - HHH90001006: Missing cache[com.diana.model.Employee] was created on-the-fly. The created cache will use a provider-specific default configuration: make sure you defined one. You can disable this warning by setting 'hibernate.cache.ehcache.missing_cache_strategy' to 'create'.
13:44:25.976 [main] DEBUG net.sf.ehcache.store.disk.DiskStorageFactory - Failed to delete file com%002ediana%002emodel%002e%0045mployee.data
13:44:25.976 [main] DEBUG net.sf.ehcache.store.disk.DiskStorageFactory - Failed to delete file com%002ediana%002emodel%002e%0045mployee.index
13:44:25.977 [main] DEBUG net.sf.ehcache.store.disk.DiskStorageFactory - Matching data file missing (or empty) for index file. Deleting index file C:\Users\ishipitc\AppData\Local\Temp\com%002ediana%002emodel%002e%0045mployee.index
13:44:25.978 [main] DEBUG net.sf.ehcache.store.disk.DiskStorageFactory - Failed to delete file com%002ediana%002emodel%002e%0045mployee.index
13:44:25.980 [main] DEBUG net.sf.ehcache.statistics.extended.ExtendedStatisticsImpl - Mocking Pass-Through Statistic: LOCAL_OFFHEAP_SIZE
13:44:25.980 [main] DEBUG net.sf.ehcache.statistics.extended.ExtendedStatisticsImpl - Mocking Pass-Through Statistic: LOCAL_OFFHEAP_SIZE_BYTES
13:44:25.980 [main] DEBUG net.sf.ehcache.statistics.extended.ExtendedStatisticsImpl - Mocking Pass-Through Statistic: WRITER_QUEUE_LENGTH
13:44:25.980 [main] DEBUG net.sf.ehcache.statistics.extended.ExtendedStatisticsImpl - Mocking Pass-Through Statistic: REMOTE_SIZE
13:44:25.981 [main] DEBUG net.sf.ehcache.statistics.extended.ExtendedStatisticsImpl - Mocking Pass-Through Statistic: LAST_REJOIN_TIMESTAMP
13:44:25.982 [main] DEBUG net.sf.ehcache.statistics.extended.ExtendedStatisticsImpl - Mocking Operation Statistic: OFFHEAP_GET
13:44:25.982 [main] DEBUG net.sf.ehcache.statistics.extended.ExtendedStatisticsImpl - Mocking Operation Statistic: OFFHEAP_PUT
13:44:25.982 [main] DEBUG net.sf.ehcache.statistics.extended.ExtendedStatisticsImpl - Mocking Operation Statistic: OFFHEAP_REMOVE
13:44:25.983 [main] DEBUG net.sf.ehcache.statistics.extended.ExtendedStatisticsImpl - Mocking Operation Statistic: XA_COMMIT
13:44:25.983 [main] DEBUG net.sf.ehcache.statistics.extended.ExtendedStatisticsImpl - Mocking Operation Statistic: XA_ROLLBACK
13:44:25.983 [main] DEBUG net.sf.ehcache.statistics.extended.ExtendedStatisticsImpl - Mocking Operation Statistic: XA_RECOVERY
13:44:25.984 [main] DEBUG net.sf.ehcache.statistics.extended.ExtendedStatisticsImpl - Mocking Operation Statistic: CLUSTER_EVENT
13:44:25.984 [main] DEBUG net.sf.ehcache.statistics.extended.ExtendedStatisticsImpl - Mocking Operation Statistic: NONSTOP
13:44:25.986 [main] DEBUG net.sf.ehcache.Cache - Initialised cache: com.diana.model.Employee
13:44:25.986 [main] DEBUG net.sf.ehcache.config.ConfigurationHelper - CacheDecoratorFactory not configured for defaultCache. Skipping for 'com.diana.model.Employee'.
13:44:25.986 [main] DEBUG org.hibernate.cache.spi.support.DomainDataRegionTemplate - Generating entity cache access [read-only] : NavigableRole[com.diana.model.Employee]
13:44:25.986 [main] WARN org.hibernate.orm.cache - HHH90001003: Read-only caching was requested for mutable entity [NavigableRole[com.diana.model.Employee]]
13:44:25.986 [main] WARN org.hibernate.orm.cache - HHH90001006: Missing cache[com.diana.model.Department] was created on-the-fly. The created cache will use a provider-specific default configuration: make sure you defined one. You can disable this warning by setting 'hibernate.cache.ehcache.missing_cache_strategy' to 'create'.
13:44:25.987 [main] DEBUG net.sf.ehcache.store.disk.DiskStorageFactory - Failed to delete file com%002ediana%002emodel%002e%0044epartment.data
13:44:25.989 [main] DEBUG net.sf.ehcache.store.disk.DiskStorageFactory - Failed to delete file com%002ediana%002emodel%002e%0044epartment.index
13:44:25.989 [main] DEBUG net.sf.ehcache.store.disk.DiskStorageFactory - Matching data file missing (or empty) for index file. Deleting index file C:\Users\ishipitc\AppData\Local\Temp\com%002ediana%002emodel%002e%0044epartment.index
13:44:25.989 [main] DEBUG net.sf.ehcache.store.disk.DiskStorageFactory - Failed to delete file com%002ediana%002emodel%002e%0044epartment.index
13:44:25.990 [main] DEBUG net.sf.ehcache.statistics.extended.ExtendedStatisticsImpl - Mocking Pass-Through Statistic: LOCAL_OFFHEAP_SIZE
13:44:25.991 [main] DEBUG net.sf.ehcache.statistics.extended.ExtendedStatisticsImpl - Mocking Pass-Through Statistic: LOCAL_OFFHEAP_SIZE_BYTES
13:44:25.991 [main] DEBUG net.sf.ehcache.statistics.extended.ExtendedStatisticsImpl - Mocking Pass-Through Statistic: WRITER_QUEUE_LENGTH
13:44:25.991 [main] DEBUG net.sf.ehcache.statistics.extended.ExtendedStatisticsImpl - Mocking Pass-Through Statistic: REMOTE_SIZE
13:44:25.991 [main] DEBUG net.sf.ehcache.statistics.extended.ExtendedStatisticsImpl - Mocking Pass-Through Statistic: LAST_REJOIN_TIMESTAMP
13:44:25.992 [main] DEBUG net.sf.ehcache.statistics.extended.ExtendedStatisticsImpl - Mocking Operation Statistic: OFFHEAP_GET
13:44:25.992 [main] DEBUG net.sf.ehcache.statistics.extended.ExtendedStatisticsImpl - Mocking Operation Statistic: OFFHEAP_PUT
13:44:25.992 [main] DEBUG net.sf.ehcache.statistics.extended.ExtendedStatisticsImpl - Mocking Operation Statistic: OFFHEAP_REMOVE
13:44:25.993 [main] DEBUG net.sf.ehcache.statistics.extended.ExtendedStatisticsImpl - Mocking Operation Statistic: XA_COMMIT
13:44:25.993 [main] DEBUG net.sf.ehcache.statistics.extended.ExtendedStatisticsImpl - Mocking Operation Statistic: XA_ROLLBACK
13:44:25.993 [main] DEBUG net.sf.ehcache.statistics.extended.ExtendedStatisticsImpl - Mocking Operation Statistic: XA_RECOVERY
13:44:25.993 [main] DEBUG net.sf.ehcache.statistics.extended.ExtendedStatisticsImpl - Mocking Operation Statistic: CLUSTER_EVENT
13:44:25.994 [main] DEBUG net.sf.ehcache.statistics.extended.ExtendedStatisticsImpl - Mocking Operation Statistic: NONSTOP
13:44:25.995 [main] DEBUG net.sf.ehcache.Cache - Initialised cache: com.diana.model.Department
13:44:25.995 [main] DEBUG net.sf.ehcache.config.ConfigurationHelper - CacheDecoratorFactory not configured for defaultCache. Skipping for 'com.diana.model.Department'.
13:44:25.996 [main] DEBUG org.hibernate.cache.spi.support.DomainDataRegionTemplate - Generating entity cache access [read-only] : NavigableRole[com.diana.model.Department]
13:44:25.996 [main] WARN org.hibernate.orm.cache - HHH90001003: Read-only caching was requested for mutable entity [NavigableRole[com.diana.model.Department]]
13:44:26.018 [main] DEBUG org.hibernate.boot.internal.ClassLoaderAccessImpl - Not known whether passed class name [com.diana.model.Address] is safe
13:44:26.018 [main] DEBUG org.hibernate.boot.internal.ClassLoaderAccessImpl - No temp ClassLoader provided; using live ClassLoader for loading potentially unsafe class : com.diana.model.Address
13:44:26.027 [main] DEBUG org.hibernate.boot.internal.ClassLoaderAccessImpl - Not known whether passed class name [com.diana.model.Address] is safe
13:44:26.027 [main] DEBUG org.hibernate.boot.internal.ClassLoaderAccessImpl - No temp ClassLoader provided; using live ClassLoader for loading potentially unsafe class : com.diana.model.Address
13:44:26.198 [main] DEBUG org.hibernate.boot.internal.ClassLoaderAccessImpl - Not known whether passed class name [com.diana.model.Employee] is safe
13:44:26.198 [main] DEBUG org.hibernate.boot.internal.ClassLoaderAccessImpl - No temp ClassLoader provided; using live ClassLoader for loading potentially unsafe class : com.diana.model.Employee
13:44:26.198 [main] DEBUG org.hibernate.boot.internal.ClassLoaderAccessImpl - Not known whether passed class name [com.diana.model.Employee] is safe
13:44:26.198 [main] DEBUG org.hibernate.boot.internal.ClassLoaderAccessImpl - No temp ClassLoader provided; using live ClassLoader for loading potentially unsafe class : com.diana.model.Employee
13:44:26.214 [main] DEBUG org.hibernate.boot.internal.ClassLoaderAccessImpl - Not known whether passed class name [com.diana.model.Department] is safe
13:44:26.215 [main] DEBUG org.hibernate.boot.internal.ClassLoaderAccessImpl - No temp ClassLoader provided; using live ClassLoader for loading potentially unsafe class : com.diana.model.Department
13:44:26.215 [main] DEBUG org.hibernate.boot.internal.ClassLoaderAccessImpl - Not known whether passed class name [com.diana.model.Department] is safe
13:44:26.215 [main] DEBUG org.hibernate.boot.internal.ClassLoaderAccessImpl - No temp ClassLoader provided; using live ClassLoader for loading potentially unsafe class : com.diana.model.Department
13:44:26.244 [main] DEBUG org.hibernate.persister.collection.AbstractCollectionPersister - Static SQL for collection: com.diana.model.Department.employees
13:44:26.244 [main] DEBUG org.hibernate.persister.collection.AbstractCollectionPersister -  Row insert: update employees set department_id=? where id=?
13:44:26.244 [main] DEBUG org.hibernate.persister.collection.AbstractCollectionPersister -  Row update: update employees set  where id=?
13:44:26.244 [main] DEBUG org.hibernate.persister.collection.AbstractCollectionPersister -  Row delete: update employees set department_id=null where department_id=? and id=?
13:44:26.244 [main] DEBUG org.hibernate.persister.collection.AbstractCollectionPersister -  One-shot delete: update employees set department_id=null where department_id=?
13:44:26.247 [main] DEBUG org.hibernate.persister.entity.AbstractEntityPersister - Static SQL for entity: com.diana.model.Address
13:44:26.247 [main] DEBUG org.hibernate.persister.entity.AbstractEntityPersister -  Version select: select employee_id from addresses where employee_id =?
13:44:26.247 [main] DEBUG org.hibernate.persister.entity.AbstractEntityPersister -  Snapshot select: select address_.employee_id, address_.city as city1_0_, address_.street as street2_0_ from addresses address_ where address_.employee_id=?
13:44:26.247 [main] DEBUG org.hibernate.persister.entity.AbstractEntityPersister -  Insert 0: insert into addresses (city, street, employee_id) values (?, ?, ?)
13:44:26.247 [main] DEBUG org.hibernate.persister.entity.AbstractEntityPersister -  Update 0: update addresses set city=?, street=? where employee_id=?
13:44:26.247 [main] DEBUG org.hibernate.persister.entity.AbstractEntityPersister -  Delete 0: delete from addresses where employee_id=?
13:44:26.264 [main] DEBUG org.hibernate.loader.plan.build.internal.spaces.QuerySpacesImpl - Adding QuerySpace : uid = <gen:0> -> org.hibernate.loader.plan.build.internal.spaces.EntityQuerySpaceImpl@2c48cede]
13:44:26.265 [main] DEBUG org.hibernate.persister.walking.spi.MetamodelGraphWalker - Visiting attribute path : city
13:44:26.265 [main] DEBUG org.hibernate.persister.walking.spi.MetamodelGraphWalker - Visiting attribute path : employee
13:44:26.266 [main] DEBUG org.hibernate.persister.walking.spi.MetamodelGraphWalker - Property path deemed to be circular : employee
13:44:26.267 [main] DEBUG org.hibernate.persister.walking.spi.MetamodelGraphWalker - Visiting attribute path : street
13:44:26.268 [main] DEBUG org.hibernate.loader.plan.build.internal.FetchStyleLoadPlanBuildingAssociationVisitationStrategy - Building LoadPlan...
13:44:26.277 [main] DEBUG org.hibernate.loader.plan.exec.internal.LoadQueryJoinAndFetchProcessor - processing queryspace <gen:0>
13:44:26.280 [main] DEBUG org.hibernate.loader.plan.build.spi.LoadPlanTreePrinter - LoadPlan(entity=com.diana.model.Address)
    - Returns
       - EntityReturnImpl(entity=com.diana.model.Address, querySpaceUid=<gen:0>, path=com.diana.model.Address)
    - QuerySpaces
       - EntityQuerySpaceImpl(uid=<gen:0>, entity=com.diana.model.Address)
          - SQL table alias mapping - address0_
          - alias suffix - 0_
          - suffixed key columns - {employee3_0_0_}

13:44:26.281 [main] DEBUG org.hibernate.loader.entity.plan.EntityLoader - Static select for entity com.diana.model.Address [NONE]: select address0_.employee_id as employee3_0_0_, address0_.city as city1_0_0_, address0_.street as street2_0_0_ from addresses address0_ where address0_.employee_id=?
13:44:26.282 [main] DEBUG org.hibernate.loader.plan.build.internal.spaces.QuerySpacesImpl - Adding QuerySpace : uid = <gen:0> -> org.hibernate.loader.plan.build.internal.spaces.EntityQuerySpaceImpl@79ca7bea]
13:44:26.282 [main] DEBUG org.hibernate.persister.walking.spi.MetamodelGraphWalker - Visiting attribute path : city
13:44:26.282 [main] DEBUG org.hibernate.persister.walking.spi.MetamodelGraphWalker - Visiting attribute path : employee
13:44:26.282 [main] DEBUG org.hibernate.persister.walking.spi.MetamodelGraphWalker - Property path deemed to be circular : employee
13:44:26.282 [main] DEBUG org.hibernate.persister.walking.spi.MetamodelGraphWalker - Visiting attribute path : street
13:44:26.282 [main] DEBUG org.hibernate.loader.plan.build.internal.FetchStyleLoadPlanBuildingAssociationVisitationStrategy - Building LoadPlan...
13:44:26.282 [main] DEBUG org.hibernate.loader.plan.exec.internal.LoadQueryJoinAndFetchProcessor - processing queryspace <gen:0>
13:44:26.282 [main] DEBUG org.hibernate.loader.plan.build.spi.LoadPlanTreePrinter - LoadPlan(entity=com.diana.model.Address)
    - Returns
       - EntityReturnImpl(entity=com.diana.model.Address, querySpaceUid=<gen:0>, path=com.diana.model.Address)
    - QuerySpaces
       - EntityQuerySpaceImpl(uid=<gen:0>, entity=com.diana.model.Address)
          - SQL table alias mapping - address0_
          - alias suffix - 0_
          - suffixed key columns - {employee3_0_0_}

13:44:26.282 [main] DEBUG org.hibernate.loader.entity.plan.EntityLoader - Static select for entity com.diana.model.Address [READ]: select address0_.employee_id as employee3_0_0_, address0_.city as city1_0_0_, address0_.street as street2_0_0_ from addresses address0_ where address0_.employee_id=?
13:44:26.295 [main] DEBUG org.hibernate.loader.Loader - Static select for action ACTION_MERGE on entity com.diana.model.Address: select address0_.employee_id as employee3_0_0_, address0_.city as city1_0_0_, address0_.street as street2_0_0_ from addresses address0_ where address0_.employee_id=?
13:44:26.295 [main] DEBUG org.hibernate.loader.Loader - Static select for action ACTION_REFRESH on entity com.diana.model.Address: select address0_.employee_id as employee3_0_0_, address0_.city as city1_0_0_, address0_.street as street2_0_0_ from addresses address0_ where address0_.employee_id=?
13:44:26.296 [main] DEBUG org.hibernate.persister.entity.AbstractEntityPersister - Static SQL for entity: com.diana.model.Employee
13:44:26.296 [main] DEBUG org.hibernate.persister.entity.AbstractEntityPersister -  Version select: select id from employees where id =?
13:44:26.296 [main] DEBUG org.hibernate.persister.entity.AbstractEntityPersister -  Snapshot select: select employee_.id, employee_.department_id as departme4_2_, employee_.name as name2_2_, employee_.phone as phone3_2_ from employees employee_ where employee_.id=?
13:44:26.296 [main] DEBUG org.hibernate.persister.entity.AbstractEntityPersister -  Insert 0: insert into employees (department_id, name, phone, id) values (?, ?, ?, ?)
13:44:26.296 [main] DEBUG org.hibernate.persister.entity.AbstractEntityPersister -  Update 0: update employees set department_id=?, name=?, phone=? where id=?
13:44:26.296 [main] DEBUG org.hibernate.persister.entity.AbstractEntityPersister -  Delete 0: delete from employees where id=?
13:44:26.296 [main] DEBUG org.hibernate.persister.entity.AbstractEntityPersister -  Identity insert: insert into employees (id, department_id, name, phone) values (null, ?, ?, ?)
13:44:26.297 [main] DEBUG org.hibernate.loader.plan.build.internal.spaces.QuerySpacesImpl - Adding QuerySpace : uid = <gen:0> -> org.hibernate.loader.plan.build.internal.spaces.EntityQuerySpaceImpl@1e495414]
13:44:26.297 [main] DEBUG org.hibernate.persister.walking.spi.MetamodelGraphWalker - Visiting attribute path : department
13:44:26.298 [main] DEBUG org.hibernate.loader.plan.build.internal.spaces.QuerySpacesImpl - Adding QuerySpace : uid = <gen:1> -> org.hibernate.loader.plan.build.internal.spaces.EntityQuerySpaceImpl@2f09e6b2]
13:44:26.299 [main] DEBUG org.hibernate.persister.walking.spi.MetamodelGraphWalker - Visiting attribute path : name
13:44:26.299 [main] DEBUG org.hibernate.persister.walking.spi.MetamodelGraphWalker - Visiting attribute path : phone
13:44:26.299 [main] DEBUG org.hibernate.loader.plan.build.internal.FetchStyleLoadPlanBuildingAssociationVisitationStrategy - Building LoadPlan...
13:44:26.299 [main] DEBUG org.hibernate.loader.plan.exec.internal.LoadQueryJoinAndFetchProcessor - processing queryspace <gen:0>
13:44:26.300 [main] DEBUG org.hibernate.loader.plan.build.spi.LoadPlanTreePrinter - LoadPlan(entity=com.diana.model.Employee)
    - Returns
       - EntityReturnImpl(entity=com.diana.model.Employee, querySpaceUid=<gen:0>, path=com.diana.model.Employee)
          - EntityAttributeFetchImpl(entity=com.diana.model.Department, querySpaceUid=<gen:1>, path=com.diana.model.Employee.department)
    - QuerySpaces
       - EntityQuerySpaceImpl(uid=<gen:0>, entity=com.diana.model.Employee)
          - SQL table alias mapping - employee0_
          - alias suffix - 0_
          - suffixed key columns - {id1_2_0_}

13:44:26.300 [main] DEBUG org.hibernate.loader.entity.plan.EntityLoader - Static select for entity com.diana.model.Employee [NONE]: select employee0_.id as id1_2_0_, employee0_.department_id as departme4_2_0_, employee0_.name as name2_2_0_, employee0_.phone as phone3_2_0_ from employees employee0_ where employee0_.id=?
13:44:26.300 [main] DEBUG org.hibernate.loader.plan.build.internal.spaces.QuerySpacesImpl - Adding QuerySpace : uid = <gen:0> -> org.hibernate.loader.plan.build.internal.spaces.EntityQuerySpaceImpl@34f7b44f]
13:44:26.300 [main] DEBUG org.hibernate.persister.walking.spi.MetamodelGraphWalker - Visiting attribute path : department
13:44:26.300 [main] DEBUG org.hibernate.loader.plan.build.internal.spaces.QuerySpacesImpl - Adding QuerySpace : uid = <gen:1> -> org.hibernate.loader.plan.build.internal.spaces.EntityQuerySpaceImpl@5175d9ad]
13:44:26.300 [main] DEBUG org.hibernate.persister.walking.spi.MetamodelGraphWalker - Visiting attribute path : name
13:44:26.300 [main] DEBUG org.hibernate.persister.walking.spi.MetamodelGraphWalker - Visiting attribute path : phone
13:44:26.301 [main] DEBUG org.hibernate.loader.plan.build.internal.FetchStyleLoadPlanBuildingAssociationVisitationStrategy - Building LoadPlan...
13:44:26.301 [main] DEBUG org.hibernate.loader.plan.exec.internal.LoadQueryJoinAndFetchProcessor - processing queryspace <gen:0>
13:44:26.302 [main] DEBUG org.hibernate.loader.plan.build.spi.LoadPlanTreePrinter - LoadPlan(entity=com.diana.model.Employee)
    - Returns
       - EntityReturnImpl(entity=com.diana.model.Employee, querySpaceUid=<gen:0>, path=com.diana.model.Employee)
          - EntityAttributeFetchImpl(entity=com.diana.model.Department, querySpaceUid=<gen:1>, path=com.diana.model.Employee.department)
    - QuerySpaces
       - EntityQuerySpaceImpl(uid=<gen:0>, entity=com.diana.model.Employee)
          - SQL table alias mapping - employee0_
          - alias suffix - 0_
          - suffixed key columns - {id1_2_0_}

13:44:26.303 [main] DEBUG org.hibernate.loader.entity.plan.EntityLoader - Static select for entity com.diana.model.Employee [READ]: select employee0_.id as id1_2_0_, employee0_.department_id as departme4_2_0_, employee0_.name as name2_2_0_, employee0_.phone as phone3_2_0_ from employees employee0_ where employee0_.id=?
13:44:26.303 [main] DEBUG org.hibernate.loader.Loader - Static select for action ACTION_MERGE on entity com.diana.model.Employee: select employee0_.id as id1_2_0_, employee0_.department_id as departme4_2_0_, employee0_.name as name2_2_0_, employee0_.phone as phone3_2_0_ from employees employee0_ where employee0_.id=?
13:44:26.304 [main] DEBUG org.hibernate.loader.Loader - Static select for action ACTION_REFRESH on entity com.diana.model.Employee: select employee0_.id as id1_2_0_, employee0_.department_id as departme4_2_0_, employee0_.name as name2_2_0_, employee0_.phone as phone3_2_0_ from employees employee0_ where employee0_.id=?
13:44:26.304 [main] DEBUG org.hibernate.persister.entity.AbstractEntityPersister - Static SQL for entity: com.diana.model.Department
13:44:26.304 [main] DEBUG org.hibernate.persister.entity.AbstractEntityPersister -  Version select: select id from departments where id =?
13:44:26.304 [main] DEBUG org.hibernate.persister.entity.AbstractEntityPersister -  Snapshot select: select department_.id, department_.name as name2_1_ from departments department_ where department_.id=?
13:44:26.304 [main] DEBUG org.hibernate.persister.entity.AbstractEntityPersister -  Insert 0: insert into departments (name, id) values (?, ?)
13:44:26.304 [main] DEBUG org.hibernate.persister.entity.AbstractEntityPersister -  Update 0: update departments set name=? where id=?
13:44:26.304 [main] DEBUG org.hibernate.persister.entity.AbstractEntityPersister -  Delete 0: delete from departments where id=?
13:44:26.304 [main] DEBUG org.hibernate.persister.entity.AbstractEntityPersister -  Identity insert: insert into departments (id, name) values (null, ?)
13:44:26.304 [main] DEBUG org.hibernate.loader.plan.build.internal.spaces.QuerySpacesImpl - Adding QuerySpace : uid = <gen:0> -> org.hibernate.loader.plan.build.internal.spaces.EntityQuerySpaceImpl@b06d46d]
13:44:26.305 [main] DEBUG org.hibernate.persister.walking.spi.MetamodelGraphWalker - Visiting attribute path : employees
13:44:26.305 [main] DEBUG org.hibernate.loader.plan.build.internal.spaces.QuerySpacesImpl - Adding QuerySpace : uid = <gen:1> -> org.hibernate.loader.plan.build.internal.spaces.CollectionQuerySpaceImpl@5329f6b3]
13:44:26.306 [main] DEBUG org.hibernate.loader.plan.build.internal.spaces.QuerySpacesImpl - Adding QuerySpace : uid = <gen:2> -> org.hibernate.loader.plan.build.internal.spaces.EntityQuerySpaceImpl@1c7f9861]
13:44:26.307 [main] DEBUG org.hibernate.persister.walking.spi.MetamodelGraphWalker - Visiting attribute path : name
13:44:26.307 [main] DEBUG org.hibernate.loader.plan.build.internal.FetchStyleLoadPlanBuildingAssociationVisitationStrategy - Building LoadPlan...
13:44:26.307 [main] DEBUG org.hibernate.loader.plan.exec.internal.LoadQueryJoinAndFetchProcessor - processing queryspace <gen:0>
13:44:26.307 [main] DEBUG org.hibernate.loader.plan.build.spi.LoadPlanTreePrinter - LoadPlan(entity=com.diana.model.Department)
    - Returns
       - EntityReturnImpl(entity=com.diana.model.Department, querySpaceUid=<gen:0>, path=com.diana.model.Department)
          - CollectionAttributeFetchImpl(collection=com.diana.model.Department.employees, querySpaceUid=<gen:1>, path=com.diana.model.Department.employees)
             - (collection element) CollectionFetchableElementEntityGraph(entity=com.diana.model.Employee, querySpaceUid=<gen:2>, path=com.diana.model.Department.employees.<elements>)
    - QuerySpaces
       - EntityQuerySpaceImpl(uid=<gen:0>, entity=com.diana.model.Department)
          - SQL table alias mapping - department0_
          - alias suffix - 0_
          - suffixed key columns - {id1_1_0_}

13:44:26.307 [main] DEBUG org.hibernate.loader.entity.plan.EntityLoader - Static select for entity com.diana.model.Department [NONE]: select department0_.id as id1_1_0_, department0_.name as name2_1_0_ from departments department0_ where department0_.id=?
13:44:26.308 [main] DEBUG org.hibernate.loader.plan.build.internal.spaces.QuerySpacesImpl - Adding QuerySpace : uid = <gen:0> -> org.hibernate.loader.plan.build.internal.spaces.EntityQuerySpaceImpl@57ce2898]
13:44:26.308 [main] DEBUG org.hibernate.persister.walking.spi.MetamodelGraphWalker - Visiting attribute path : employees
13:44:26.308 [main] DEBUG org.hibernate.loader.plan.build.internal.spaces.QuerySpacesImpl - Adding QuerySpace : uid = <gen:1> -> org.hibernate.loader.plan.build.internal.spaces.CollectionQuerySpaceImpl@2e0ad709]
13:44:26.308 [main] DEBUG org.hibernate.loader.plan.build.internal.spaces.QuerySpacesImpl - Adding QuerySpace : uid = <gen:2> -> org.hibernate.loader.plan.build.internal.spaces.EntityQuerySpaceImpl@1fe8f5e8]
13:44:26.308 [main] DEBUG org.hibernate.persister.walking.spi.MetamodelGraphWalker - Visiting attribute path : name
13:44:26.308 [main] DEBUG org.hibernate.loader.plan.build.internal.FetchStyleLoadPlanBuildingAssociationVisitationStrategy - Building LoadPlan...
13:44:26.308 [main] DEBUG org.hibernate.loader.plan.exec.internal.LoadQueryJoinAndFetchProcessor - processing queryspace <gen:0>
13:44:26.308 [main] DEBUG org.hibernate.loader.plan.build.spi.LoadPlanTreePrinter - LoadPlan(entity=com.diana.model.Department)
    - Returns
       - EntityReturnImpl(entity=com.diana.model.Department, querySpaceUid=<gen:0>, path=com.diana.model.Department)
          - CollectionAttributeFetchImpl(collection=com.diana.model.Department.employees, querySpaceUid=<gen:1>, path=com.diana.model.Department.employees)
             - (collection element) CollectionFetchableElementEntityGraph(entity=com.diana.model.Employee, querySpaceUid=<gen:2>, path=com.diana.model.Department.employees.<elements>)
    - QuerySpaces
       - EntityQuerySpaceImpl(uid=<gen:0>, entity=com.diana.model.Department)
          - SQL table alias mapping - department0_
          - alias suffix - 0_
          - suffixed key columns - {id1_1_0_}

13:44:26.308 [main] DEBUG org.hibernate.loader.entity.plan.EntityLoader - Static select for entity com.diana.model.Department [READ]: select department0_.id as id1_1_0_, department0_.name as name2_1_0_ from departments department0_ where department0_.id=?
13:44:26.310 [main] DEBUG org.hibernate.loader.Loader - Static select for action ACTION_MERGE on entity com.diana.model.Department: select department0_.id as id1_1_1_, department0_.name as name2_1_1_, employees1_.department_id as departme4_2_3_, employees1_.id as id1_2_3_, employees1_.id as id1_2_0_, employees1_.department_id as departme4_2_0_, employees1_.name as name2_2_0_, employees1_.phone as phone3_2_0_ from departments department0_ left outer join employees employees1_ on department0_.id=employees1_.department_id where department0_.id=?
13:44:26.310 [main] DEBUG org.hibernate.loader.Loader - Static select for action ACTION_REFRESH on entity com.diana.model.Department: select department0_.id as id1_1_1_, department0_.name as name2_1_1_, employees1_.department_id as departme4_2_3_, employees1_.id as id1_2_3_, employees1_.id as id1_2_0_, employees1_.department_id as departme4_2_0_, employees1_.name as name2_2_0_, employees1_.phone as phone3_2_0_ from departments department0_ left outer join employees employees1_ on department0_.id=employees1_.department_id where department0_.id=?
13:44:26.314 [main] DEBUG org.hibernate.loader.plan.build.internal.spaces.QuerySpacesImpl - Adding QuerySpace : uid = <gen:0> -> org.hibernate.loader.plan.build.internal.spaces.CollectionQuerySpaceImpl@56cfe6be]
13:44:26.314 [main] DEBUG org.hibernate.loader.plan.build.internal.spaces.QuerySpacesImpl - Adding QuerySpace : uid = <gen:1> -> org.hibernate.loader.plan.build.internal.spaces.EntityQuerySpaceImpl@7f0d8eff]
13:44:26.315 [main] DEBUG org.hibernate.persister.walking.spi.MetamodelGraphWalker - Visiting attribute path : department
13:44:26.316 [main] DEBUG org.hibernate.persister.walking.spi.MetamodelGraphWalker - Property path deemed to be circular : department
13:44:26.316 [main] DEBUG org.hibernate.persister.walking.spi.MetamodelGraphWalker - Visiting attribute path : name
13:44:26.316 [main] DEBUG org.hibernate.persister.walking.spi.MetamodelGraphWalker - Visiting attribute path : phone
13:44:26.316 [main] DEBUG org.hibernate.loader.plan.build.internal.FetchStyleLoadPlanBuildingAssociationVisitationStrategy - Building LoadPlan...
13:44:26.321 [main] DEBUG org.hibernate.loader.plan.exec.internal.LoadQueryJoinAndFetchProcessor - processing queryspace <gen:0>
13:44:26.322 [main] DEBUG org.hibernate.loader.plan.build.spi.LoadPlanTreePrinter - LoadPlan(collection=com.diana.model.Department.employees)
    - Returns
       - CollectionReturnImpl(collection=com.diana.model.Department.employees, querySpaceUid=<gen:0>, path=[com.diana.model.Department.employees])
          - (collection element) CollectionFetchableElementEntityGraph(entity=com.diana.model.Employee, querySpaceUid=<gen:1>, path=[com.diana.model.Department.employees].<elements>)
    - QuerySpaces
       - CollectionQuerySpaceImpl(uid=<gen:0>, collection=com.diana.model.Department.employees)
          - SQL table alias mapping - employees0_
          - alias suffix - 0_
          - suffixed key columns - {departme4_2_0_}
          - entity-element alias suffix - 1_
          - 1_entity-element suffixed key columns - id1_2_1_
          - JOIN (JoinDefinedByMetadata(elements)) : <gen:0> -> <gen:1>
             - EntityQuerySpaceImpl(uid=<gen:1>, entity=com.diana.model.Employee)
                - SQL table alias mapping - employees0_
                - alias suffix - 1_
                - suffixed key columns - {id1_2_1_}

13:44:26.322 [main] DEBUG org.hibernate.loader.collection.plan.CollectionLoader - Static select for collection com.diana.model.Department.employees: select employees0_.department_id as departme4_2_0_, employees0_.id as id1_2_0_, employees0_.id as id1_2_1_, employees0_.department_id as departme4_2_1_, employees0_.name as name2_2_1_, employees0_.phone as phone3_2_1_ from employees employees0_ where employees0_.department_id=?
13:44:26.347 [main] DEBUG org.hibernate.tool.schema.spi.SchemaManagementToolCoordinator - No actions specified; doing nothing
13:44:26.348 [main] DEBUG org.hibernate.engine.transaction.jta.platform.internal.JtaPlatformInitiator - No JtaPlatform was specified, checking resolver
13:44:26.349 [main] DEBUG org.hibernate.engine.transaction.jta.platform.internal.JtaPlatformResolverInitiator - No JtaPlatformResolver was specified, using default [org.hibernate.engine.transaction.jta.platform.internal.StandardJtaPlatformResolver]
13:44:26.355 [main] DEBUG org.hibernate.engine.transaction.jta.platform.internal.StandardJtaPlatformResolver - Could not resolve JtaPlatform, using default [org.hibernate.engine.transaction.jta.platform.internal.NoJtaPlatform]
13:44:26.355 [main] INFO org.hibernate.engine.transaction.jta.platform.internal.JtaPlatformInitiator - HHH000490: Using JtaPlatform implementation: [org.hibernate.engine.transaction.jta.platform.internal.NoJtaPlatform]
13:44:26.356 [main] DEBUG org.hibernate.query.spi.NamedQueryRepository - Checking 0 named HQL queries
13:44:26.357 [main] DEBUG org.hibernate.query.spi.NamedQueryRepository - Checking 0 named SQL queries
13:44:26.358 [main] DEBUG org.hibernate.internal.SessionFactoryRegistry - Initializing SessionFactoryRegistry : org.hibernate.internal.SessionFactoryRegistry@6c8efde4
13:44:26.358 [main] DEBUG org.hibernate.internal.SessionFactoryRegistry - Registering SessionFactory: e517b4ac-25a8-4aab-bdff-3f821edd58f0 (<unnamed>)
13:44:26.359 [main] DEBUG org.hibernate.internal.SessionFactoryRegistry - Not binding SessionFactory to JNDI, no JNDI name configured
13:44:26.360 [main] DEBUG org.springframework.beans.factory.support.DefaultListableBeanFactory - Creating shared instance of singleton bean 'testEntityManagerFactory'
13:44:26.361 [main] DEBUG org.springframework.beans.factory.support.DefaultListableBeanFactory - Autowiring by type from bean name 'testEntityManagerFactory' via factory method to bean named 'testDataSource'
13:44:26.387 [main] DEBUG org.springframework.orm.jpa.LocalContainerEntityManagerFactoryBean - Building JPA container EntityManagerFactory for persistence unit 'default'
13:44:26.392 [main] DEBUG org.hibernate.jpa.internal.util.LogHelper - PersistenceUnitInfo [
	name: default
	persistence provider classname: null
	classloader: jdk.internal.loader.ClassLoaders$AppClassLoader@8bcc55f
	excludeUnlistedClasses: true
	JTA datasource: null
	Non JTA datasource: org.springframework.jdbc.datasource.DriverManagerDataSource@a37aefe
	Transaction type: RESOURCE_LOCAL
	PU root URL: file:/C:/Users/ishipitc/IdeaProjects/TestThang/target/test-classes/
	Shared Cache Mode: UNSPECIFIED
	Validation Mode: AUTO
	Jar files URLs []
	Managed classes names [
		com.diana.model.Address
		com.diana.model.Department
		com.diana.model.Employee]
	Mapping files names []
	Properties []
13:44:26.392 [main] DEBUG org.hibernate.integrator.internal.IntegratorServiceImpl - Adding Integrator [org.hibernate.cfg.beanvalidation.BeanValidationIntegrator].
13:44:26.392 [main] DEBUG org.hibernate.integrator.internal.IntegratorServiceImpl - Adding Integrator [org.hibernate.secure.spi.JaccIntegrator].
13:44:26.392 [main] DEBUG org.hibernate.integrator.internal.IntegratorServiceImpl - Adding Integrator [org.hibernate.cache.internal.CollectionCacheInvalidator].
13:44:26.396 [main] DEBUG org.hibernate.service.spi.ServiceBinding - Overriding existing service binding [org.hibernate.secure.spi.JaccService]
13:44:26.397 [main] DEBUG org.hibernate.cache.internal.RegionFactoryInitiator - Cannot default RegionFactory based on registered strategies as `[class org.hibernate.cache.ehcache.internal.EhcacheRegionFactory, class org.hibernate.cache.ehcache.internal.SingletonEhcacheRegionFactory]` RegionFactory strategies were registered
13:44:26.397 [main] DEBUG org.hibernate.cache.internal.RegionFactoryInitiator - Cache region factory : org.hibernate.cache.internal.NoCachingRegionFactory
13:44:26.397 [main] DEBUG org.hibernate.type.BasicTypeRegistry - Adding type registration boolean -> org.hibernate.type.BooleanType@37fbe4a8
13:44:26.397 [main] DEBUG org.hibernate.type.BasicTypeRegistry - Adding type registration boolean -> org.hibernate.type.BooleanType@37fbe4a8
13:44:26.397 [main] DEBUG org.hibernate.type.BasicTypeRegistry - Adding type registration java.lang.Boolean -> org.hibernate.type.BooleanType@37fbe4a8
13:44:26.397 [main] DEBUG org.hibernate.type.BasicTypeRegistry - Adding type registration numeric_boolean -> org.hibernate.type.NumericBooleanType@54afd745
13:44:26.397 [main] DEBUG org.hibernate.type.BasicTypeRegistry - Adding type registration true_false -> org.hibernate.type.TrueFalseType@263f04ca
13:44:26.398 [main] DEBUG org.hibernate.type.BasicTypeRegistry - Adding type registration yes_no -> org.hibernate.type.YesNoType@f31c0c6
13:44:26.398 [main] DEBUG org.hibernate.type.BasicTypeRegistry - Adding type registration byte -> org.hibernate.type.ByteType@3a0807b7
13:44:26.398 [main] DEBUG org.hibernate.type.BasicTypeRegistry - Adding type registration byte -> org.hibernate.type.ByteType@3a0807b7
13:44:26.398 [main] DEBUG org.hibernate.type.BasicTypeRegistry - Adding type registration java.lang.Byte -> org.hibernate.type.ByteType@3a0807b7
13:44:26.398 [main] DEBUG org.hibernate.type.BasicTypeRegistry - Adding type registration character -> org.hibernate.type.CharacterType@5489c777
13:44:26.398 [main] DEBUG org.hibernate.type.BasicTypeRegistry - Adding type registration char -> org.hibernate.type.CharacterType@5489c777
13:44:26.398 [main] DEBUG org.hibernate.type.BasicTypeRegistry - Adding type registration java.lang.Character -> org.hibernate.type.CharacterType@5489c777
13:44:26.398 [main] DEBUG org.hibernate.type.BasicTypeRegistry - Adding type registration short -> org.hibernate.type.ShortType@158d255c
13:44:26.398 [main] DEBUG org.hibernate.type.BasicTypeRegistry - Adding type registration short -> org.hibernate.type.ShortType@158d255c
13:44:26.398 [main] DEBUG org.hibernate.type.BasicTypeRegistry - Adding type registration java.lang.Short -> org.hibernate.type.ShortType@158d255c
13:44:26.398 [main] DEBUG org.hibernate.type.BasicTypeRegistry - Adding type registration integer -> org.hibernate.type.IntegerType@672f11c2
13:44:26.398 [main] DEBUG org.hibernate.type.BasicTypeRegistry - Adding type registration int -> org.hibernate.type.IntegerType@672f11c2
13:44:26.398 [main] DEBUG org.hibernate.type.BasicTypeRegistry - Adding type registration java.lang.Integer -> org.hibernate.type.IntegerType@672f11c2
13:44:26.398 [main] DEBUG org.hibernate.type.BasicTypeRegistry - Adding type registration long -> org.hibernate.type.LongType@4fbdc0f0
13:44:26.398 [main] DEBUG org.hibernate.type.BasicTypeRegistry - Adding type registration long -> org.hibernate.type.LongType@4fbdc0f0
13:44:26.398 [main] DEBUG org.hibernate.type.BasicTypeRegistry - Adding type registration java.lang.Long -> org.hibernate.type.LongType@4fbdc0f0
13:44:26.398 [main] DEBUG org.hibernate.type.BasicTypeRegistry - Adding type registration float -> org.hibernate.type.FloatType@aec50a1
13:44:26.398 [main] DEBUG org.hibernate.type.BasicTypeRegistry - Adding type registration float -> org.hibernate.type.FloatType@aec50a1
13:44:26.398 [main] DEBUG org.hibernate.type.BasicTypeRegistry - Adding type registration java.lang.Float -> org.hibernate.type.FloatType@aec50a1
13:44:26.398 [main] DEBUG org.hibernate.type.BasicTypeRegistry - Adding type registration double -> org.hibernate.type.DoubleType@7c18432b
13:44:26.398 [main] DEBUG org.hibernate.type.BasicTypeRegistry - Adding type registration double -> org.hibernate.type.DoubleType@7c18432b
13:44:26.398 [main] DEBUG org.hibernate.type.BasicTypeRegistry - Adding type registration java.lang.Double -> org.hibernate.type.DoubleType@7c18432b
13:44:26.398 [main] DEBUG org.hibernate.type.BasicTypeRegistry - Adding type registration big_decimal -> org.hibernate.type.BigDecimalType@42a9a63e
13:44:26.398 [main] DEBUG org.hibernate.type.BasicTypeRegistry - Adding type registration java.math.BigDecimal -> org.hibernate.type.BigDecimalType@42a9a63e
13:44:26.398 [main] DEBUG org.hibernate.type.BasicTypeRegistry - Adding type registration big_integer -> org.hibernate.type.BigIntegerType@6b9267b
13:44:26.398 [main] DEBUG org.hibernate.type.BasicTypeRegistry - Adding type registration java.math.BigInteger -> org.hibernate.type.BigIntegerType@6b9267b
13:44:26.398 [main] DEBUG org.hibernate.type.BasicTypeRegistry - Adding type registration string -> org.hibernate.type.StringType@726386ed
13:44:26.398 [main] DEBUG org.hibernate.type.BasicTypeRegistry - Adding type registration java.lang.String -> org.hibernate.type.StringType@726386ed
13:44:26.398 [main] DEBUG org.hibernate.type.BasicTypeRegistry - Adding type registration nstring -> org.hibernate.type.StringNVarcharType@797501a
13:44:26.398 [main] DEBUG org.hibernate.type.BasicTypeRegistry - Adding type registration ncharacter -> org.hibernate.type.CharacterNCharType@6c4f9535
13:44:26.398 [main] DEBUG org.hibernate.type.BasicTypeRegistry - Adding type registration url -> org.hibernate.type.UrlType@344344fa
13:44:26.398 [main] DEBUG org.hibernate.type.BasicTypeRegistry - Adding type registration java.net.URL -> org.hibernate.type.UrlType@344344fa
13:44:26.398 [main] DEBUG org.hibernate.type.BasicTypeRegistry - Adding type registration Duration -> org.hibernate.type.DurationType@1827a871
13:44:26.398 [main] DEBUG org.hibernate.type.BasicTypeRegistry - Adding type registration java.time.Duration -> org.hibernate.type.DurationType@1827a871
13:44:26.398 [main] DEBUG org.hibernate.type.BasicTypeRegistry - Adding type registration Instant -> org.hibernate.type.InstantType@6ab72419
13:44:26.398 [main] DEBUG org.hibernate.type.BasicTypeRegistry - Adding type registration java.time.Instant -> org.hibernate.type.InstantType@6ab72419
13:44:26.398 [main] DEBUG org.hibernate.type.BasicTypeRegistry - Adding type registration LocalDateTime -> org.hibernate.type.LocalDateTimeType@5ea502e0
13:44:26.398 [main] DEBUG org.hibernate.type.BasicTypeRegistry - Adding type registration java.time.LocalDateTime -> org.hibernate.type.LocalDateTimeType@5ea502e0
13:44:26.398 [main] DEBUG org.hibernate.type.BasicTypeRegistry - Adding type registration LocalDate -> org.hibernate.type.LocalDateType@5bbc9f97
13:44:26.399 [main] DEBUG org.hibernate.type.BasicTypeRegistry - Adding type registration java.time.LocalDate -> org.hibernate.type.LocalDateType@5bbc9f97
13:44:26.399 [main] DEBUG org.hibernate.type.BasicTypeRegistry - Adding type registration LocalTime -> org.hibernate.type.LocalTimeType@3d4d3fe7
13:44:26.399 [main] DEBUG org.hibernate.type.BasicTypeRegistry - Adding type registration java.time.LocalTime -> org.hibernate.type.LocalTimeType@3d4d3fe7
13:44:26.399 [main] DEBUG org.hibernate.type.BasicTypeRegistry - Adding type registration OffsetDateTime -> org.hibernate.type.OffsetDateTimeType@6e33c391
13:44:26.399 [main] DEBUG org.hibernate.type.BasicTypeRegistry - Adding type registration java.time.OffsetDateTime -> org.hibernate.type.OffsetDateTimeType@6e33c391
13:44:26.399 [main] DEBUG org.hibernate.type.BasicTypeRegistry - Adding type registration OffsetTime -> org.hibernate.type.OffsetTimeType@4e9658b5
13:44:26.399 [main] DEBUG org.hibernate.type.BasicTypeRegistry - Adding type registration java.time.OffsetTime -> org.hibernate.type.OffsetTimeType@4e9658b5
13:44:26.399 [main] DEBUG org.hibernate.type.BasicTypeRegistry - Adding type registration ZonedDateTime -> org.hibernate.type.ZonedDateTimeType@52eacb4b
13:44:26.399 [main] DEBUG org.hibernate.type.BasicTypeRegistry - Adding type registration java.time.ZonedDateTime -> org.hibernate.type.ZonedDateTimeType@52eacb4b
13:44:26.399 [main] DEBUG org.hibernate.type.BasicTypeRegistry - Adding type registration date -> org.hibernate.type.DateType@669253b7
13:44:26.399 [main] DEBUG org.hibernate.type.BasicTypeRegistry - Adding type registration java.sql.Date -> org.hibernate.type.DateType@669253b7
13:44:26.399 [main] DEBUG org.hibernate.type.BasicTypeRegistry - Adding type registration time -> org.hibernate.type.TimeType@4d9d1b69
13:44:26.399 [main] DEBUG org.hibernate.type.BasicTypeRegistry - Adding type registration java.sql.Time -> org.hibernate.type.TimeType@4d9d1b69
13:44:26.399 [main] DEBUG org.hibernate.type.BasicTypeRegistry - Adding type registration timestamp -> org.hibernate.type.TimestampType@22680f52
13:44:26.399 [main] DEBUG org.hibernate.type.BasicTypeRegistry - Adding type registration java.sql.Timestamp -> org.hibernate.type.TimestampType@22680f52
13:44:26.399 [main] DEBUG org.hibernate.type.BasicTypeRegistry - Adding type registration java.util.Date -> org.hibernate.type.TimestampType@22680f52
13:44:26.399 [main] DEBUG org.hibernate.type.BasicTypeRegistry - Adding type registration dbtimestamp -> org.hibernate.type.DbTimestampType@503d56b5
13:44:26.399 [main] DEBUG org.hibernate.type.BasicTypeRegistry - Adding type registration calendar -> org.hibernate.type.CalendarType@27f9e982
13:44:26.399 [main] DEBUG org.hibernate.type.BasicTypeRegistry - Adding type registration java.util.Calendar -> org.hibernate.type.CalendarType@27f9e982
13:44:26.399 [main] DEBUG org.hibernate.type.BasicTypeRegistry - Adding type registration java.util.GregorianCalendar -> org.hibernate.type.CalendarType@27f9e982
13:44:26.399 [main] DEBUG org.hibernate.type.BasicTypeRegistry - Adding type registration calendar_date -> org.hibernate.type.CalendarDateType@22db8f4
13:44:26.399 [main] DEBUG org.hibernate.type.BasicTypeRegistry - Adding type registration locale -> org.hibernate.type.LocaleType@2f40a43
13:44:26.399 [main] DEBUG org.hibernate.type.BasicTypeRegistry - Adding type registration java.util.Locale -> org.hibernate.type.LocaleType@2f40a43
13:44:26.399 [main] DEBUG org.hibernate.type.BasicTypeRegistry - Adding type registration currency -> org.hibernate.type.CurrencyType@238b521e
13:44:26.399 [main] DEBUG org.hibernate.type.BasicTypeRegistry - Adding type registration java.util.Currency -> org.hibernate.type.CurrencyType@238b521e
13:44:26.399 [main] DEBUG org.hibernate.type.BasicTypeRegistry - Adding type registration timezone -> org.hibernate.type.TimeZoneType@2d8f2f3a
13:44:26.399 [main] DEBUG org.hibernate.type.BasicTypeRegistry - Adding type registration java.util.TimeZone -> org.hibernate.type.TimeZoneType@2d8f2f3a
13:44:26.399 [main] DEBUG org.hibernate.type.BasicTypeRegistry - Adding type registration class -> org.hibernate.type.ClassType@58dea0a5
13:44:26.399 [main] DEBUG org.hibernate.type.BasicTypeRegistry - Adding type registration java.lang.Class -> org.hibernate.type.ClassType@58dea0a5
13:44:26.399 [main] DEBUG org.hibernate.type.BasicTypeRegistry - Adding type registration uuid-binary -> org.hibernate.type.UUIDBinaryType@5167268
13:44:26.399 [main] DEBUG org.hibernate.type.BasicTypeRegistry - Adding type registration java.util.UUID -> org.hibernate.type.UUIDBinaryType@5167268
13:44:26.399 [main] DEBUG org.hibernate.type.BasicTypeRegistry - Adding type registration uuid-char -> org.hibernate.type.UUIDCharType@1af7f54a
13:44:26.399 [main] DEBUG org.hibernate.type.BasicTypeRegistry - Adding type registration binary -> org.hibernate.type.BinaryType@50b8ae8d
13:44:26.399 [main] DEBUG org.hibernate.type.BasicTypeRegistry - Adding type registration byte[] -> org.hibernate.type.BinaryType@50b8ae8d
13:44:26.399 [main] DEBUG org.hibernate.type.BasicTypeRegistry - Adding type registration [B -> org.hibernate.type.BinaryType@50b8ae8d
13:44:26.399 [main] DEBUG org.hibernate.type.BasicTypeRegistry - Adding type registration wrapper-binary -> org.hibernate.type.WrapperBinaryType@3a7b503d
13:44:26.399 [main] DEBUG org.hibernate.type.BasicTypeRegistry - Adding type registration Byte[] -> org.hibernate.type.WrapperBinaryType@3a7b503d
13:44:26.399 [main] DEBUG org.hibernate.type.BasicTypeRegistry - Adding type registration [Ljava.lang.Byte; -> org.hibernate.type.WrapperBinaryType@3a7b503d
13:44:26.399 [main] DEBUG org.hibernate.type.BasicTypeRegistry - Adding type registration row_version -> org.hibernate.type.RowVersionType@475b7792
13:44:26.399 [main] DEBUG org.hibernate.type.BasicTypeRegistry - Adding type registration image -> org.hibernate.type.ImageType@4d0402b
13:44:26.399 [main] DEBUG org.hibernate.type.BasicTypeRegistry - Adding type registration characters -> org.hibernate.type.CharArrayType@3f2049b6
13:44:26.399 [main] DEBUG org.hibernate.type.BasicTypeRegistry - Adding type registration char[] -> org.hibernate.type.CharArrayType@3f2049b6
13:44:26.399 [main] DEBUG org.hibernate.type.BasicTypeRegistry - Adding type registration [C -> org.hibernate.type.CharArrayType@3f2049b6
13:44:26.399 [main] DEBUG org.hibernate.type.BasicTypeRegistry - Adding type registration wrapper-characters -> org.hibernate.type.CharacterArrayType@3c321bdb
13:44:26.399 [main] DEBUG org.hibernate.type.BasicTypeRegistry - Adding type registration [Ljava.lang.Character; -> org.hibernate.type.CharacterArrayType@3c321bdb
13:44:26.399 [main] DEBUG org.hibernate.type.BasicTypeRegistry - Adding type registration Character[] -> org.hibernate.type.CharacterArrayType@3c321bdb
13:44:26.400 [main] DEBUG org.hibernate.type.BasicTypeRegistry - Adding type registration text -> org.hibernate.type.TextType@610db97e
13:44:26.400 [main] DEBUG org.hibernate.type.BasicTypeRegistry - Adding type registration ntext -> org.hibernate.type.NTextType@12f3afb5
13:44:26.400 [main] DEBUG org.hibernate.type.BasicTypeRegistry - Adding type registration blob -> org.hibernate.type.BlobType@5cbf9e9f
13:44:26.400 [main] DEBUG org.hibernate.type.BasicTypeRegistry - Adding type registration java.sql.Blob -> org.hibernate.type.BlobType@5cbf9e9f
13:44:26.400 [main] DEBUG org.hibernate.type.BasicTypeRegistry - Adding type registration materialized_blob -> org.hibernate.type.MaterializedBlobType@3ad394e6
13:44:26.400 [main] DEBUG org.hibernate.type.BasicTypeRegistry - Adding type registration clob -> org.hibernate.type.ClobType@6ca320ab
13:44:26.400 [main] DEBUG org.hibernate.type.BasicTypeRegistry - Adding type registration java.sql.Clob -> org.hibernate.type.ClobType@6ca320ab
13:44:26.400 [main] DEBUG org.hibernate.type.BasicTypeRegistry - Adding type registration nclob -> org.hibernate.type.NClobType@7561db12
13:44:26.400 [main] DEBUG org.hibernate.type.BasicTypeRegistry - Adding type registration java.sql.NClob -> org.hibernate.type.NClobType@7561db12
13:44:26.400 [main] DEBUG org.hibernate.type.BasicTypeRegistry - Adding type registration materialized_clob -> org.hibernate.type.MaterializedClobType@6e9c413e
13:44:26.400 [main] DEBUG org.hibernate.type.BasicTypeRegistry - Adding type registration materialized_nclob -> org.hibernate.type.MaterializedNClobType@36dce7ed
13:44:26.400 [main] DEBUG org.hibernate.type.BasicTypeRegistry - Adding type registration serializable -> org.hibernate.type.SerializableType@10ad20cb
13:44:26.400 [main] DEBUG org.hibernate.type.BasicTypeRegistry - Adding type registration object -> org.hibernate.type.ObjectType@622ef26a
13:44:26.400 [main] DEBUG org.hibernate.type.BasicTypeRegistry - Adding type registration java.lang.Object -> org.hibernate.type.ObjectType@622ef26a
13:44:26.400 [main] DEBUG org.hibernate.type.BasicTypeRegistry - Adding type registration imm_date -> org.hibernate.type.AdaptedImmutableType@dc59ec2
13:44:26.400 [main] DEBUG org.hibernate.type.BasicTypeRegistry - Adding type registration imm_time -> org.hibernate.type.AdaptedImmutableType@375084c9
13:44:26.400 [main] DEBUG org.hibernate.type.BasicTypeRegistry - Adding type registration imm_timestamp -> org.hibernate.type.AdaptedImmutableType@bd93bc3
13:44:26.400 [main] DEBUG org.hibernate.type.BasicTypeRegistry - Adding type registration imm_dbtimestamp -> org.hibernate.type.AdaptedImmutableType@2a136383
13:44:26.401 [main] DEBUG org.hibernate.type.BasicTypeRegistry - Adding type registration imm_calendar -> org.hibernate.type.AdaptedImmutableType@b01cb8d
13:44:26.401 [main] DEBUG org.hibernate.type.BasicTypeRegistry - Adding type registration imm_calendar_date -> org.hibernate.type.AdaptedImmutableType@38c460e8
13:44:26.401 [main] DEBUG org.hibernate.type.BasicTypeRegistry - Adding type registration imm_binary -> org.hibernate.type.AdaptedImmutableType@7a814310
13:44:26.401 [main] DEBUG org.hibernate.type.BasicTypeRegistry - Adding type registration imm_serializable -> org.hibernate.type.AdaptedImmutableType@4bbf38b8
13:44:26.403 [main] DEBUG org.hibernate.boot.internal.BootstrapContextImpl - Injecting JPA temp ClassLoader [org.springframework.instrument.classloading.SimpleThrowawayClassLoader@67763ebe] into BootstrapContext; was [null]
13:44:26.404 [main] DEBUG org.hibernate.boot.internal.ClassLoaderAccessImpl - ClassLoaderAccessImpl#injectTempClassLoader(org.springframework.instrument.classloading.SimpleThrowawayClassLoader@67763ebe) [was null]
13:44:26.404 [main] DEBUG org.hibernate.boot.internal.BootstrapContextImpl - Injecting ScanEnvironment [org.hibernate.jpa.boot.internal.StandardJpaScanEnvironmentImpl@71bb8b34] into BootstrapContext; was [null]
13:44:26.404 [main] DEBUG org.hibernate.boot.internal.BootstrapContextImpl - Injecting ScanOptions [org.hibernate.boot.archive.scan.internal.StandardScanOptions@197ce367] into BootstrapContext; was [org.hibernate.boot.archive.scan.internal.StandardScanOptions@383cdd4d]
13:44:26.448 [main] DEBUG org.hibernate.boot.internal.BootstrapContextImpl - Injecting JPA temp ClassLoader [null] into BootstrapContext; was [org.springframework.instrument.classloading.SimpleThrowawayClassLoader@67763ebe]
13:44:26.448 [main] DEBUG org.hibernate.boot.internal.ClassLoaderAccessImpl - ClassLoaderAccessImpl#injectTempClassLoader(null) [was org.springframework.instrument.classloading.SimpleThrowawayClassLoader@67763ebe]
13:44:26.448 [main] DEBUG org.hibernate.id.factory.internal.DefaultIdentifierGeneratorFactory - Registering IdentifierGenerator strategy [uuid2] -> [org.hibernate.id.UUIDGenerator]
13:44:26.448 [main] DEBUG org.hibernate.id.factory.internal.DefaultIdentifierGeneratorFactory - Registering IdentifierGenerator strategy [guid] -> [org.hibernate.id.GUIDGenerator]
13:44:26.448 [main] DEBUG org.hibernate.id.factory.internal.DefaultIdentifierGeneratorFactory - Registering IdentifierGenerator strategy [uuid] -> [org.hibernate.id.UUIDHexGenerator]
13:44:26.448 [main] DEBUG org.hibernate.id.factory.internal.DefaultIdentifierGeneratorFactory - Registering IdentifierGenerator strategy [uuid.hex] -> [org.hibernate.id.UUIDHexGenerator]
13:44:26.448 [main] DEBUG org.hibernate.id.factory.internal.DefaultIdentifierGeneratorFactory - Registering IdentifierGenerator strategy [assigned] -> [org.hibernate.id.Assigned]
13:44:26.448 [main] DEBUG org.hibernate.id.factory.internal.DefaultIdentifierGeneratorFactory - Registering IdentifierGenerator strategy [identity] -> [org.hibernate.id.IdentityGenerator]
13:44:26.448 [main] DEBUG org.hibernate.id.factory.internal.DefaultIdentifierGeneratorFactory - Registering IdentifierGenerator strategy [select] -> [org.hibernate.id.SelectGenerator]
13:44:26.448 [main] DEBUG org.hibernate.id.factory.internal.DefaultIdentifierGeneratorFactory - Registering IdentifierGenerator strategy [sequence] -> [org.hibernate.id.enhanced.SequenceStyleGenerator]
13:44:26.448 [main] DEBUG org.hibernate.id.factory.internal.DefaultIdentifierGeneratorFactory - Registering IdentifierGenerator strategy [seqhilo] -> [org.hibernate.id.SequenceHiLoGenerator]
13:44:26.448 [main] DEBUG org.hibernate.id.factory.internal.DefaultIdentifierGeneratorFactory - Registering IdentifierGenerator strategy [increment] -> [org.hibernate.id.IncrementGenerator]
13:44:26.448 [main] DEBUG org.hibernate.id.factory.internal.DefaultIdentifierGeneratorFactory - Registering IdentifierGenerator strategy [foreign] -> [org.hibernate.id.ForeignGenerator]
13:44:26.448 [main] DEBUG org.hibernate.id.factory.internal.DefaultIdentifierGeneratorFactory - Registering IdentifierGenerator strategy [sequence-identity] -> [org.hibernate.id.SequenceIdentityGenerator]
13:44:26.448 [main] DEBUG org.hibernate.id.factory.internal.DefaultIdentifierGeneratorFactory - Registering IdentifierGenerator strategy [enhanced-sequence] -> [org.hibernate.id.enhanced.SequenceStyleGenerator]
13:44:26.448 [main] DEBUG org.hibernate.id.factory.internal.DefaultIdentifierGeneratorFactory - Registering IdentifierGenerator strategy [enhanced-table] -> [org.hibernate.id.enhanced.TableGenerator]
13:44:26.448 [main] DEBUG org.springframework.jdbc.datasource.DriverManagerDataSource - Creating new JDBC DriverManager Connection to [jdbc:h2:mem:testDB;DB_CLOSE_DELAY=-1]
13:44:26.449 [main] DEBUG org.hibernate.engine.jdbc.env.internal.JdbcEnvironmentInitiator - Database ->
       name : H2
    version : 1.4.199 (2019-03-13)
      major : 1
      minor : 4
13:44:26.449 [main] DEBUG org.hibernate.engine.jdbc.env.internal.JdbcEnvironmentInitiator - Driver ->
       name : H2 JDBC Driver
    version : 1.4.199 (2019-03-13)
      major : 1
      minor : 4
13:44:26.449 [main] DEBUG org.hibernate.engine.jdbc.env.internal.JdbcEnvironmentInitiator - JDBC version : 4.1
13:44:26.449 [main] INFO org.hibernate.dialect.Dialect - HHH000400: Using dialect: org.hibernate.dialect.H2Dialect
13:44:26.451 [main] DEBUG org.hibernate.engine.jdbc.env.spi.IdentifierHelperBuilder - JDBC driver metadata reported database stores quoted identifiers in neither upper, lower nor mixed case
13:44:26.457 [main] DEBUG org.hibernate.boot.model.relational.Namespace - Created database namespace [logicalName=Name{catalog=null, schema=null}, physicalName=Name{catalog=null, schema=null}]
13:44:26.463 [main] DEBUG org.hibernate.type.spi.TypeConfiguration$Scope - Scoping TypeConfiguration [org.hibernate.type.spi.TypeConfiguration@16a6dc21] to MetadataBuildingContext [org.hibernate.boot.internal.MetadataBuildingContextRootImpl@5773d271]
13:44:26.464 [main] DEBUG org.hibernate.cfg.AnnotationBinder - Binding entity from annotated class: com.diana.model.Address
13:44:26.464 [main] DEBUG org.hibernate.cfg.Ejb3Column - Binding column: Ejb3DiscriminatorColumn{logicalColumnName'DTYPE', discriminatorTypeName='string'}
13:44:26.464 [main] DEBUG org.hibernate.cfg.annotations.EntityBinder - Import with entity name Address
13:44:26.464 [main] DEBUG org.hibernate.cfg.annotations.EntityBinder - Bind entity com.diana.model.Address on table addresses
13:44:26.465 [main] DEBUG org.hibernate.cfg.Ejb3Column - Binding column: Ejb3Column{table=org.hibernate.mapping.Table(addresses), mappingColumn=id, insertable=true, updatable=true, unique=false}
13:44:26.468 [main] DEBUG org.hibernate.cfg.Ejb3Column - Binding column: Ejb3JoinColumn{logicalColumnName='null', referencedColumn='null', mappedBy=''}
13:44:26.468 [main] DEBUG org.hibernate.cfg.annotations.PropertyBinder - MetadataSourceProcessor property id with lazy=false
13:44:26.468 [main] DEBUG org.hibernate.cfg.AbstractPropertyHolder - Attempting to locate auto-apply AttributeConverter for property [com.diana.model.Address:id]
13:44:26.468 [main] DEBUG org.hibernate.cfg.annotations.SimpleValueBinder - building SimpleValue for id
13:44:26.468 [main] DEBUG org.hibernate.cfg.annotations.PropertyBinder - Building property id
13:44:26.468 [main] DEBUG org.hibernate.cfg.BinderHelper - #makeIdGenerator(org.hibernate.mapping.SimpleValue([]), id, foreign, Hibernate-local--foreign generator, ...)
13:44:26.469 [main] DEBUG org.hibernate.cfg.Ejb3Column - Binding column: Ejb3Column{table=org.hibernate.mapping.Table(addresses), mappingColumn=city, insertable=true, updatable=true, unique=false}
13:44:26.469 [main] DEBUG org.hibernate.cfg.annotations.PropertyBinder - MetadataSourceProcessor property city with lazy=false
13:44:26.469 [main] DEBUG org.hibernate.cfg.AbstractPropertyHolder - Attempting to locate auto-apply AttributeConverter for property [com.diana.model.Address:city]
13:44:26.469 [main] DEBUG org.hibernate.cfg.annotations.SimpleValueBinder - building SimpleValue for city
13:44:26.469 [main] DEBUG org.hibernate.cfg.annotations.PropertyBinder - Building property city
13:44:26.469 [main] DEBUG org.hibernate.cfg.Ejb3Column - Binding column: Ejb3JoinColumn{logicalColumnName='null', referencedColumn='null', mappedBy=''}
13:44:26.469 [main] DEBUG org.hibernate.cfg.Ejb3Column - Binding column: Ejb3Column{table=org.hibernate.mapping.Table(addresses), mappingColumn=employee, insertable=true, updatable=true, unique=false}
13:44:26.469 [main] DEBUG org.hibernate.cfg.annotations.PropertyBinder - Building property employee
13:44:26.469 [main] DEBUG org.hibernate.cfg.Ejb3Column - Binding column: Ejb3Column{table=org.hibernate.mapping.Table(addresses), mappingColumn=street, insertable=true, updatable=true, unique=false}
13:44:26.469 [main] DEBUG org.hibernate.cfg.annotations.PropertyBinder - MetadataSourceProcessor property street with lazy=false
13:44:26.469 [main] DEBUG org.hibernate.cfg.AbstractPropertyHolder - Attempting to locate auto-apply AttributeConverter for property [com.diana.model.Address:street]
13:44:26.469 [main] DEBUG org.hibernate.cfg.annotations.SimpleValueBinder - building SimpleValue for street
13:44:26.470 [main] DEBUG org.hibernate.cfg.annotations.PropertyBinder - Building property street
13:44:26.470 [main] DEBUG org.hibernate.cfg.AnnotationBinder - Binding entity from annotated class: com.diana.model.Department
13:44:26.470 [main] DEBUG org.hibernate.cfg.Ejb3Column - Binding column: Ejb3DiscriminatorColumn{logicalColumnName'DTYPE', discriminatorTypeName='string'}
13:44:26.470 [main] DEBUG org.hibernate.cfg.annotations.EntityBinder - Import with entity name Department
13:44:26.470 [main] DEBUG org.hibernate.cfg.annotations.EntityBinder - Bind entity com.diana.model.Department on table departments
13:44:26.472 [main] DEBUG org.hibernate.cfg.Ejb3Column - Binding column: Ejb3Column{table=org.hibernate.mapping.Table(departments), mappingColumn=id, insertable=true, updatable=true, unique=false}
13:44:26.472 [main] DEBUG org.hibernate.cfg.annotations.PropertyBinder - MetadataSourceProcessor property id with lazy=false
13:44:26.472 [main] DEBUG org.hibernate.cfg.AbstractPropertyHolder - Attempting to locate auto-apply AttributeConverter for property [com.diana.model.Department:id]
13:44:26.472 [main] DEBUG org.hibernate.cfg.annotations.SimpleValueBinder - building SimpleValue for id
13:44:26.472 [main] DEBUG org.hibernate.cfg.annotations.PropertyBinder - Building property id
13:44:26.473 [main] DEBUG org.hibernate.cfg.BinderHelper - #makeIdGenerator(org.hibernate.mapping.SimpleValue([org.hibernate.mapping.Column(id)]), id, identity, , ...)
13:44:26.473 [main] DEBUG org.hibernate.cfg.Ejb3Column - Binding column: Ejb3JoinColumn{logicalColumnName='null', referencedColumn='null', mappedBy='department'}
13:44:26.473 [main] DEBUG org.hibernate.cfg.Ejb3Column - Binding column: Ejb3Column{table=org.hibernate.mapping.Table(departments), mappingColumn=employees, insertable=true, updatable=true, unique=false}
13:44:26.473 [main] DEBUG org.hibernate.cfg.Ejb3Column - Binding column: Ejb3Column{table=org.hibernate.mapping.Table(departments), mappingColumn=null, insertable=true, updatable=true, unique=false}
13:44:26.473 [main] DEBUG org.hibernate.cfg.Ejb3Column - Binding column: Ejb3Column{table=org.hibernate.mapping.Table(departments), mappingColumn=element, insertable=true, updatable=true, unique=false}
13:44:26.474 [main] DEBUG org.hibernate.cfg.Ejb3Column - Binding column: Ejb3Column{table=org.hibernate.mapping.Table(departments), mappingColumn=employees_KEY, insertable=true, updatable=true, unique=false}
13:44:26.474 [main] DEBUG org.hibernate.cfg.Ejb3Column - Binding column: Ejb3JoinColumn{logicalColumnName='employees_KEY', referencedColumn='null', mappedBy='null'}
13:44:26.474 [main] DEBUG org.hibernate.cfg.Ejb3Column - Binding column: Ejb3JoinColumn{logicalColumnName='null', referencedColumn='null', mappedBy='department'}
13:44:26.474 [main] DEBUG org.hibernate.cfg.Ejb3Column - Binding column: Ejb3JoinColumn{logicalColumnName='null', referencedColumn='null', mappedBy='department'}
13:44:26.474 [main] DEBUG org.hibernate.cfg.annotations.CollectionBinder - Collection role: com.diana.model.Department.employees
13:44:26.475 [main] DEBUG org.hibernate.cfg.annotations.PropertyBinder - Building property employees
13:44:26.475 [main] DEBUG org.hibernate.cfg.Ejb3Column - Binding column: Ejb3Column{table=org.hibernate.mapping.Table(departments), mappingColumn=name, insertable=true, updatable=true, unique=false}
13:44:26.475 [main] DEBUG org.hibernate.cfg.annotations.PropertyBinder - MetadataSourceProcessor property name with lazy=false
13:44:26.475 [main] DEBUG org.hibernate.cfg.AbstractPropertyHolder - Attempting to locate auto-apply AttributeConverter for property [com.diana.model.Department:name]
13:44:26.475 [main] DEBUG org.hibernate.cfg.annotations.SimpleValueBinder - building SimpleValue for name
13:44:26.475 [main] DEBUG org.hibernate.cfg.annotations.PropertyBinder - Building property name
13:44:26.475 [main] DEBUG org.hibernate.cfg.AnnotationBinder - Binding entity from annotated class: com.diana.model.Employee
13:44:26.476 [main] DEBUG org.hibernate.cfg.Ejb3Column - Binding column: Ejb3DiscriminatorColumn{logicalColumnName'DTYPE', discriminatorTypeName='string'}
13:44:26.476 [main] DEBUG org.hibernate.cfg.annotations.EntityBinder - Import with entity name Employee
13:44:26.476 [main] DEBUG org.hibernate.cfg.annotations.EntityBinder - Bind entity com.diana.model.Employee on table employees
13:44:26.476 [main] DEBUG org.hibernate.cfg.Ejb3Column - Binding column: Ejb3Column{table=org.hibernate.mapping.Table(employees), mappingColumn=id, insertable=true, updatable=true, unique=false}
13:44:26.476 [main] DEBUG org.hibernate.cfg.annotations.PropertyBinder - MetadataSourceProcessor property id with lazy=false
13:44:26.476 [main] DEBUG org.hibernate.cfg.AbstractPropertyHolder - Attempting to locate auto-apply AttributeConverter for property [com.diana.model.Employee:id]
13:44:26.476 [main] DEBUG org.hibernate.cfg.annotations.SimpleValueBinder - building SimpleValue for id
13:44:26.476 [main] DEBUG org.hibernate.cfg.annotations.PropertyBinder - Building property id
13:44:26.476 [main] DEBUG org.hibernate.cfg.BinderHelper - #makeIdGenerator(org.hibernate.mapping.SimpleValue([org.hibernate.mapping.Column(id)]), id, identity, , ...)
13:44:26.476 [main] DEBUG org.hibernate.cfg.Ejb3Column - Binding column: Ejb3JoinColumn{logicalColumnName='department_id', referencedColumn='', mappedBy=''}
13:44:26.477 [main] DEBUG org.hibernate.cfg.Ejb3Column - Binding column: Ejb3Column{table=org.hibernate.mapping.Table(employees), mappingColumn=department, insertable=true, updatable=true, unique=false}
13:44:26.477 [main] DEBUG org.hibernate.cfg.annotations.PropertyBinder - Building property department
13:44:26.477 [main] DEBUG org.hibernate.cfg.Ejb3Column - Binding column: Ejb3Column{table=org.hibernate.mapping.Table(employees), mappingColumn=name, insertable=true, updatable=true, unique=false}
13:44:26.477 [main] DEBUG org.hibernate.cfg.annotations.PropertyBinder - MetadataSourceProcessor property name with lazy=false
13:44:26.477 [main] DEBUG org.hibernate.cfg.AbstractPropertyHolder - Attempting to locate auto-apply AttributeConverter for property [com.diana.model.Employee:name]
13:44:26.477 [main] DEBUG org.hibernate.cfg.annotations.SimpleValueBinder - building SimpleValue for name
13:44:26.477 [main] DEBUG org.hibernate.cfg.annotations.PropertyBinder - Building property name
13:44:26.477 [main] DEBUG org.hibernate.cfg.Ejb3Column - Binding column: Ejb3Column{table=org.hibernate.mapping.Table(employees), mappingColumn=phone, insertable=true, updatable=true, unique=false}
13:44:26.477 [main] DEBUG org.hibernate.cfg.annotations.PropertyBinder - MetadataSourceProcessor property phone with lazy=false
13:44:26.477 [main] DEBUG org.hibernate.cfg.AbstractPropertyHolder - Attempting to locate auto-apply AttributeConverter for property [com.diana.model.Employee:phone]
13:44:26.478 [main] DEBUG org.hibernate.cfg.annotations.SimpleValueBinder - building SimpleValue for phone
13:44:26.478 [main] DEBUG org.hibernate.cfg.annotations.PropertyBinder - Building property phone
13:44:26.479 [main] DEBUG org.hibernate.cfg.annotations.SimpleValueBinder - Starting fillSimpleValue for id
13:44:26.479 [main] DEBUG org.hibernate.cfg.annotations.SimpleValueBinder - Starting fillSimpleValue for city
13:44:26.479 [main] DEBUG org.hibernate.cfg.annotations.SimpleValueBinder - Starting fillSimpleValue for street
13:44:26.480 [main] DEBUG org.hibernate.cfg.annotations.SimpleValueBinder - Starting fillSimpleValue for id
13:44:26.480 [main] DEBUG org.hibernate.cfg.annotations.SimpleValueBinder - Starting fillSimpleValue for name
13:44:26.480 [main] DEBUG org.hibernate.cfg.annotations.SimpleValueBinder - Starting fillSimpleValue for id
13:44:26.480 [main] DEBUG org.hibernate.cfg.annotations.SimpleValueBinder - Starting fillSimpleValue for name
13:44:26.480 [main] DEBUG org.hibernate.cfg.annotations.SimpleValueBinder - Starting fillSimpleValue for phone
13:44:26.480 [main] DEBUG org.hibernate.mapping.PrimaryKey - Forcing column [employee_id] to be non-null as it is part of the primary key for table [addresses]
13:44:26.480 [main] DEBUG org.hibernate.mapping.PrimaryKey - Forcing column [id] to be non-null as it is part of the primary key for table [departments]
13:44:26.480 [main] DEBUG org.hibernate.mapping.PrimaryKey - Forcing column [id] to be non-null as it is part of the primary key for table [employees]
13:44:26.481 [main] DEBUG org.hibernate.cfg.CollectionSecondPass - Second pass for collection: com.diana.model.Department.employees
13:44:26.481 [main] DEBUG org.hibernate.cfg.annotations.CollectionBinder - Binding a OneToMany: com.diana.model.Department.employees through a foreign key
13:44:26.481 [main] DEBUG org.hibernate.cfg.annotations.CollectionBinder - Mapping collection: com.diana.model.Department.employees -> employees
13:44:26.481 [main] DEBUG org.hibernate.cfg.annotations.TableBinder - Retrieving property com.diana.model.Employee.department
13:44:26.481 [main] DEBUG org.hibernate.cfg.CollectionSecondPass - Mapped collection key: department_id, one-to-many: com.diana.model.Employee
13:44:26.481 [main] DEBUG org.hibernate.boot.internal.InFlightMetadataCollectorImpl - Resolving reference to class: com.diana.model.Employee
13:44:26.481 [main] DEBUG org.hibernate.boot.internal.InFlightMetadataCollectorImpl - Resolving reference to class: com.diana.model.Department
13:44:26.483 [main] DEBUG org.hibernate.boot.internal.InFlightMetadataCollectorImpl - Resolving reference to class: com.diana.model.Employee
13:44:26.483 [main] DEBUG org.hibernate.boot.internal.InFlightMetadataCollectorImpl - Resolving reference to class: com.diana.model.Department
13:44:26.519 [main] DEBUG org.hibernate.internal.SessionFactoryImpl - Building session factory
13:44:26.520 [main] DEBUG org.hibernate.cfg.Settings - SessionFactory name : null
13:44:26.520 [main] DEBUG org.hibernate.cfg.Settings - Automatic flush during beforeCompletion(): enabled
13:44:26.520 [main] DEBUG org.hibernate.cfg.Settings - Automatic session close at end of transaction: disabled
13:44:26.520 [main] DEBUG org.hibernate.cfg.Settings - Statistics: disabled
13:44:26.520 [main] DEBUG org.hibernate.cfg.Settings - Deleted entity synthetic identifier rollback: disabled
13:44:26.520 [main] DEBUG org.hibernate.cfg.Settings - Default entity-mode: pojo
13:44:26.520 [main] DEBUG org.hibernate.cfg.Settings - Check Nullability in Core (should be disabled when Bean Validation is on): enabled
13:44:26.520 [main] DEBUG org.hibernate.cfg.Settings - Allow initialization of lazy state outside session : disabled
13:44:26.520 [main] DEBUG org.hibernate.cfg.Settings - Using BatchFetchStyle : LEGACY
13:44:26.520 [main] DEBUG org.hibernate.cfg.Settings - Default batch fetch size: -1
13:44:26.520 [main] DEBUG org.hibernate.cfg.Settings - Maximum outer join fetch depth: null
13:44:26.520 [main] DEBUG org.hibernate.cfg.Settings - Default null ordering: NONE
13:44:26.520 [main] DEBUG org.hibernate.cfg.Settings - Order SQL updates by primary key: disabled
13:44:26.520 [main] DEBUG org.hibernate.cfg.Settings - Order SQL inserts for batching: disabled
13:44:26.520 [main] DEBUG org.hibernate.cfg.Settings - multi-tenancy strategy : NONE
13:44:26.520 [main] DEBUG org.hibernate.cfg.Settings - JTA Track by Thread: enabled
13:44:26.520 [main] DEBUG org.hibernate.cfg.Settings - Query language substitutions: {}
13:44:26.520 [main] DEBUG org.hibernate.cfg.Settings - Named query checking : enabled
13:44:26.520 [main] DEBUG org.hibernate.cfg.Settings - Second-level cache: disabled
13:44:26.520 [main] DEBUG org.hibernate.cfg.Settings - Second-level query cache: disabled
13:44:26.520 [main] DEBUG org.hibernate.cfg.Settings - Second-level query cache factory: null
13:44:26.521 [main] DEBUG org.hibernate.cfg.Settings - Second-level cache region prefix: null
13:44:26.521 [main] DEBUG org.hibernate.cfg.Settings - Optimize second-level cache for minimal puts: disabled
13:44:26.521 [main] DEBUG org.hibernate.cfg.Settings - Structured second-level cache entries: disabled
13:44:26.521 [main] DEBUG org.hibernate.cfg.Settings - Second-level cache direct-reference entries: disabled
13:44:26.521 [main] DEBUG org.hibernate.cfg.Settings - Automatic eviction of collection cache: disabled
13:44:26.521 [main] DEBUG org.hibernate.cfg.Settings - JDBC batch size: 15
13:44:26.521 [main] DEBUG org.hibernate.cfg.Settings - JDBC batch updates for versioned data: enabled
13:44:26.521 [main] DEBUG org.hibernate.cfg.Settings - Scrollable result sets: enabled
13:44:26.521 [main] DEBUG org.hibernate.cfg.Settings - Wrap result sets: disabled
13:44:26.521 [main] DEBUG org.hibernate.cfg.Settings - JDBC3 getGeneratedKeys(): enabled
13:44:26.521 [main] DEBUG org.hibernate.cfg.Settings - JDBC result set fetch size: null
13:44:26.521 [main] DEBUG org.hibernate.cfg.Settings - Connection release mode: ON_CLOSE
13:44:26.521 [main] DEBUG org.hibernate.cfg.Settings - Generate SQL with comments: disabled
13:44:26.521 [main] DEBUG org.hibernate.cfg.Settings - JPA compliance - query : 
13:44:26.521 [main] DEBUG org.hibernate.cfg.Settings - JPA compliance - closed-handling : 
13:44:26.521 [main] DEBUG org.hibernate.cfg.Settings - JPA compliance - lists : 
13:44:26.521 [main] DEBUG org.hibernate.cfg.Settings - JPA compliance - transactions : 
13:44:26.528 [main] DEBUG org.hibernate.internal.SessionFactoryImpl - Session factory constructed with filter configurations : {}
13:44:26.528 [main] DEBUG org.hibernate.internal.SessionFactoryImpl - Instantiating session factory with properties: {sun.desktop=windows, awt.toolkit=sun.awt.windows.WToolkit, java.specification.version=11, sun.cpu.isalist=amd64, hibernate.connection.handling_mode=DELAYED_ACQUISITION_AND_HOLD, sun.jnu.encoding=Cp1251, java.class.path=C:\Users\ishipitc\IdeaProjects\TestThang\target\test-classes;C:\Users\ishipitc\IdeaProjects\TestThang\target\classes;C:\Users\ishipitc\.m2\repository\org\springframework\spring-context-support\5.1.9.RELEASE\spring-context-support-5.1.9.RELEASE.jar;C:\Users\ishipitc\.m2\repository\org\springframework\spring-beans\5.1.9.RELEASE\spring-beans-5.1.9.RELEASE.jar;C:\Users\ishipitc\.m2\repository\org\springframework\spring-context\5.1.9.RELEASE\spring-context-5.1.9.RELEASE.jar;C:\Users\ishipitc\.m2\repository\org\springframework\spring-core\5.1.9.RELEASE\spring-core-5.1.9.RELEASE.jar;C:\Users\ishipitc\.m2\repository\org\springframework\spring-jcl\5.1.9.RELEASE\spring-jcl-5.1.9.RELEASE.jar;C:\Users\ishipitc\.m2\repository\org\springframework\spring-webmvc\5.1.9.RELEASE\spring-webmvc-5.1.9.RELEASE.jar;C:\Users\ishipitc\.m2\repository\org\springframework\spring-aop\5.1.9.RELEASE\spring-aop-5.1.9.RELEASE.jar;C:\Users\ishipitc\.m2\repository\org\springframework\spring-expression\5.1.9.RELEASE\spring-expression-5.1.9.RELEASE.jar;C:\Users\ishipitc\.m2\repository\org\springframework\spring-web\5.1.9.RELEASE\spring-web-5.1.9.RELEASE.jar;C:\Users\ishipitc\.m2\repository\org\springframework\spring-orm\5.1.9.RELEASE\spring-orm-5.1.9.RELEASE.jar;C:\Users\ishipitc\.m2\repository\org\springframework\spring-jdbc\5.1.9.RELEASE\spring-jdbc-5.1.9.RELEASE.jar;C:\Users\ishipitc\.m2\repository\org\springframework\spring-tx\5.1.9.RELEASE\spring-tx-5.1.9.RELEASE.jar;C:\Users\ishipitc\.m2\repository\org\springframework\spring-test\5.1.9.RELEASE\spring-test-5.1.9.RELEASE.jar;C:\Users\ishipitc\.m2\repository\com\github\springtestdbunit\spring-test-dbunit\1.3.0\spring-test-dbunit-1.3.0.jar;C:\Users\ishipitc\.m2\repository\org\hibernate\hibernate-core\5.4.3.Final\hibernate-core-5.4.3.Final.jar;C:\Users\ishipitc\.m2\repository\org\jboss\logging\jboss-logging\3.3.2.Final\jboss-logging-3.3.2.Final.jar;C:\Users\ishipitc\.m2\repository\javax\persistence\javax.persistence-api\2.2\javax.persistence-api-2.2.jar;C:\Users\ishipitc\.m2\repository\org\javassist\javassist\3.24.0-GA\javassist-3.24.0-GA.jar;C:\Users\ishipitc\.m2\repository\net\bytebuddy\byte-buddy\1.9.10\byte-buddy-1.9.10.jar;C:\Users\ishipitc\.m2\repository\antlr\antlr\2.7.7\antlr-2.7.7.jar;C:\Users\ishipitc\.m2\repository\org\jboss\spec\javax\transaction\jboss-transaction-api_1.2_spec\1.1.1.Final\jboss-transaction-api_1.2_spec-1.1.1.Final.jar;C:\Users\ishipitc\.m2\repository\org\jboss\jandex\2.0.5.Final\jandex-2.0.5.Final.jar;C:\Users\ishipitc\.m2\repository\com\fasterxml\classmate\1.3.4\classmate-1.3.4.jar;C:\Users\ishipitc\.m2\repository\javax\activation\javax.activation-api\1.2.0\javax.activation-api-1.2.0.jar;C:\Users\ishipitc\.m2\repository\org\dom4j\dom4j\2.1.1\dom4j-2.1.1.jar;C:\Users\ishipitc\.m2\repository\org\hibernate\common\hibernate-commons-annotations\5.1.0.Final\hibernate-commons-annotations-5.1.0.Final.jar;C:\Users\ishipitc\.m2\repository\javax\xml\bind\jaxb-api\2.3.1\jaxb-api-2.3.1.jar;C:\Users\ishipitc\.m2\repository\org\glassfish\jaxb\jaxb-runtime\2.3.1\jaxb-runtime-2.3.1.jar;C:\Users\ishipitc\.m2\repository\org\glassfish\jaxb\txw2\2.3.1\txw2-2.3.1.jar;C:\Users\ishipitc\.m2\repository\com\sun\istack\istack-commons-runtime\3.0.7\istack-commons-runtime-3.0.7.jar;C:\Users\ishipitc\.m2\repository\org\jvnet\staxex\stax-ex\1.8\stax-ex-1.8.jar;C:\Users\ishipitc\.m2\repository\com\sun\xml\fastinfoset\FastInfoset\1.2.15\FastInfoset-1.2.15.jar;C:\Users\ishipitc\.m2\repository\org\hibernate\validator\hibernate-validator\6.0.17.Final\hibernate-validator-6.0.17.Final.jar;C:\Users\ishipitc\.m2\repository\javax\validation\validation-api\2.0.1.Final\validation-api-2.0.1.Final.jar;C:\Users\ishipitc\.m2\repository\org\hibernate\hibernate-ehcache\5.4.3.Final\hibernate-ehcache-5.4.3.Final.jar;C:\Users\ishipitc\.m2\repository\net\sf\ehcache\ehcache\2.10.6\ehcache-2.10.6.jar;C:\Users\ishipitc\.m2\repository\com\h2database\h2\1.4.199\h2-1.4.199.jar;C:\Users\ishipitc\.m2\repository\junit\junit\4.12\junit-4.12.jar;C:\Users\ishipitc\.m2\repository\org\hamcrest\hamcrest-core\1.3\hamcrest-core-1.3.jar;C:\Users\ishipitc\.m2\repository\org\mockito\mockito-core\3.0.0\mockito-core-3.0.0.jar;C:\Users\ishipitc\.m2\repository\net\bytebuddy\byte-buddy-agent\1.9.10\byte-buddy-agent-1.9.10.jar;C:\Users\ishipitc\.m2\repository\org\objenesis\objenesis\2.6\objenesis-2.6.jar;C:\Users\ishipitc\.m2\repository\org\dbunit\dbunit\2.6.0\dbunit-2.6.0.jar;C:\Users\ishipitc\.m2\repository\org\slf4j\slf4j-api\1.7.25\slf4j-api-1.7.25.jar;C:\Users\ishipitc\.m2\repository\commons-collections\commons-collections\3.2.2\commons-collections-3.2.2.jar;C:\Users\ishipitc\.m2\repository\org\apache\poi\poi-ooxml\3.17\poi-ooxml-3.17.jar;C:\Users\ishipitc\.m2\repository\org\apache\poi\poi\3.17\poi-3.17.jar;C:\Users\ishipitc\.m2\repository\commons-codec\commons-codec\1.10\commons-codec-1.10.jar;C:\Users\ishipitc\.m2\repository\org\apache\commons\commons-collections4\4.1\commons-collections4-4.1.jar;C:\Users\ishipitc\.m2\repository\org\apache\poi\poi-ooxml-schemas\3.17\poi-ooxml-schemas-3.17.jar;C:\Users\ishipitc\.m2\repository\org\apache\xmlbeans\xmlbeans\2.6.0\xmlbeans-2.6.0.jar;C:\Users\ishipitc\.m2\repository\stax\stax-api\1.0.1\stax-api-1.0.1.jar;C:\Users\ishipitc\.m2\repository\com\github\virtuald\curvesapi\1.04\curvesapi-1.04.jar;C:\Users\ishipitc\.m2\repository\postgresql\postgresql\8.4-701.jdbc3\postgresql-8.4-701.jdbc3.jar;C:\Users\ishipitc\.m2\repository\org\hamcrest\hamcrest-all\1.3\hamcrest-all-1.3.jar;C:\Users\ishipitc\.m2\repository\com\jayway\jsonpath\json-path\2.1.0\json-path-2.1.0.jar;C:\Users\ishipitc\.m2\repository\net\minidev\json-smart\2.2\json-smart-2.2.jar;C:\Users\ishipitc\.m2\repository\net\minidev\accessors-smart\1.1\accessors-smart-1.1.jar;C:\Users\ishipitc\.m2\repository\org\ow2\asm\asm\5.0.3\asm-5.0.3.jar;C:\Users\ishipitc\.m2\repository\com\jayway\jsonpath\json-path-assert\2.4.0\json-path-assert-2.4.0.jar;C:\Users\ishipitc\.m2\repository\org\hamcrest\hamcrest-library\1.3\hamcrest-library-1.3.jar;C:\Users\ishipitc\.m2\repository\org\glassfish\javax.el\3.0.1-b11\javax.el-3.0.1-b11.jar;C:\Users\ishipitc\.m2\repository\javax\servlet\javax.servlet-api\4.0.1\javax.servlet-api-4.0.1.jar;C:\Users\ishipitc\.m2\repository\jstl\jstl\1.2\jstl-1.2.jar;C:\Users\ishipitc\.m2\repository\com\fasterxml\jackson\core\jackson-core\2.10.0.pr3\jackson-core-2.10.0.pr3.jar;C:\Users\ishipitc\.m2\repository\com\fasterxml\jackson\core\jackson-databind\2.10.0.pr3\jackson-databind-2.10.0.pr3.jar;C:\Users\ishipitc\.m2\repository\com\fasterxml\jackson\core\jackson-annotations\2.10.0.pr3\jackson-annotations-2.10.0.pr3.jar;C:\Users\ishipitc\.m2\repository\ch\qos\logback\logback-classic\1.2.3\logback-classic-1.2.3.jar;C:\Users\ishipitc\.m2\repository\ch\qos\logback\logback-core\1.2.3\logback-core-1.2.3.jar;C:\Users\ishipitc\.m2\repository\org\seleniumhq\selenium\selenium-java\3.141.59\selenium-java-3.141.59.jar;C:\Users\ishipitc\.m2\repository\org\seleniumhq\selenium\selenium-api\3.141.59\selenium-api-3.141.59.jar;C:\Users\ishipitc\.m2\repository\org\seleniumhq\selenium\selenium-chrome-driver\3.141.59\selenium-chrome-driver-3.141.59.jar;C:\Users\ishipitc\.m2\repository\org\seleniumhq\selenium\selenium-edge-driver\3.141.59\selenium-edge-driver-3.141.59.jar;C:\Users\ishipitc\.m2\repository\org\seleniumhq\selenium\selenium-firefox-driver\3.141.59\selenium-firefox-driver-3.141.59.jar;C:\Users\ishipitc\.m2\repository\org\seleniumhq\selenium\selenium-ie-driver\3.141.59\selenium-ie-driver-3.141.59.jar;C:\Users\ishipitc\.m2\repository\org\seleniumhq\selenium\selenium-opera-driver\3.141.59\selenium-opera-driver-3.141.59.jar;C:\Users\ishipitc\.m2\repository\org\seleniumhq\selenium\selenium-remote-driver\3.141.59\selenium-remote-driver-3.141.59.jar;C:\Users\ishipitc\.m2\repository\org\seleniumhq\selenium\selenium-safari-driver\3.141.59\selenium-safari-driver-3.141.59.jar;C:\Users\ishipitc\.m2\repository\org\seleniumhq\selenium\selenium-support\3.141.59\selenium-support-3.141.59.jar;C:\Users\ishipitc\.m2\repository\org\apache\commons\commons-exec\1.3\commons-exec-1.3.jar;C:\Users\ishipitc\.m2\repository\com\google\guava\guava\25.0-jre\guava-25.0-jre.jar;C:\Users\ishipitc\.m2\repository\com\google\code\findbugs\jsr305\1.3.9\jsr305-1.3.9.jar;C:\Users\ishipitc\.m2\repository\org\checkerframework\checker-compat-qual\2.0.0\checker-compat-qual-2.0.0.jar;C:\Users\ishipitc\.m2\repository\com\google\errorprone\error_prone_annotations\2.1.3\error_prone_annotations-2.1.3.jar;C:\Users\ishipitc\.m2\repository\com\google\j2objc\j2objc-annotations\1.1\j2objc-annotations-1.1.jar;C:\Users\ishipitc\.m2\repository\org\codehaus\mojo\animal-sniffer-annotations\1.14\animal-sniffer-annotations-1.14.jar;C:\Users\ishipitc\.m2\repository\com\squareup\okhttp3\okhttp\3.11.0\okhttp-3.11.0.jar;C:\Users\ishipitc\.m2\repository\com\squareup\okio\okio\1.14.0\okio-1.14.0.jar;, java.vm.vendor=JetBrains s.r.o, sun.arch.data.model=64, user.variant=, java.vendor.url=https://www.jetbrains.com/, user.timezone=Europe/Moscow, user.country.format=RU, os.name=Windows 10, java.vm.specification.version=11, javax.persistence.validation.mode=AUTO, sun.java.launcher=SUN_STANDARD, user.country=US, sun.boot.library.path=C:\Users\ishipitc\AppData\Local\JetBrains\IntelliJ IDEA 2019.2.3\jbr\bin, sun.java.command=C:\Users\ishipitc\AppData\Local\Temp\surefire17779243158180925374\surefirebooter1057577868510325658.jar C:\Users\ishipitc\AppData\Local\Temp\surefire17779243158180925374 2019-10-24T13-44-22_902-jvmRun1 surefire13207108332757022253tmp surefire_013730311088118566852tmp, javax.persistence.sharedCache.mode=UNSPECIFIED, jdk.debug=release, surefire.test.class.path=C:\Users\ishipitc\IdeaProjects\TestThang\target\test-classes;C:\Users\ishipitc\IdeaProjects\TestThang\target\classes;C:\Users\ishipitc\.m2\repository\org\springframework\spring-context-support\5.1.9.RELEASE\spring-context-support-5.1.9.RELEASE.jar;C:\Users\ishipitc\.m2\repository\org\springframework\spring-beans\5.1.9.RELEASE\spring-beans-5.1.9.RELEASE.jar;C:\Users\ishipitc\.m2\repository\org\springframework\spring-context\5.1.9.RELEASE\spring-context-5.1.9.RELEASE.jar;C:\Users\ishipitc\.m2\repository\org\springframework\spring-core\5.1.9.RELEASE\spring-core-5.1.9.RELEASE.jar;C:\Users\ishipitc\.m2\repository\org\springframework\spring-jcl\5.1.9.RELEASE\spring-jcl-5.1.9.RELEASE.jar;C:\Users\ishipitc\.m2\repository\org\springframework\spring-webmvc\5.1.9.RELEASE\spring-webmvc-5.1.9.RELEASE.jar;C:\Users\ishipitc\.m2\repository\org\springframework\spring-aop\5.1.9.RELEASE\spring-aop-5.1.9.RELEASE.jar;C:\Users\ishipitc\.m2\repository\org\springframework\spring-expression\5.1.9.RELEASE\spring-expression-5.1.9.RELEASE.jar;C:\Users\ishipitc\.m2\repository\org\springframework\spring-web\5.1.9.RELEASE\spring-web-5.1.9.RELEASE.jar;C:\Users\ishipitc\.m2\repository\org\springframework\spring-orm\5.1.9.RELEASE\spring-orm-5.1.9.RELEASE.jar;C:\Users\ishipitc\.m2\repository\org\springframework\spring-jdbc\5.1.9.RELEASE\spring-jdbc-5.1.9.RELEASE.jar;C:\Users\ishipitc\.m2\repository\org\springframework\spring-tx\5.1.9.RELEASE\spring-tx-5.1.9.RELEASE.jar;C:\Users\ishipitc\.m2\repository\org\springframework\spring-test\5.1.9.RELEASE\spring-test-5.1.9.RELEASE.jar;C:\Users\ishipitc\.m2\repository\com\github\springtestdbunit\spring-test-dbunit\1.3.0\spring-test-dbunit-1.3.0.jar;C:\Users\ishipitc\.m2\repository\org\hibernate\hibernate-core\5.4.3.Final\hibernate-core-5.4.3.Final.jar;C:\Users\ishipitc\.m2\repository\org\jboss\logging\jboss-logging\3.3.2.Final\jboss-logging-3.3.2.Final.jar;C:\Users\ishipitc\.m2\repository\javax\persistence\javax.persistence-api\2.2\javax.persistence-api-2.2.jar;C:\Users\ishipitc\.m2\repository\org\javassist\javassist\3.24.0-GA\javassist-3.24.0-GA.jar;C:\Users\ishipitc\.m2\repository\net\bytebuddy\byte-buddy\1.9.10\byte-buddy-1.9.10.jar;C:\Users\ishipitc\.m2\repository\antlr\antlr\2.7.7\antlr-2.7.7.jar;C:\Users\ishipitc\.m2\repository\org\jboss\spec\javax\transaction\jboss-transaction-api_1.2_spec\1.1.1.Final\jboss-transaction-api_1.2_spec-1.1.1.Final.jar;C:\Users\ishipitc\.m2\repository\org\jboss\jandex\2.0.5.Final\jandex-2.0.5.Final.jar;C:\Users\ishipitc\.m2\repository\com\fasterxml\classmate\1.3.4\classmate-1.3.4.jar;C:\Users\ishipitc\.m2\repository\javax\activation\javax.activation-api\1.2.0\javax.activation-api-1.2.0.jar;C:\Users\ishipitc\.m2\repository\org\dom4j\dom4j\2.1.1\dom4j-2.1.1.jar;C:\Users\ishipitc\.m2\repository\org\hibernate\common\hibernate-commons-annotations\5.1.0.Final\hibernate-commons-annotations-5.1.0.Final.jar;C:\Users\ishipitc\.m2\repository\javax\xml\bind\jaxb-api\2.3.1\jaxb-api-2.3.1.jar;C:\Users\ishipitc\.m2\repository\org\glassfish\jaxb\jaxb-runtime\2.3.1\jaxb-runtime-2.3.1.jar;C:\Users\ishipitc\.m2\repository\org\glassfish\jaxb\txw2\2.3.1\txw2-2.3.1.jar;C:\Users\ishipitc\.m2\repository\com\sun\istack\istack-commons-runtime\3.0.7\istack-commons-runtime-3.0.7.jar;C:\Users\ishipitc\.m2\repository\org\jvnet\staxex\stax-ex\1.8\stax-ex-1.8.jar;C:\Users\ishipitc\.m2\repository\com\sun\xml\fastinfoset\FastInfoset\1.2.15\FastInfoset-1.2.15.jar;C:\Users\ishipitc\.m2\repository\org\hibernate\validator\hibernate-validator\6.0.17.Final\hibernate-validator-6.0.17.Final.jar;C:\Users\ishipitc\.m2\repository\javax\validation\validation-api\2.0.1.Final\validation-api-2.0.1.Final.jar;C:\Users\ishipitc\.m2\repository\org\hibernate\hibernate-ehcache\5.4.3.Final\hibernate-ehcache-5.4.3.Final.jar;C:\Users\ishipitc\.m2\repository\net\sf\ehcache\ehcache\2.10.6\ehcache-2.10.6.jar;C:\Users\ishipitc\.m2\repository\com\h2database\h2\1.4.199\h2-1.4.199.jar;C:\Users\ishipitc\.m2\repository\junit\junit\4.12\junit-4.12.jar;C:\Users\ishipitc\.m2\repository\org\hamcrest\hamcrest-core\1.3\hamcrest-core-1.3.jar;C:\Users\ishipitc\.m2\repository\org\mockito\mockito-core\3.0.0\mockito-core-3.0.0.jar;C:\Users\ishipitc\.m2\repository\net\bytebuddy\byte-buddy-agent\1.9.10\byte-buddy-agent-1.9.10.jar;C:\Users\ishipitc\.m2\repository\org\objenesis\objenesis\2.6\objenesis-2.6.jar;C:\Users\ishipitc\.m2\repository\org\dbunit\dbunit\2.6.0\dbunit-2.6.0.jar;C:\Users\ishipitc\.m2\repository\org\slf4j\slf4j-api\1.7.25\slf4j-api-1.7.25.jar;C:\Users\ishipitc\.m2\repository\commons-collections\commons-collections\3.2.2\commons-collections-3.2.2.jar;C:\Users\ishipitc\.m2\repository\org\apache\poi\poi-ooxml\3.17\poi-ooxml-3.17.jar;C:\Users\ishipitc\.m2\repository\org\apache\poi\poi\3.17\poi-3.17.jar;C:\Users\ishipitc\.m2\repository\commons-codec\commons-codec\1.10\commons-codec-1.10.jar;C:\Users\ishipitc\.m2\repository\org\apache\commons\commons-collections4\4.1\commons-collections4-4.1.jar;C:\Users\ishipitc\.m2\repository\org\apache\poi\poi-ooxml-schemas\3.17\poi-ooxml-schemas-3.17.jar;C:\Users\ishipitc\.m2\repository\org\apache\xmlbeans\xmlbeans\2.6.0\xmlbeans-2.6.0.jar;C:\Users\ishipitc\.m2\repository\stax\stax-api\1.0.1\stax-api-1.0.1.jar;C:\Users\ishipitc\.m2\repository\com\github\virtuald\curvesapi\1.04\curvesapi-1.04.jar;C:\Users\ishipitc\.m2\repository\postgresql\postgresql\8.4-701.jdbc3\postgresql-8.4-701.jdbc3.jar;C:\Users\ishipitc\.m2\repository\org\hamcrest\hamcrest-all\1.3\hamcrest-all-1.3.jar;C:\Users\ishipitc\.m2\repository\com\jayway\jsonpath\json-path\2.1.0\json-path-2.1.0.jar;C:\Users\ishipitc\.m2\repository\net\minidev\json-smart\2.2\json-smart-2.2.jar;C:\Users\ishipitc\.m2\repository\net\minidev\accessors-smart\1.1\accessors-smart-1.1.jar;C:\Users\ishipitc\.m2\repository\org\ow2\asm\asm\5.0.3\asm-5.0.3.jar;C:\Users\ishipitc\.m2\repository\com\jayway\jsonpath\json-path-assert\2.4.0\json-path-assert-2.4.0.jar;C:\Users\ishipitc\.m2\repository\org\hamcrest\hamcrest-library\1.3\hamcrest-library-1.3.jar;C:\Users\ishipitc\.m2\repository\org\glassfish\javax.el\3.0.1-b11\javax.el-3.0.1-b11.jar;C:\Users\ishipitc\.m2\repository\javax\servlet\javax.servlet-api\4.0.1\javax.servlet-api-4.0.1.jar;C:\Users\ishipitc\.m2\repository\jstl\jstl\1.2\jstl-1.2.jar;C:\Users\ishipitc\.m2\repository\com\fasterxml\jackson\core\jackson-core\2.10.0.pr3\jackson-core-2.10.0.pr3.jar;C:\Users\ishipitc\.m2\repository\com\fasterxml\jackson\core\jackson-databind\2.10.0.pr3\jackson-databind-2.10.0.pr3.jar;C:\Users\ishipitc\.m2\repository\com\fasterxml\jackson\core\jackson-annotations\2.10.0.pr3\jackson-annotations-2.10.0.pr3.jar;C:\Users\ishipitc\.m2\repository\ch\qos\logback\logback-classic\1.2.3\logback-classic-1.2.3.jar;C:\Users\ishipitc\.m2\repository\ch\qos\logback\logback-core\1.2.3\logback-core-1.2.3.jar;C:\Users\ishipitc\.m2\repository\org\seleniumhq\selenium\selenium-java\3.141.59\selenium-java-3.141.59.jar;C:\Users\ishipitc\.m2\repository\org\seleniumhq\selenium\selenium-api\3.141.59\selenium-api-3.141.59.jar;C:\Users\ishipitc\.m2\repository\org\seleniumhq\selenium\selenium-chrome-driver\3.141.59\selenium-chrome-driver-3.141.59.jar;C:\Users\ishipitc\.m2\repository\org\seleniumhq\selenium\selenium-edge-driver\3.141.59\selenium-edge-driver-3.141.59.jar;C:\Users\ishipitc\.m2\repository\org\seleniumhq\selenium\selenium-firefox-driver\3.141.59\selenium-firefox-driver-3.141.59.jar;C:\Users\ishipitc\.m2\repository\org\seleniumhq\selenium\selenium-ie-driver\3.141.59\selenium-ie-driver-3.141.59.jar;C:\Users\ishipitc\.m2\repository\org\seleniumhq\selenium\selenium-opera-driver\3.141.59\selenium-opera-driver-3.141.59.jar;C:\Users\ishipitc\.m2\repository\org\seleniumhq\selenium\selenium-remote-driver\3.141.59\selenium-remote-driver-3.141.59.jar;C:\Users\ishipitc\.m2\repository\org\seleniumhq\selenium\selenium-safari-driver\3.141.59\selenium-safari-driver-3.141.59.jar;C:\Users\ishipitc\.m2\repository\org\seleniumhq\selenium\selenium-support\3.141.59\selenium-support-3.141.59.jar;C:\Users\ishipitc\.m2\repository\org\apache\commons\commons-exec\1.3\commons-exec-1.3.jar;C:\Users\ishipitc\.m2\repository\com\google\guava\guava\25.0-jre\guava-25.0-jre.jar;C:\Users\ishipitc\.m2\repository\com\google\code\findbugs\jsr305\1.3.9\jsr305-1.3.9.jar;C:\Users\ishipitc\.m2\repository\org\checkerframework\checker-compat-qual\2.0.0\checker-compat-qual-2.0.0.jar;C:\Users\ishipitc\.m2\repository\com\google\errorprone\error_prone_annotations\2.1.3\error_prone_annotations-2.1.3.jar;C:\Users\ishipitc\.m2\repository\com\google\j2objc\j2objc-annotations\1.1\j2objc-annotations-1.1.jar;C:\Users\ishipitc\.m2\repository\org\codehaus\mojo\animal-sniffer-annotations\1.14\animal-sniffer-annotations-1.14.jar;C:\Users\ishipitc\.m2\repository\com\squareup\okhttp3\okhttp\3.11.0\okhttp-3.11.0.jar;C:\Users\ishipitc\.m2\repository\com\squareup\okio\okio\1.14.0\okio-1.14.0.jar;, sun.cpu.endian=little, user.home=C:\Users\ishipitc, user.language=en, java.specification.vendor=Oracle Corporation, java.version.date=2019-07-16, java.home=C:\Users\ishipitc\AppData\Local\JetBrains\IntelliJ IDEA 2019.2.3\jbr, file.separator=\, basedir=C:\Users\ishipitc\IdeaProjects\TestThang, java.vm.compressedOopsMode=Zero based, line.separator=
, idea.version2019.2.3=true, java.specification.name=Java Platform API Specification, java.vm.specification.vendor=Oracle Corporation, hibernate.transaction.coordinator_class=class org.hibernate.resource.transaction.backend.jdbc.internal.JdbcResourceLocalTransactionCoordinatorBuilderImpl, java.awt.graphicsenv=sun.awt.Win32GraphicsEnvironment, surefire.real.class.path=C:\Users\ishipitc\AppData\Local\Temp\surefire17779243158180925374\surefirebooter1057577868510325658.jar, hibernate.hbm2ddl.auto=update, user.script=, sun.management.compiler=HotSpot 64-Bit Tiered Compilers, java.runtime.version=11.0.4+10-b304.69, user.name=ishipitc, path.separator=;, os.version=10.0, java.runtime.name=OpenJDK Runtime Environment, file.encoding=Cp1251, hibernate.ejb.persistenceUnitName=default, java.vm.name=OpenJDK 64-Bit Server VM, hibernate.show_sql=true, localRepository=C:\Users\ishipitc\.m2\repository, java.vendor.url.bug=https://youtrack.jetbrains.com, java.io.tmpdir=C:\Users\ishipitc\AppData\Local\Temp\, java.version=11.0.4, user.dir=C:\Users\ishipitc\IdeaProjects\TestThang, os.arch=amd64, java.vm.specification.name=Java Virtual Machine Specification, java.awt.printerjob=sun.awt.windows.WPrinterJob, user.language.format=ru, sun.os.patch.level=, hibernate.boot.CfgXmlAccessService.key=org.hibernate.boot.cfgxml.spi.LoadedConfig@4cb00fa5, java.library.path=C:\Users\ishipitc\AppData\Local\JetBrains\IntelliJ IDEA 2019.2.3\jbr\bin;C:\WINDOWS\Sun\Java\bin;C:\WINDOWS\system32;C:\WINDOWS;C:\Program Files (x86)\Common Files\Oracle\Java\javapath;C:\ProgramData\Oracle\Java\javapath;C:\WINDOWS\system32;C:\WINDOWS;C:\WINDOWS\System32\Wbem;C:\WINDOWS\System32\WindowsPowerShell\v1.0\;C:\WINDOWS\System32\OpenSSH\;C:\Program Files\TortoiseSVN\bin;C:\Program Files (x86)\Sennheiser\SoftphoneSDK\;C:\Program Files (x86)\WebEx\Productivity Tools;C:\Program Files\Intel\WiFi\bin\;C:\Program Files\Common Files\Intel\WirelessCommon\;C:\Program Files\Git\cmd;C:\Users\ishipitc\AppData\Local\Microsoft\WindowsApps;C:\Users\ishipitc\AppData\Local\GitHubDesktop\bin;., java.vendor=JetBrains s.r.o, java.vm.info=mixed mode, sharing, java.vm.version=11.0.4+10-b304.69, hibernate.bytecode.use_reflection_optimizer=false, sun.io.unicode.encoding=UnicodeLittle, hibernate.connection.datasource=org.springframework.jdbc.datasource.DriverManagerDataSource@a37aefe, java.class.version=55.0}
13:44:26.530 [main] DEBUG org.hibernate.validator.internal.engine.resolver.TraversableResolvers - Found javax.persistence.Persistence on classpath containing 'getPersistenceUtil'. Assuming JPA 2 environment. Trying to instantiate JPA aware TraversableResolver
13:44:26.530 [main] DEBUG org.hibernate.validator.internal.engine.resolver.TraversableResolvers - Instantiated JPA aware TraversableResolver of type org.hibernate.validator.internal.engine.resolver.JPATraversableResolver.
13:44:26.531 [main] DEBUG org.hibernate.validator.internal.xml.config.ValidationXmlParser - Trying to load META-INF/validation.xml for XML based Validator configuration.
13:44:26.531 [main] DEBUG org.hibernate.validator.internal.xml.config.ResourceLoaderHelper - Trying to load META-INF/validation.xml via TCCL
13:44:26.531 [main] DEBUG org.hibernate.validator.internal.xml.config.ResourceLoaderHelper - Trying to load META-INF/validation.xml via Hibernate Validator's class loader
13:44:26.531 [main] DEBUG org.hibernate.validator.internal.xml.config.ValidationXmlParser - No META-INF/validation.xml found. Using annotation based configuration only.
13:44:26.540 [main] DEBUG org.hibernate.validator.messageinterpolation.ResourceBundleMessageInterpolator - Loaded expression factory via original TCCL
13:44:26.540 [main] DEBUG org.hibernate.validator.internal.engine.ValidatorFactoryImpl - HV000234: Using org.hibernate.validator.messageinterpolation.ResourceBundleMessageInterpolator as ValidatorFactory-scoped message interpolator.
13:44:26.540 [main] DEBUG org.hibernate.validator.internal.engine.ValidatorFactoryImpl - HV000234: Using org.hibernate.validator.internal.engine.resolver.JPATraversableResolver as ValidatorFactory-scoped traversable resolver.
13:44:26.540 [main] DEBUG org.hibernate.validator.internal.engine.ValidatorFactoryImpl - HV000234: Using org.hibernate.validator.internal.util.ExecutableParameterNameProvider as ValidatorFactory-scoped parameter name provider.
13:44:26.540 [main] DEBUG org.hibernate.validator.internal.engine.ValidatorFactoryImpl - HV000234: Using org.hibernate.validator.internal.engine.DefaultClockProvider as ValidatorFactory-scoped clock provider.
13:44:26.540 [main] DEBUG org.hibernate.validator.internal.engine.ValidatorFactoryImpl - HV000234: Using org.hibernate.validator.internal.engine.scripting.DefaultScriptEvaluatorFactory as ValidatorFactory-scoped script evaluator factory.
13:44:26.540 [main] DEBUG org.hibernate.boot.internal.ClassLoaderAccessImpl - Not known whether passed class name [com.diana.model.Address] is safe
13:44:26.540 [main] DEBUG org.hibernate.boot.internal.ClassLoaderAccessImpl - No temp ClassLoader provided; using live ClassLoader for loading potentially unsafe class : com.diana.model.Address
13:44:26.546 [main] DEBUG org.hibernate.boot.internal.ClassLoaderAccessImpl - Not known whether passed class name [com.diana.model.Employee] is safe
13:44:26.547 [main] DEBUG org.hibernate.boot.internal.ClassLoaderAccessImpl - No temp ClassLoader provided; using live ClassLoader for loading potentially unsafe class : com.diana.model.Employee
13:44:26.554 [main] DEBUG org.hibernate.boot.internal.ClassLoaderAccessImpl - Not known whether passed class name [com.diana.model.Department] is safe
13:44:26.554 [main] DEBUG org.hibernate.boot.internal.ClassLoaderAccessImpl - No temp ClassLoader provided; using live ClassLoader for loading potentially unsafe class : com.diana.model.Department
13:44:26.559 [main] DEBUG org.hibernate.secure.spi.JaccIntegrator - Skipping JACC integration as it was not enabled
13:44:26.560 [main] DEBUG org.hibernate.internal.SessionFactoryImpl - Instantiated session factory
13:44:26.560 [main] DEBUG org.hibernate.type.spi.TypeConfiguration$Scope - Scoping TypeConfiguration [org.hibernate.type.spi.TypeConfiguration@16a6dc21] to SessionFactoryImpl [org.hibernate.internal.SessionFactoryImpl@17134190]
13:44:26.560 [main] DEBUG org.hibernate.boot.internal.ClassLoaderAccessImpl - Not known whether passed class name [com.diana.model.Address] is safe
13:44:26.560 [main] DEBUG org.hibernate.boot.internal.ClassLoaderAccessImpl - No temp ClassLoader provided; using live ClassLoader for loading potentially unsafe class : com.diana.model.Address
13:44:26.560 [main] DEBUG org.hibernate.boot.internal.ClassLoaderAccessImpl - Not known whether passed class name [com.diana.model.Address] is safe
13:44:26.560 [main] DEBUG org.hibernate.boot.internal.ClassLoaderAccessImpl - No temp ClassLoader provided; using live ClassLoader for loading potentially unsafe class : com.diana.model.Address
13:44:26.562 [main] DEBUG org.hibernate.boot.internal.ClassLoaderAccessImpl - Not known whether passed class name [com.diana.model.Employee] is safe
13:44:26.562 [main] DEBUG org.hibernate.boot.internal.ClassLoaderAccessImpl - No temp ClassLoader provided; using live ClassLoader for loading potentially unsafe class : com.diana.model.Employee
13:44:26.562 [main] DEBUG org.hibernate.boot.internal.ClassLoaderAccessImpl - Not known whether passed class name [com.diana.model.Employee] is safe
13:44:26.562 [main] DEBUG org.hibernate.boot.internal.ClassLoaderAccessImpl - No temp ClassLoader provided; using live ClassLoader for loading potentially unsafe class : com.diana.model.Employee
13:44:26.563 [main] DEBUG org.hibernate.boot.internal.ClassLoaderAccessImpl - Not known whether passed class name [com.diana.model.Department] is safe
13:44:26.563 [main] DEBUG org.hibernate.boot.internal.ClassLoaderAccessImpl - No temp ClassLoader provided; using live ClassLoader for loading potentially unsafe class : com.diana.model.Department
13:44:26.563 [main] DEBUG org.hibernate.boot.internal.ClassLoaderAccessImpl - Not known whether passed class name [com.diana.model.Department] is safe
13:44:26.563 [main] DEBUG org.hibernate.boot.internal.ClassLoaderAccessImpl - No temp ClassLoader provided; using live ClassLoader for loading potentially unsafe class : com.diana.model.Department
13:44:26.566 [main] DEBUG org.hibernate.persister.collection.AbstractCollectionPersister - Static SQL for collection: com.diana.model.Department.employees
13:44:26.567 [main] DEBUG org.hibernate.persister.collection.AbstractCollectionPersister -  Row insert: update employees set department_id=? where id=?
13:44:26.567 [main] DEBUG org.hibernate.persister.collection.AbstractCollectionPersister -  Row update: update employees set  where id=?
13:44:26.567 [main] DEBUG org.hibernate.persister.collection.AbstractCollectionPersister -  Row delete: update employees set department_id=null where department_id=? and id=?
13:44:26.567 [main] DEBUG org.hibernate.persister.collection.AbstractCollectionPersister -  One-shot delete: update employees set department_id=null where department_id=?
13:44:26.568 [main] DEBUG org.hibernate.persister.entity.AbstractEntityPersister - Static SQL for entity: com.diana.model.Address
13:44:26.569 [main] DEBUG org.hibernate.persister.entity.AbstractEntityPersister -  Version select: select employee_id from addresses where employee_id =?
13:44:26.569 [main] DEBUG org.hibernate.persister.entity.AbstractEntityPersister -  Snapshot select: select address_.employee_id, address_.city as city1_0_, address_.street as street2_0_ from addresses address_ where address_.employee_id=?
13:44:26.569 [main] DEBUG org.hibernate.persister.entity.AbstractEntityPersister -  Insert 0: insert into addresses (city, street, employee_id) values (?, ?, ?)
13:44:26.570 [main] DEBUG org.hibernate.persister.entity.AbstractEntityPersister -  Update 0: update addresses set city=?, street=? where employee_id=?
13:44:26.570 [main] DEBUG org.hibernate.persister.entity.AbstractEntityPersister -  Delete 0: delete from addresses where employee_id=?
13:44:26.571 [main] DEBUG org.hibernate.loader.plan.build.internal.spaces.QuerySpacesImpl - Adding QuerySpace : uid = <gen:0> -> org.hibernate.loader.plan.build.internal.spaces.EntityQuerySpaceImpl@1a785fd5]
13:44:26.571 [main] DEBUG org.hibernate.persister.walking.spi.MetamodelGraphWalker - Visiting attribute path : city
13:44:26.571 [main] DEBUG org.hibernate.persister.walking.spi.MetamodelGraphWalker - Visiting attribute path : employee
13:44:26.571 [main] DEBUG org.hibernate.persister.walking.spi.MetamodelGraphWalker - Property path deemed to be circular : employee
13:44:26.571 [main] DEBUG org.hibernate.persister.walking.spi.MetamodelGraphWalker - Visiting attribute path : street
13:44:26.571 [main] DEBUG org.hibernate.loader.plan.build.internal.FetchStyleLoadPlanBuildingAssociationVisitationStrategy - Building LoadPlan...
13:44:26.572 [main] DEBUG org.hibernate.loader.plan.exec.internal.LoadQueryJoinAndFetchProcessor - processing queryspace <gen:0>
13:44:26.572 [main] DEBUG org.hibernate.loader.plan.build.spi.LoadPlanTreePrinter - LoadPlan(entity=com.diana.model.Address)
    - Returns
       - EntityReturnImpl(entity=com.diana.model.Address, querySpaceUid=<gen:0>, path=com.diana.model.Address)
    - QuerySpaces
       - EntityQuerySpaceImpl(uid=<gen:0>, entity=com.diana.model.Address)
          - SQL table alias mapping - address0_
          - alias suffix - 0_
          - suffixed key columns - {employee3_0_0_}

13:44:26.572 [main] DEBUG org.hibernate.loader.entity.plan.EntityLoader - Static select for entity com.diana.model.Address [NONE]: select address0_.employee_id as employee3_0_0_, address0_.city as city1_0_0_, address0_.street as street2_0_0_ from addresses address0_ where address0_.employee_id=?
13:44:26.572 [main] DEBUG org.hibernate.loader.plan.build.internal.spaces.QuerySpacesImpl - Adding QuerySpace : uid = <gen:0> -> org.hibernate.loader.plan.build.internal.spaces.EntityQuerySpaceImpl@362a561e]
13:44:26.572 [main] DEBUG org.hibernate.persister.walking.spi.MetamodelGraphWalker - Visiting attribute path : city
13:44:26.572 [main] DEBUG org.hibernate.persister.walking.spi.MetamodelGraphWalker - Visiting attribute path : employee
13:44:26.572 [main] DEBUG org.hibernate.persister.walking.spi.MetamodelGraphWalker - Property path deemed to be circular : employee
13:44:26.573 [main] DEBUG org.hibernate.persister.walking.spi.MetamodelGraphWalker - Visiting attribute path : street
13:44:26.573 [main] DEBUG org.hibernate.loader.plan.build.internal.FetchStyleLoadPlanBuildingAssociationVisitationStrategy - Building LoadPlan...
13:44:26.573 [main] DEBUG org.hibernate.loader.plan.exec.internal.LoadQueryJoinAndFetchProcessor - processing queryspace <gen:0>
13:44:26.573 [main] DEBUG org.hibernate.loader.plan.build.spi.LoadPlanTreePrinter - LoadPlan(entity=com.diana.model.Address)
    - Returns
       - EntityReturnImpl(entity=com.diana.model.Address, querySpaceUid=<gen:0>, path=com.diana.model.Address)
    - QuerySpaces
       - EntityQuerySpaceImpl(uid=<gen:0>, entity=com.diana.model.Address)
          - SQL table alias mapping - address0_
          - alias suffix - 0_
          - suffixed key columns - {employee3_0_0_}

13:44:26.573 [main] DEBUG org.hibernate.loader.entity.plan.EntityLoader - Static select for entity com.diana.model.Address [READ]: select address0_.employee_id as employee3_0_0_, address0_.city as city1_0_0_, address0_.street as street2_0_0_ from addresses address0_ where address0_.employee_id=?
13:44:26.573 [main] DEBUG org.hibernate.loader.Loader - Static select for action ACTION_MERGE on entity com.diana.model.Address: select address0_.employee_id as employee3_0_0_, address0_.city as city1_0_0_, address0_.street as street2_0_0_ from addresses address0_ where address0_.employee_id=?
13:44:26.574 [main] DEBUG org.hibernate.loader.Loader - Static select for action ACTION_REFRESH on entity com.diana.model.Address: select address0_.employee_id as employee3_0_0_, address0_.city as city1_0_0_, address0_.street as street2_0_0_ from addresses address0_ where address0_.employee_id=?
13:44:26.574 [main] DEBUG org.hibernate.persister.entity.AbstractEntityPersister - Static SQL for entity: com.diana.model.Employee
13:44:26.574 [main] DEBUG org.hibernate.persister.entity.AbstractEntityPersister -  Version select: select id from employees where id =?
13:44:26.574 [main] DEBUG org.hibernate.persister.entity.AbstractEntityPersister -  Snapshot select: select employee_.id, employee_.department_id as departme4_2_, employee_.name as name2_2_, employee_.phone as phone3_2_ from employees employee_ where employee_.id=?
13:44:26.574 [main] DEBUG org.hibernate.persister.entity.AbstractEntityPersister -  Insert 0: insert into employees (department_id, name, phone, id) values (?, ?, ?, ?)
13:44:26.574 [main] DEBUG org.hibernate.persister.entity.AbstractEntityPersister -  Update 0: update employees set department_id=?, name=?, phone=? where id=?
13:44:26.574 [main] DEBUG org.hibernate.persister.entity.AbstractEntityPersister -  Delete 0: delete from employees where id=?
13:44:26.574 [main] DEBUG org.hibernate.persister.entity.AbstractEntityPersister -  Identity insert: insert into employees (id, department_id, name, phone) values (null, ?, ?, ?)
13:44:26.574 [main] DEBUG org.hibernate.loader.plan.build.internal.spaces.QuerySpacesImpl - Adding QuerySpace : uid = <gen:0> -> org.hibernate.loader.plan.build.internal.spaces.EntityQuerySpaceImpl@75ad30c1]
13:44:26.574 [main] DEBUG org.hibernate.persister.walking.spi.MetamodelGraphWalker - Visiting attribute path : department
13:44:26.574 [main] DEBUG org.hibernate.loader.plan.build.internal.spaces.QuerySpacesImpl - Adding QuerySpace : uid = <gen:1> -> org.hibernate.loader.plan.build.internal.spaces.EntityQuerySpaceImpl@6b9697ae]
13:44:26.574 [main] DEBUG org.hibernate.persister.walking.spi.MetamodelGraphWalker - Visiting attribute path : name
13:44:26.574 [main] DEBUG org.hibernate.persister.walking.spi.MetamodelGraphWalker - Visiting attribute path : phone
13:44:26.574 [main] DEBUG org.hibernate.loader.plan.build.internal.FetchStyleLoadPlanBuildingAssociationVisitationStrategy - Building LoadPlan...
13:44:26.574 [main] DEBUG org.hibernate.loader.plan.exec.internal.LoadQueryJoinAndFetchProcessor - processing queryspace <gen:0>
13:44:26.575 [main] DEBUG org.hibernate.loader.plan.build.spi.LoadPlanTreePrinter - LoadPlan(entity=com.diana.model.Employee)
    - Returns
       - EntityReturnImpl(entity=com.diana.model.Employee, querySpaceUid=<gen:0>, path=com.diana.model.Employee)
          - EntityAttributeFetchImpl(entity=com.diana.model.Department, querySpaceUid=<gen:1>, path=com.diana.model.Employee.department)
    - QuerySpaces
       - EntityQuerySpaceImpl(uid=<gen:0>, entity=com.diana.model.Employee)
          - SQL table alias mapping - employee0_
          - alias suffix - 0_
          - suffixed key columns - {id1_2_0_}

13:44:26.575 [main] DEBUG org.hibernate.loader.entity.plan.EntityLoader - Static select for entity com.diana.model.Employee [NONE]: select employee0_.id as id1_2_0_, employee0_.department_id as departme4_2_0_, employee0_.name as name2_2_0_, employee0_.phone as phone3_2_0_ from employees employee0_ where employee0_.id=?
13:44:26.575 [main] DEBUG org.hibernate.loader.plan.build.internal.spaces.QuerySpacesImpl - Adding QuerySpace : uid = <gen:0> -> org.hibernate.loader.plan.build.internal.spaces.EntityQuerySpaceImpl@5cf0673d]
13:44:26.575 [main] DEBUG org.hibernate.persister.walking.spi.MetamodelGraphWalker - Visiting attribute path : department
13:44:26.575 [main] DEBUG org.hibernate.loader.plan.build.internal.spaces.QuerySpacesImpl - Adding QuerySpace : uid = <gen:1> -> org.hibernate.loader.plan.build.internal.spaces.EntityQuerySpaceImpl@a323a5b]
13:44:26.575 [main] DEBUG org.hibernate.persister.walking.spi.MetamodelGraphWalker - Visiting attribute path : name
13:44:26.575 [main] DEBUG org.hibernate.persister.walking.spi.MetamodelGraphWalker - Visiting attribute path : phone
13:44:26.575 [main] DEBUG org.hibernate.loader.plan.build.internal.FetchStyleLoadPlanBuildingAssociationVisitationStrategy - Building LoadPlan...
13:44:26.576 [main] DEBUG org.hibernate.loader.plan.exec.internal.LoadQueryJoinAndFetchProcessor - processing queryspace <gen:0>
13:44:26.576 [main] DEBUG org.hibernate.loader.plan.build.spi.LoadPlanTreePrinter - LoadPlan(entity=com.diana.model.Employee)
    - Returns
       - EntityReturnImpl(entity=com.diana.model.Employee, querySpaceUid=<gen:0>, path=com.diana.model.Employee)
          - EntityAttributeFetchImpl(entity=com.diana.model.Department, querySpaceUid=<gen:1>, path=com.diana.model.Employee.department)
    - QuerySpaces
       - EntityQuerySpaceImpl(uid=<gen:0>, entity=com.diana.model.Employee)
          - SQL table alias mapping - employee0_
          - alias suffix - 0_
          - suffixed key columns - {id1_2_0_}

13:44:26.576 [main] DEBUG org.hibernate.loader.entity.plan.EntityLoader - Static select for entity com.diana.model.Employee [READ]: select employee0_.id as id1_2_0_, employee0_.department_id as departme4_2_0_, employee0_.name as name2_2_0_, employee0_.phone as phone3_2_0_ from employees employee0_ where employee0_.id=?
13:44:26.577 [main] DEBUG org.hibernate.loader.Loader - Static select for action ACTION_MERGE on entity com.diana.model.Employee: select employee0_.id as id1_2_0_, employee0_.department_id as departme4_2_0_, employee0_.name as name2_2_0_, employee0_.phone as phone3_2_0_ from employees employee0_ where employee0_.id=?
13:44:26.577 [main] DEBUG org.hibernate.loader.Loader - Static select for action ACTION_REFRESH on entity com.diana.model.Employee: select employee0_.id as id1_2_0_, employee0_.department_id as departme4_2_0_, employee0_.name as name2_2_0_, employee0_.phone as phone3_2_0_ from employees employee0_ where employee0_.id=?
13:44:26.578 [main] DEBUG org.hibernate.persister.entity.AbstractEntityPersister - Static SQL for entity: com.diana.model.Department
13:44:26.578 [main] DEBUG org.hibernate.persister.entity.AbstractEntityPersister -  Version select: select id from departments where id =?
13:44:26.578 [main] DEBUG org.hibernate.persister.entity.AbstractEntityPersister -  Snapshot select: select department_.id, department_.name as name2_1_ from departments department_ where department_.id=?
13:44:26.578 [main] DEBUG org.hibernate.persister.entity.AbstractEntityPersister -  Insert 0: insert into departments (name, id) values (?, ?)
13:44:26.578 [main] DEBUG org.hibernate.persister.entity.AbstractEntityPersister -  Update 0: update departments set name=? where id=?
13:44:26.578 [main] DEBUG org.hibernate.persister.entity.AbstractEntityPersister -  Delete 0: delete from departments where id=?
13:44:26.578 [main] DEBUG org.hibernate.persister.entity.AbstractEntityPersister -  Identity insert: insert into departments (id, name) values (null, ?)
13:44:26.578 [main] DEBUG org.hibernate.loader.plan.build.internal.spaces.QuerySpacesImpl - Adding QuerySpace : uid = <gen:0> -> org.hibernate.loader.plan.build.internal.spaces.EntityQuerySpaceImpl@5546e754]
13:44:26.578 [main] DEBUG org.hibernate.persister.walking.spi.MetamodelGraphWalker - Visiting attribute path : employees
13:44:26.578 [main] DEBUG org.hibernate.loader.plan.build.internal.spaces.QuerySpacesImpl - Adding QuerySpace : uid = <gen:1> -> org.hibernate.loader.plan.build.internal.spaces.CollectionQuerySpaceImpl@7196a8f1]
13:44:26.578 [main] DEBUG org.hibernate.loader.plan.build.internal.spaces.QuerySpacesImpl - Adding QuerySpace : uid = <gen:2> -> org.hibernate.loader.plan.build.internal.spaces.EntityQuerySpaceImpl@6a6da47a]
13:44:26.578 [main] DEBUG org.hibernate.persister.walking.spi.MetamodelGraphWalker - Visiting attribute path : name
13:44:26.578 [main] DEBUG org.hibernate.loader.plan.build.internal.FetchStyleLoadPlanBuildingAssociationVisitationStrategy - Building LoadPlan...
13:44:26.579 [main] DEBUG org.hibernate.loader.plan.exec.internal.LoadQueryJoinAndFetchProcessor - processing queryspace <gen:0>
13:44:26.579 [main] DEBUG org.hibernate.loader.plan.build.spi.LoadPlanTreePrinter - LoadPlan(entity=com.diana.model.Department)
    - Returns
       - EntityReturnImpl(entity=com.diana.model.Department, querySpaceUid=<gen:0>, path=com.diana.model.Department)
          - CollectionAttributeFetchImpl(collection=com.diana.model.Department.employees, querySpaceUid=<gen:1>, path=com.diana.model.Department.employees)
             - (collection element) CollectionFetchableElementEntityGraph(entity=com.diana.model.Employee, querySpaceUid=<gen:2>, path=com.diana.model.Department.employees.<elements>)
    - QuerySpaces
       - EntityQuerySpaceImpl(uid=<gen:0>, entity=com.diana.model.Department)
          - SQL table alias mapping - department0_
          - alias suffix - 0_
          - suffixed key columns - {id1_1_0_}

13:44:26.579 [main] DEBUG org.hibernate.loader.entity.plan.EntityLoader - Static select for entity com.diana.model.Department [NONE]: select department0_.id as id1_1_0_, department0_.name as name2_1_0_ from departments department0_ where department0_.id=?
13:44:26.579 [main] DEBUG org.hibernate.loader.plan.build.internal.spaces.QuerySpacesImpl - Adding QuerySpace : uid = <gen:0> -> org.hibernate.loader.plan.build.internal.spaces.EntityQuerySpaceImpl@8f39224]
13:44:26.579 [main] DEBUG org.hibernate.persister.walking.spi.MetamodelGraphWalker - Visiting attribute path : employees
13:44:26.579 [main] DEBUG org.hibernate.loader.plan.build.internal.spaces.QuerySpacesImpl - Adding QuerySpace : uid = <gen:1> -> org.hibernate.loader.plan.build.internal.spaces.CollectionQuerySpaceImpl@43e3a390]
13:44:26.579 [main] DEBUG org.hibernate.loader.plan.build.internal.spaces.QuerySpacesImpl - Adding QuerySpace : uid = <gen:2> -> org.hibernate.loader.plan.build.internal.spaces.EntityQuerySpaceImpl@44aa91e2]
13:44:26.579 [main] DEBUG org.hibernate.persister.walking.spi.MetamodelGraphWalker - Visiting attribute path : name
13:44:26.579 [main] DEBUG org.hibernate.loader.plan.build.internal.FetchStyleLoadPlanBuildingAssociationVisitationStrategy - Building LoadPlan...
13:44:26.580 [main] DEBUG org.hibernate.loader.plan.exec.internal.LoadQueryJoinAndFetchProcessor - processing queryspace <gen:0>
13:44:26.580 [main] DEBUG org.hibernate.loader.plan.build.spi.LoadPlanTreePrinter - LoadPlan(entity=com.diana.model.Department)
    - Returns
       - EntityReturnImpl(entity=com.diana.model.Department, querySpaceUid=<gen:0>, path=com.diana.model.Department)
          - CollectionAttributeFetchImpl(collection=com.diana.model.Department.employees, querySpaceUid=<gen:1>, path=com.diana.model.Department.employees)
             - (collection element) CollectionFetchableElementEntityGraph(entity=com.diana.model.Employee, querySpaceUid=<gen:2>, path=com.diana.model.Department.employees.<elements>)
    - QuerySpaces
       - EntityQuerySpaceImpl(uid=<gen:0>, entity=com.diana.model.Department)
          - SQL table alias mapping - department0_
          - alias suffix - 0_
          - suffixed key columns - {id1_1_0_}

13:44:26.580 [main] DEBUG org.hibernate.loader.entity.plan.EntityLoader - Static select for entity com.diana.model.Department [READ]: select department0_.id as id1_1_0_, department0_.name as name2_1_0_ from departments department0_ where department0_.id=?
13:44:26.580 [main] DEBUG org.hibernate.loader.Loader - Static select for action ACTION_MERGE on entity com.diana.model.Department: select department0_.id as id1_1_1_, department0_.name as name2_1_1_, employees1_.department_id as departme4_2_3_, employees1_.id as id1_2_3_, employees1_.id as id1_2_0_, employees1_.department_id as departme4_2_0_, employees1_.name as name2_2_0_, employees1_.phone as phone3_2_0_ from departments department0_ left outer join employees employees1_ on department0_.id=employees1_.department_id where department0_.id=?
13:44:26.581 [main] DEBUG org.hibernate.loader.Loader - Static select for action ACTION_REFRESH on entity com.diana.model.Department: select department0_.id as id1_1_1_, department0_.name as name2_1_1_, employees1_.department_id as departme4_2_3_, employees1_.id as id1_2_3_, employees1_.id as id1_2_0_, employees1_.department_id as departme4_2_0_, employees1_.name as name2_2_0_, employees1_.phone as phone3_2_0_ from departments department0_ left outer join employees employees1_ on department0_.id=employees1_.department_id where department0_.id=?
13:44:26.581 [main] DEBUG org.hibernate.loader.plan.build.internal.spaces.QuerySpacesImpl - Adding QuerySpace : uid = <gen:0> -> org.hibernate.loader.plan.build.internal.spaces.CollectionQuerySpaceImpl@50dc49e1]
13:44:26.581 [main] DEBUG org.hibernate.loader.plan.build.internal.spaces.QuerySpacesImpl - Adding QuerySpace : uid = <gen:1> -> org.hibernate.loader.plan.build.internal.spaces.EntityQuerySpaceImpl@650a1aff]
13:44:26.581 [main] DEBUG org.hibernate.persister.walking.spi.MetamodelGraphWalker - Visiting attribute path : department
13:44:26.581 [main] DEBUG org.hibernate.persister.walking.spi.MetamodelGraphWalker - Property path deemed to be circular : department
13:44:26.581 [main] DEBUG org.hibernate.persister.walking.spi.MetamodelGraphWalker - Visiting attribute path : name
13:44:26.581 [main] DEBUG org.hibernate.persister.walking.spi.MetamodelGraphWalker - Visiting attribute path : phone
13:44:26.581 [main] DEBUG org.hibernate.loader.plan.build.internal.FetchStyleLoadPlanBuildingAssociationVisitationStrategy - Building LoadPlan...
13:44:26.581 [main] DEBUG org.hibernate.loader.plan.exec.internal.LoadQueryJoinAndFetchProcessor - processing queryspace <gen:0>
13:44:26.582 [main] DEBUG org.hibernate.loader.plan.build.spi.LoadPlanTreePrinter - LoadPlan(collection=com.diana.model.Department.employees)
    - Returns
       - CollectionReturnImpl(collection=com.diana.model.Department.employees, querySpaceUid=<gen:0>, path=[com.diana.model.Department.employees])
          - (collection element) CollectionFetchableElementEntityGraph(entity=com.diana.model.Employee, querySpaceUid=<gen:1>, path=[com.diana.model.Department.employees].<elements>)
    - QuerySpaces
       - CollectionQuerySpaceImpl(uid=<gen:0>, collection=com.diana.model.Department.employees)
          - SQL table alias mapping - employees0_
          - alias suffix - 0_
          - suffixed key columns - {departme4_2_0_}
          - entity-element alias suffix - 1_
          - 1_entity-element suffixed key columns - id1_2_1_
          - JOIN (JoinDefinedByMetadata(elements)) : <gen:0> -> <gen:1>
             - EntityQuerySpaceImpl(uid=<gen:1>, entity=com.diana.model.Employee)
                - SQL table alias mapping - employees0_
                - alias suffix - 1_
                - suffixed key columns - {id1_2_1_}

13:44:26.582 [main] DEBUG org.hibernate.loader.collection.plan.CollectionLoader - Static select for collection com.diana.model.Department.employees: select employees0_.department_id as departme4_2_0_, employees0_.id as id1_2_0_, employees0_.id as id1_2_1_, employees0_.department_id as departme4_2_1_, employees0_.name as name2_2_1_, employees0_.phone as phone3_2_1_ from employees employees0_ where employees0_.department_id=?
13:44:26.598 [main] DEBUG org.springframework.jdbc.datasource.DriverManagerDataSource - Creating new JDBC DriverManager Connection to [jdbc:h2:mem:testDB;DB_CLOSE_DELAY=-1]
13:44:26.678 [main] DEBUG org.hibernate.SQL - create table addresses (city varchar(255), street varchar(255), employee_id bigint not null, primary key (employee_id))
Hibernate: create table addresses (city varchar(255), street varchar(255), employee_id bigint not null, primary key (employee_id))
13:44:26.693 [main] DEBUG org.hibernate.SQL - create table departments (id bigint generated by default as identity, name varchar(255), primary key (id))
Hibernate: create table departments (id bigint generated by default as identity, name varchar(255), primary key (id))
13:44:26.712 [main] DEBUG org.hibernate.SQL - create table employees (id bigint generated by default as identity, name varchar(255), phone varchar(255), department_id bigint, primary key (id))
Hibernate: create table employees (id bigint generated by default as identity, name varchar(255), phone varchar(255), department_id bigint, primary key (id))
13:44:26.718 [main] DEBUG org.hibernate.SQL - alter table addresses add constraint FKn245yk1j248vwb8sxdcsu6eao foreign key (employee_id) references employees
Hibernate: alter table addresses add constraint FKn245yk1j248vwb8sxdcsu6eao foreign key (employee_id) references employees
13:44:26.726 [main] DEBUG org.hibernate.SQL - alter table employees add constraint FKgy4qe3dnqrm3ktd76sxp7n4c2 foreign key (department_id) references departments
Hibernate: alter table employees add constraint FKgy4qe3dnqrm3ktd76sxp7n4c2 foreign key (department_id) references departments
13:44:26.737 [main] DEBUG org.hibernate.engine.transaction.jta.platform.internal.JtaPlatformInitiator - No JtaPlatform was specified, checking resolver
13:44:26.737 [main] DEBUG org.hibernate.engine.transaction.jta.platform.internal.JtaPlatformResolverInitiator - No JtaPlatformResolver was specified, using default [org.hibernate.engine.transaction.jta.platform.internal.StandardJtaPlatformResolver]
13:44:26.743 [main] DEBUG org.hibernate.engine.transaction.jta.platform.internal.StandardJtaPlatformResolver - Could not resolve JtaPlatform, using default [org.hibernate.engine.transaction.jta.platform.internal.NoJtaPlatform]
13:44:26.743 [main] INFO org.hibernate.engine.transaction.jta.platform.internal.JtaPlatformInitiator - HHH000490: Using JtaPlatform implementation: [org.hibernate.engine.transaction.jta.platform.internal.NoJtaPlatform]
13:44:26.743 [main] DEBUG org.hibernate.query.spi.NamedQueryRepository - Checking 0 named HQL queries
13:44:26.743 [main] DEBUG org.hibernate.query.spi.NamedQueryRepository - Checking 0 named SQL queries
13:44:26.743 [main] DEBUG org.hibernate.internal.SessionFactoryRegistry - Registering SessionFactory: abde9111-828b-4f2e-9371-cd79b5e7a357 (<unnamed>)
13:44:26.743 [main] DEBUG org.hibernate.internal.SessionFactoryRegistry - Not binding SessionFactory to JNDI, no JNDI name configured
13:44:26.743 [main] INFO org.springframework.orm.jpa.LocalContainerEntityManagerFactoryBean - Initialized JPA EntityManagerFactory for persistence unit 'default'
13:44:26.749 [main] DEBUG org.springframework.beans.factory.support.DefaultListableBeanFactory - Creating shared instance of singleton bean 'testTransactionManager'
13:44:26.754 [main] DEBUG org.springframework.beans.factory.support.DefaultListableBeanFactory - Autowiring by type from bean name 'testTransactionManager' via factory method to bean named 'testEntityManagerFactory'
13:44:26.764 [main] DEBUG org.springframework.beans.factory.support.DefaultListableBeanFactory - Creating shared instance of singleton bean 'localValidatorFactoryBean'
13:44:26.775 [main] DEBUG org.hibernate.validator.internal.engine.resolver.TraversableResolvers - Found javax.persistence.Persistence on classpath containing 'getPersistenceUtil'. Assuming JPA 2 environment. Trying to instantiate JPA aware TraversableResolver
13:44:26.775 [main] DEBUG org.hibernate.validator.internal.engine.resolver.TraversableResolvers - Instantiated JPA aware TraversableResolver of type org.hibernate.validator.internal.engine.resolver.JPATraversableResolver.
13:44:26.776 [main] DEBUG org.hibernate.validator.messageinterpolation.ResourceBundleMessageInterpolator - Loaded expression factory via original TCCL
13:44:26.776 [main] DEBUG org.hibernate.validator.internal.engine.ConfigurationImpl - Setting custom MessageInterpolator of type org.springframework.validation.beanvalidation.LocaleContextMessageInterpolator
13:44:26.777 [main] DEBUG org.hibernate.validator.internal.engine.ConfigurationImpl - Setting custom ConstraintValidatorFactory of type org.springframework.validation.beanvalidation.SpringConstraintValidatorFactory
13:44:26.777 [main] DEBUG org.hibernate.validator.internal.engine.ConfigurationImpl - Setting custom ParameterNameProvider of type org.springframework.validation.beanvalidation.LocalValidatorFactoryBean$1
13:44:26.778 [main] DEBUG org.hibernate.validator.internal.xml.config.ValidationXmlParser - Trying to load META-INF/validation.xml for XML based Validator configuration.
13:44:26.779 [main] DEBUG org.hibernate.validator.internal.xml.config.ResourceLoaderHelper - Trying to load META-INF/validation.xml via user class loader
13:44:26.779 [main] DEBUG org.hibernate.validator.internal.xml.config.ResourceLoaderHelper - Trying to load META-INF/validation.xml via TCCL
13:44:26.779 [main] DEBUG org.hibernate.validator.internal.xml.config.ResourceLoaderHelper - Trying to load META-INF/validation.xml via Hibernate Validator's class loader
13:44:26.779 [main] DEBUG org.hibernate.validator.internal.xml.config.ValidationXmlParser - No META-INF/validation.xml found. Using annotation based configuration only.
13:44:26.784 [main] DEBUG org.hibernate.validator.internal.engine.ValidatorFactoryImpl - HV000234: Using org.springframework.validation.beanvalidation.LocaleContextMessageInterpolator as ValidatorFactory-scoped message interpolator.
13:44:26.785 [main] DEBUG org.hibernate.validator.internal.engine.ValidatorFactoryImpl - HV000234: Using org.hibernate.validator.internal.engine.resolver.JPATraversableResolver as ValidatorFactory-scoped traversable resolver.
13:44:26.785 [main] DEBUG org.hibernate.validator.internal.engine.ValidatorFactoryImpl - HV000234: Using org.hibernate.validator.internal.util.ExecutableParameterNameProvider as ValidatorFactory-scoped parameter name provider.
13:44:26.785 [main] DEBUG org.hibernate.validator.internal.engine.ValidatorFactoryImpl - HV000234: Using org.hibernate.validator.internal.engine.DefaultClockProvider as ValidatorFactory-scoped clock provider.
13:44:26.785 [main] DEBUG org.hibernate.validator.internal.engine.ValidatorFactoryImpl - HV000234: Using org.hibernate.validator.internal.engine.scripting.DefaultScriptEvaluatorFactory as ValidatorFactory-scoped script evaluator factory.
13:44:26.806 [main] DEBUG org.springframework.test.context.cache.DefaultCacheAwareContextLoaderDelegate - Storing ApplicationContext in cache under key [[MergedContextConfiguration@3427b02d testClass = IntTest, locations = '{}', classes = '{class com.diana.config.PersistenceConfig}', contextInitializerClasses = '[]', activeProfiles = '{test}', propertySourceLocations = '{}', propertySourceProperties = '{}', contextCustomizers = set[[empty]], contextLoader = 'org.springframework.test.context.support.DelegatingSmartContextLoader', parent = [null]]]
13:44:26.807 [main] DEBUG org.springframework.test.context.cache - Spring test ApplicationContext cache statistics: [DefaultContextCache@6aad919c size = 1, maxSize = 32, parentContextCount = 0, hitCount = 0, missCount = 1]
13:44:26.808 [main] DEBUG com.github.springtestdbunit.DbUnitTestExecutionListener - Preparing test instance class com.diana.integration.IntTest for DBUnit
13:44:26.810 [main] DEBUG org.springframework.test.context.cache.DefaultCacheAwareContextLoaderDelegate - Retrieved ApplicationContext from cache with key [[MergedContextConfiguration@3427b02d testClass = IntTest, locations = '{}', classes = '{class com.diana.config.PersistenceConfig}', contextInitializerClasses = '[]', activeProfiles = '{test}', propertySourceLocations = '{}', propertySourceProperties = '{}', contextCustomizers = set[[empty]], contextLoader = 'org.springframework.test.context.support.DelegatingSmartContextLoader', parent = [null]]]
13:44:26.810 [main] DEBUG org.springframework.test.context.cache - Spring test ApplicationContext cache statistics: [DefaultContextCache@6aad919c size = 1, maxSize = 32, parentContextCount = 0, hitCount = 1, missCount = 1]
13:44:26.810 [main] DEBUG org.springframework.test.context.cache.DefaultCacheAwareContextLoaderDelegate - Retrieved ApplicationContext from cache with key [[MergedContextConfiguration@3427b02d testClass = IntTest, locations = '{}', classes = '{class com.diana.config.PersistenceConfig}', contextInitializerClasses = '[]', activeProfiles = '{test}', propertySourceLocations = '{}', propertySourceProperties = '{}', contextCustomizers = set[[empty]], contextLoader = 'org.springframework.test.context.support.DelegatingSmartContextLoader', parent = [null]]]
13:44:26.810 [main] DEBUG org.springframework.test.context.cache - Spring test ApplicationContext cache statistics: [DefaultContextCache@6aad919c size = 1, maxSize = 32, parentContextCount = 0, hitCount = 2, missCount = 1]
13:44:26.812 [main] ERROR org.springframework.test.context.TestContextManager - Caught exception while allowing TestExecutionListener [com.github.springtestdbunit.DbUnitTestExecutionListener@7e0b85f9] to prepare test instance [com.diana.integration.IntTest@28eaa59a]
java.lang.IllegalStateException: Unable to find a DB Unit database connection, missing one the following beans: [dbUnitDatabaseConnection, dataSource]
	at com.github.springtestdbunit.DbUnitTestExecutionListener.getDatabaseConnectionUsingCommonBeanNames(DbUnitTestExecutionListener.java:140)
	at com.github.springtestdbunit.DbUnitTestExecutionListener.prepareTestInstance(DbUnitTestExecutionListener.java:112)
	at com.github.springtestdbunit.DbUnitTestExecutionListener.prepareTestInstance(DbUnitTestExecutionListener.java:87)
	at org.springframework.test.context.TestContextManager.prepareTestInstance(TestContextManager.java:246)
	at org.springframework.test.context.junit4.SpringJUnit4ClassRunner.createTest(SpringJUnit4ClassRunner.java:227)
	at org.springframework.test.context.junit4.SpringJUnit4ClassRunner$1.runReflectiveCall(SpringJUnit4ClassRunner.java:289)
	at org.junit.internal.runners.model.ReflectiveCallable.run(ReflectiveCallable.java:12)
	at org.springframework.test.context.junit4.SpringJUnit4ClassRunner.methodBlock(SpringJUnit4ClassRunner.java:291)
	at org.springframework.test.context.junit4.SpringJUnit4ClassRunner.runChild(SpringJUnit4ClassRunner.java:246)
	at org.springframework.test.context.junit4.SpringJUnit4ClassRunner.runChild(SpringJUnit4ClassRunner.java:97)
	at org.junit.runners.ParentRunner$3.run(ParentRunner.java:290)
	at org.junit.runners.ParentRunner$1.schedule(ParentRunner.java:71)
	at org.junit.runners.ParentRunner.runChildren(ParentRunner.java:288)
	at org.junit.runners.ParentRunner.access$000(ParentRunner.java:58)
	at org.junit.runners.ParentRunner$2.evaluate(ParentRunner.java:268)
	at org.springframework.test.context.junit4.statements.RunBeforeTestClassCallbacks.evaluate(RunBeforeTestClassCallbacks.java:61)
	at org.springframework.test.context.junit4.statements.RunAfterTestClassCallbacks.evaluate(RunAfterTestClassCallbacks.java:70)
	at org.junit.runners.ParentRunner.run(ParentRunner.java:363)
	at org.springframework.test.context.junit4.SpringJUnit4ClassRunner.run(SpringJUnit4ClassRunner.java:190)
	at org.apache.maven.surefire.junit4.JUnit4Provider.execute(JUnit4Provider.java:365)
	at org.apache.maven.surefire.junit4.JUnit4Provider.executeWithRerun(JUnit4Provider.java:273)
	at org.apache.maven.surefire.junit4.JUnit4Provider.executeTestSet(JUnit4Provider.java:238)
	at org.apache.maven.surefire.junit4.JUnit4Provider.invoke(JUnit4Provider.java:159)
	at org.apache.maven.surefire.booter.ForkedBooter.invokeProviderInSameClassLoader(ForkedBooter.java:384)
	at org.apache.maven.surefire.booter.ForkedBooter.runSuitesInProcess(ForkedBooter.java:345)
	at org.apache.maven.surefire.booter.ForkedBooter.execute(ForkedBooter.java:126)
	at org.apache.maven.surefire.booter.ForkedBooter.main(ForkedBooter.java:418)
]]></system-out>
  </testcase>
  <testcase name="test_goToNewEmp_thenCreateEmp_thenGoBack" classname="com.diana.integration.IntTest" time="0">
    <error message="Unable to find a DB Unit database connection, missing one the following beans: [dbUnitDatabaseConnection, dataSource]" type="java.lang.IllegalStateException">java.lang.IllegalStateException: Unable to find a DB Unit database connection, missing one the following beans: [dbUnitDatabaseConnection, dataSource]
</error>
    <system-out><![CDATA[13:44:26.821 [main] DEBUG org.springframework.test.annotation.ProfileValueUtils - Retrieved @ProfileValueSourceConfiguration [null] for test class [com.diana.integration.IntTest]
13:44:26.821 [main] DEBUG org.springframework.test.annotation.ProfileValueUtils - Retrieved ProfileValueSource type [class org.springframework.test.annotation.SystemProfileValueSource] for class [com.diana.integration.IntTest]
13:44:26.821 [main] DEBUG org.springframework.test.context.support.DependencyInjectionTestExecutionListener - Performing dependency injection for test context [[DefaultTestContext@7ed7259e testClass = IntTest, testInstance = com.diana.integration.IntTest@2964511, testMethod = [null], testException = [null], mergedContextConfiguration = [MergedContextConfiguration@3427b02d testClass = IntTest, locations = '{}', classes = '{class com.diana.config.PersistenceConfig}', contextInitializerClasses = '[]', activeProfiles = '{test}', propertySourceLocations = '{}', propertySourceProperties = '{}', contextCustomizers = set[[empty]], contextLoader = 'org.springframework.test.context.support.DelegatingSmartContextLoader', parent = [null]], attributes = map[[empty]]]].
13:44:26.821 [main] DEBUG org.springframework.test.context.cache.DefaultCacheAwareContextLoaderDelegate - Retrieved ApplicationContext from cache with key [[MergedContextConfiguration@3427b02d testClass = IntTest, locations = '{}', classes = '{class com.diana.config.PersistenceConfig}', contextInitializerClasses = '[]', activeProfiles = '{test}', propertySourceLocations = '{}', propertySourceProperties = '{}', contextCustomizers = set[[empty]], contextLoader = 'org.springframework.test.context.support.DelegatingSmartContextLoader', parent = [null]]]
13:44:26.821 [main] DEBUG org.springframework.test.context.cache - Spring test ApplicationContext cache statistics: [DefaultContextCache@6aad919c size = 1, maxSize = 32, parentContextCount = 0, hitCount = 3, missCount = 1]
13:44:26.822 [main] DEBUG com.github.springtestdbunit.DbUnitTestExecutionListener - Preparing test instance class com.diana.integration.IntTest for DBUnit
13:44:26.822 [main] DEBUG org.springframework.test.context.cache.DefaultCacheAwareContextLoaderDelegate - Retrieved ApplicationContext from cache with key [[MergedContextConfiguration@3427b02d testClass = IntTest, locations = '{}', classes = '{class com.diana.config.PersistenceConfig}', contextInitializerClasses = '[]', activeProfiles = '{test}', propertySourceLocations = '{}', propertySourceProperties = '{}', contextCustomizers = set[[empty]], contextLoader = 'org.springframework.test.context.support.DelegatingSmartContextLoader', parent = [null]]]
13:44:26.822 [main] DEBUG org.springframework.test.context.cache - Spring test ApplicationContext cache statistics: [DefaultContextCache@6aad919c size = 1, maxSize = 32, parentContextCount = 0, hitCount = 4, missCount = 1]
13:44:26.822 [main] DEBUG org.springframework.test.context.cache.DefaultCacheAwareContextLoaderDelegate - Retrieved ApplicationContext from cache with key [[MergedContextConfiguration@3427b02d testClass = IntTest, locations = '{}', classes = '{class com.diana.config.PersistenceConfig}', contextInitializerClasses = '[]', activeProfiles = '{test}', propertySourceLocations = '{}', propertySourceProperties = '{}', contextCustomizers = set[[empty]], contextLoader = 'org.springframework.test.context.support.DelegatingSmartContextLoader', parent = [null]]]
13:44:26.822 [main] DEBUG org.springframework.test.context.cache - Spring test ApplicationContext cache statistics: [DefaultContextCache@6aad919c size = 1, maxSize = 32, parentContextCount = 0, hitCount = 5, missCount = 1]
13:44:26.822 [main] ERROR org.springframework.test.context.TestContextManager - Caught exception while allowing TestExecutionListener [com.github.springtestdbunit.DbUnitTestExecutionListener@7e0b85f9] to prepare test instance [com.diana.integration.IntTest@2964511]
java.lang.IllegalStateException: Unable to find a DB Unit database connection, missing one the following beans: [dbUnitDatabaseConnection, dataSource]
	at com.github.springtestdbunit.DbUnitTestExecutionListener.getDatabaseConnectionUsingCommonBeanNames(DbUnitTestExecutionListener.java:140)
	at com.github.springtestdbunit.DbUnitTestExecutionListener.prepareTestInstance(DbUnitTestExecutionListener.java:112)
	at com.github.springtestdbunit.DbUnitTestExecutionListener.prepareTestInstance(DbUnitTestExecutionListener.java:87)
	at org.springframework.test.context.TestContextManager.prepareTestInstance(TestContextManager.java:246)
	at org.springframework.test.context.junit4.SpringJUnit4ClassRunner.createTest(SpringJUnit4ClassRunner.java:227)
	at org.springframework.test.context.junit4.SpringJUnit4ClassRunner$1.runReflectiveCall(SpringJUnit4ClassRunner.java:289)
	at org.junit.internal.runners.model.ReflectiveCallable.run(ReflectiveCallable.java:12)
	at org.springframework.test.context.junit4.SpringJUnit4ClassRunner.methodBlock(SpringJUnit4ClassRunner.java:291)
	at org.springframework.test.context.junit4.SpringJUnit4ClassRunner.runChild(SpringJUnit4ClassRunner.java:246)
	at org.springframework.test.context.junit4.SpringJUnit4ClassRunner.runChild(SpringJUnit4ClassRunner.java:97)
	at org.junit.runners.ParentRunner$3.run(ParentRunner.java:290)
	at org.junit.runners.ParentRunner$1.schedule(ParentRunner.java:71)
	at org.junit.runners.ParentRunner.runChildren(ParentRunner.java:288)
	at org.junit.runners.ParentRunner.access$000(ParentRunner.java:58)
	at org.junit.runners.ParentRunner$2.evaluate(ParentRunner.java:268)
	at org.springframework.test.context.junit4.statements.RunBeforeTestClassCallbacks.evaluate(RunBeforeTestClassCallbacks.java:61)
	at org.springframework.test.context.junit4.statements.RunAfterTestClassCallbacks.evaluate(RunAfterTestClassCallbacks.java:70)
	at org.junit.runners.ParentRunner.run(ParentRunner.java:363)
	at org.springframework.test.context.junit4.SpringJUnit4ClassRunner.run(SpringJUnit4ClassRunner.java:190)
	at org.apache.maven.surefire.junit4.JUnit4Provider.execute(JUnit4Provider.java:365)
	at org.apache.maven.surefire.junit4.JUnit4Provider.executeWithRerun(JUnit4Provider.java:273)
	at org.apache.maven.surefire.junit4.JUnit4Provider.executeTestSet(JUnit4Provider.java:238)
	at org.apache.maven.surefire.junit4.JUnit4Provider.invoke(JUnit4Provider.java:159)
	at org.apache.maven.surefire.booter.ForkedBooter.invokeProviderInSameClassLoader(ForkedBooter.java:384)
	at org.apache.maven.surefire.booter.ForkedBooter.runSuitesInProcess(ForkedBooter.java:345)
	at org.apache.maven.surefire.booter.ForkedBooter.execute(ForkedBooter.java:126)
	at org.apache.maven.surefire.booter.ForkedBooter.main(ForkedBooter.java:418)
]]></system-out>
  </testcase>
  <testcase name="testEmployeeRender" classname="com.diana.integration.IntTest" time="0">
    <error message="Unable to find a DB Unit database connection, missing one the following beans: [dbUnitDatabaseConnection, dataSource]" type="java.lang.IllegalStateException">java.lang.IllegalStateException: Unable to find a DB Unit database connection, missing one the following beans: [dbUnitDatabaseConnection, dataSource]
</error>
    <system-out><![CDATA[13:44:26.823 [main] DEBUG org.springframework.test.annotation.ProfileValueUtils - Retrieved @ProfileValueSourceConfiguration [null] for test class [com.diana.integration.IntTest]
13:44:26.823 [main] DEBUG org.springframework.test.annotation.ProfileValueUtils - Retrieved ProfileValueSource type [class org.springframework.test.annotation.SystemProfileValueSource] for class [com.diana.integration.IntTest]
13:44:26.823 [main] DEBUG org.springframework.test.context.support.DependencyInjectionTestExecutionListener - Performing dependency injection for test context [[DefaultTestContext@7ed7259e testClass = IntTest, testInstance = com.diana.integration.IntTest@6e9a10cd, testMethod = [null], testException = [null], mergedContextConfiguration = [MergedContextConfiguration@3427b02d testClass = IntTest, locations = '{}', classes = '{class com.diana.config.PersistenceConfig}', contextInitializerClasses = '[]', activeProfiles = '{test}', propertySourceLocations = '{}', propertySourceProperties = '{}', contextCustomizers = set[[empty]], contextLoader = 'org.springframework.test.context.support.DelegatingSmartContextLoader', parent = [null]], attributes = map[[empty]]]].
13:44:26.823 [main] DEBUG org.springframework.test.context.cache.DefaultCacheAwareContextLoaderDelegate - Retrieved ApplicationContext from cache with key [[MergedContextConfiguration@3427b02d testClass = IntTest, locations = '{}', classes = '{class com.diana.config.PersistenceConfig}', contextInitializerClasses = '[]', activeProfiles = '{test}', propertySourceLocations = '{}', propertySourceProperties = '{}', contextCustomizers = set[[empty]], contextLoader = 'org.springframework.test.context.support.DelegatingSmartContextLoader', parent = [null]]]
13:44:26.823 [main] DEBUG org.springframework.test.context.cache - Spring test ApplicationContext cache statistics: [DefaultContextCache@6aad919c size = 1, maxSize = 32, parentContextCount = 0, hitCount = 6, missCount = 1]
13:44:26.823 [main] DEBUG com.github.springtestdbunit.DbUnitTestExecutionListener - Preparing test instance class com.diana.integration.IntTest for DBUnit
13:44:26.824 [main] DEBUG org.springframework.test.context.cache.DefaultCacheAwareContextLoaderDelegate - Retrieved ApplicationContext from cache with key [[MergedContextConfiguration@3427b02d testClass = IntTest, locations = '{}', classes = '{class com.diana.config.PersistenceConfig}', contextInitializerClasses = '[]', activeProfiles = '{test}', propertySourceLocations = '{}', propertySourceProperties = '{}', contextCustomizers = set[[empty]], contextLoader = 'org.springframework.test.context.support.DelegatingSmartContextLoader', parent = [null]]]
13:44:26.824 [main] DEBUG org.springframework.test.context.cache - Spring test ApplicationContext cache statistics: [DefaultContextCache@6aad919c size = 1, maxSize = 32, parentContextCount = 0, hitCount = 7, missCount = 1]
13:44:26.824 [main] DEBUG org.springframework.test.context.cache.DefaultCacheAwareContextLoaderDelegate - Retrieved ApplicationContext from cache with key [[MergedContextConfiguration@3427b02d testClass = IntTest, locations = '{}', classes = '{class com.diana.config.PersistenceConfig}', contextInitializerClasses = '[]', activeProfiles = '{test}', propertySourceLocations = '{}', propertySourceProperties = '{}', contextCustomizers = set[[empty]], contextLoader = 'org.springframework.test.context.support.DelegatingSmartContextLoader', parent = [null]]]
13:44:26.824 [main] DEBUG org.springframework.test.context.cache - Spring test ApplicationContext cache statistics: [DefaultContextCache@6aad919c size = 1, maxSize = 32, parentContextCount = 0, hitCount = 8, missCount = 1]
13:44:26.824 [main] ERROR org.springframework.test.context.TestContextManager - Caught exception while allowing TestExecutionListener [com.github.springtestdbunit.DbUnitTestExecutionListener@7e0b85f9] to prepare test instance [com.diana.integration.IntTest@6e9a10cd]
java.lang.IllegalStateException: Unable to find a DB Unit database connection, missing one the following beans: [dbUnitDatabaseConnection, dataSource]
	at com.github.springtestdbunit.DbUnitTestExecutionListener.getDatabaseConnectionUsingCommonBeanNames(DbUnitTestExecutionListener.java:140)
	at com.github.springtestdbunit.DbUnitTestExecutionListener.prepareTestInstance(DbUnitTestExecutionListener.java:112)
	at com.github.springtestdbunit.DbUnitTestExecutionListener.prepareTestInstance(DbUnitTestExecutionListener.java:87)
	at org.springframework.test.context.TestContextManager.prepareTestInstance(TestContextManager.java:246)
	at org.springframework.test.context.junit4.SpringJUnit4ClassRunner.createTest(SpringJUnit4ClassRunner.java:227)
	at org.springframework.test.context.junit4.SpringJUnit4ClassRunner$1.runReflectiveCall(SpringJUnit4ClassRunner.java:289)
	at org.junit.internal.runners.model.ReflectiveCallable.run(ReflectiveCallable.java:12)
	at org.springframework.test.context.junit4.SpringJUnit4ClassRunner.methodBlock(SpringJUnit4ClassRunner.java:291)
	at org.springframework.test.context.junit4.SpringJUnit4ClassRunner.runChild(SpringJUnit4ClassRunner.java:246)
	at org.springframework.test.context.junit4.SpringJUnit4ClassRunner.runChild(SpringJUnit4ClassRunner.java:97)
	at org.junit.runners.ParentRunner$3.run(ParentRunner.java:290)
	at org.junit.runners.ParentRunner$1.schedule(ParentRunner.java:71)
	at org.junit.runners.ParentRunner.runChildren(ParentRunner.java:288)
	at org.junit.runners.ParentRunner.access$000(ParentRunner.java:58)
	at org.junit.runners.ParentRunner$2.evaluate(ParentRunner.java:268)
	at org.springframework.test.context.junit4.statements.RunBeforeTestClassCallbacks.evaluate(RunBeforeTestClassCallbacks.java:61)
	at org.springframework.test.context.junit4.statements.RunAfterTestClassCallbacks.evaluate(RunAfterTestClassCallbacks.java:70)
	at org.junit.runners.ParentRunner.run(ParentRunner.java:363)
	at org.springframework.test.context.junit4.SpringJUnit4ClassRunner.run(SpringJUnit4ClassRunner.java:190)
	at org.apache.maven.surefire.junit4.JUnit4Provider.execute(JUnit4Provider.java:365)
	at org.apache.maven.surefire.junit4.JUnit4Provider.executeWithRerun(JUnit4Provider.java:273)
	at org.apache.maven.surefire.junit4.JUnit4Provider.executeTestSet(JUnit4Provider.java:238)
	at org.apache.maven.surefire.junit4.JUnit4Provider.invoke(JUnit4Provider.java:159)
	at org.apache.maven.surefire.booter.ForkedBooter.invokeProviderInSameClassLoader(ForkedBooter.java:384)
	at org.apache.maven.surefire.booter.ForkedBooter.runSuitesInProcess(ForkedBooter.java:345)
	at org.apache.maven.surefire.booter.ForkedBooter.execute(ForkedBooter.java:126)
	at org.apache.maven.surefire.booter.ForkedBooter.main(ForkedBooter.java:418)
]]></system-out>
  </testcase>
</testsuite>